#
# A fatal error has been detected by the Java Runtime Environment:
#
#  EXCEPTION_ACCESS_VIOLATION (0xc0000005) at pc=0x00007ffc94633a25, pid=528, tid=23264
#
# JRE version: Java(TM) SE Runtime Environment (16.0.2+7) (build 16.0.2+7-67)
# Java VM: Java HotSpot(TM) 64-Bit Server VM (16.0.2+7-67, mixed mode, sharing, tiered, compressed oops, compressed class ptrs, g1 gc, windows-amd64)
# Problematic frame:
# C  [OpenAL.dll+0x13a25]
#
# No core dump will be written. Minidumps are not enabled by default on client versions of Windows
#
# If you would like to submit a bug report, please visit:
#   https://bugreport.java.com/bugreport/crash.jsp
# The crash happened outside the Java Virtual Machine in native code.
# See problematic frame for where to report the bug.
#

---------------  S U M M A R Y ------------

Command Line: -javaagent:C:\Program Files\JetBrains\IntelliJ IDEA Community Edition 2021.2\lib\idea_rt.jar=55857:C:\Program Files\JetBrains\IntelliJ IDEA Community Edition 2021.2\bin -Dfile.encoding=UTF-8 com.salami.dragon.sandbox.Sandbox

Host: AMD Ryzen 7 3700X 8-Core Processor             , 16 cores, 31G,  Windows 10 , 64 bit Build 19041 (10.0.19041.1151)
Time: Mon Sep  6 14:07:00 2021 Cen. Australia Standard Time elapsed time: 2.888304 seconds (0d 0h 0m 2s)

---------------  T H R E A D  ---------------

Current thread (0x000002673000bd00):  JavaThread "main" [_thread_in_native, id=23264, stack(0x000000833fa00000,0x000000833fb00000)]

Stack: [0x000000833fa00000,0x000000833fb00000],  sp=0x000000833faff1f0,  free space=1020k
Native frames: (J=compiled Java code, j=interpreted, Vv=VM code, C=native code)
C  [OpenAL.dll+0x13a25]

Java frames: (J=compiled Java code, j=interpreted, Vv=VM code)
j  org.lwjgl.system.JNI.invokePZ(JJ)Z+0
j  org.lwjgl.openal.ALC10.alcCloseDevice(J)Z+20
j  com.salami.dragon.engine.audio.Audio.cleanup()V+124
j  com.salami.dragon.engine.Application.stop()V+12
j  com.salami.dragon.engine.Application.tick()V+207
j  com.salami.dragon.engine.Application.start()V+15
j  com.salami.dragon.engine.Application.<init>(Lcom/salami/dragon/engine/IApplication;)V+83
j  com.salami.dragon.engine.Application.registerApp(Lcom/salami/dragon/engine/IApplication;)V+13
j  com.salami.dragon.sandbox.Sandbox.main([Ljava/lang/String;)V+17
v  ~StubRoutines::call_stub

siginfo: EXCEPTION_ACCESS_VIOLATION (0xc0000005), reading address 0x0000000000008b40


Register to memory mapping:

RIP=0x00007ffc94633a25 OpenAL.dll
RAX=0x0 is NULL
RBX=0x0000026766c6dcb0 points into unknown readable memory: 0x0000000100000000 | 00 00 00 00 01 00 00 00
RCX=0x0 is NULL
RDX=0x000000833faff2b8 is pointing into the stack for thread: 0x000002673000bd00
RSP=0x000000833faff1f0 is pointing into the stack for thread: 0x000002673000bd00
RBP=0x000000833faff2a8 is pointing into the stack for thread: 0x000002673000bd00
RSI=0x0000000000000148 is an unknown value
RDI=0x0000000000000651 is an unknown value
R8 =0x0000026766c6dcb0 points into unknown readable memory: 0x0000000100000000 | 00 00 00 00 01 00 00 00
R9 =0x00007ffc94633a00 OpenAL.dll
R10=0x000002673779dcf3 is at code_begin+979 in an Interpreter codelet
method entry point (kind = native)  [0x000002673779d920, 0x000002673779e300]  2528 bytes
R11=0x0000000600fbf4f8 is an oop: java.lang.Class 
{0x0000000600fbf4f8} - klass: 'java/lang/Class'
R12=0x0 is NULL
R13={method} {0x000002675d8be9f0} 'invokePZ' '(JJ)Z' in 'org/lwjgl/system/JNI'
R14=0x000000833faff2e0 is pointing into the stack for thread: 0x000002673000bd00
R15=0x000002673000bd00 is a thread


Registers:
RAX=0x0000000000000000, RBX=0x0000026766c6dcb0, RCX=0x0000000000000000, RDX=0x000000833faff2b8
RSP=0x000000833faff1f0, RBP=0x000000833faff2a8, RSI=0x0000000000000148, RDI=0x0000000000000651
R8 =0x0000026766c6dcb0, R9 =0x00007ffc94633a00, R10=0x000002673779dcf3, R11=0x0000000600fbf4f8
R12=0x0000000000000000, R13=0x000002675d8be9e8, R14=0x000000833faff2e0, R15=0x000002673000bd00
RIP=0x00007ffc94633a25, EFLAGS=0x0000000000010287

Top of Stack: (sp=0x000000833faff1f0)
0x000000833faff1f0:   000002675d8bb3e0 0000000000000148
0x000000833faff200:   0000000000000000 0000000000000000
0x000000833faff210:   000002675d8be9e8 000002673779dd22
0x000000833faff220:   0000000000000000 000002673000bd00
0x000000833faff230:   00000267662471e8 00000000000000b8
0x000000833faff240:   000000833faff350 00007ffc5d4e9338
0x000000833faff250:   000002675d81f8c0 0000000000000000
0x000000833faff260:   000000833faff260 0000000000000000
0x000000833faff270:   000000833faff2e0 000002675d8e4bc0
0x000000833faff280:   0000000000000000 0000000600fbf4f8
0x000000833faff290:   000002675d8be9e8 0000000000000000
0x000000833faff2a0:   000000833faff2c8 000000833faff330
0x000000833faff2b0:   0000026737799626 0000000600fbf4f8
0x000000833faff2c0:   000002673779b2c0 00007ffc94633a00
0x000000833faff2d0:   0000000000000000 0000026766c6dcb0
0x000000833faff2e0:   0000000000000000 000000833faff2e8 

Instructions: (pc=0x00007ffc94633a25)
0x00007ffc94633925:   eb b7 03 00 85 c0 75 10 c7 43 28 f4 ff 00 00 c7
0x00007ffc94633935:   43 2c f6 ff 00 00 eb 4d 48 8b 4c 24 68 48 8d 15
0x00007ffc94633945:   47 95 06 00 e8 c6 b7 03 00 85 c0 75 10 c7 43 28
0x00007ffc94633955:   f4 ff 00 00 c7 43 2c f7 ff 00 00 eb 28 83 3d 97
0x00007ffc94633965:   86 0e 00 01 7c 1f 4c 8b 4c 24 68 4c 8d 05 21 95
0x00007ffc94633975:   06 00 48 8d 15 ba 5d 06 00 48 8d 0d 67 ce 05 00
0x00007ffc94633985:   e8 06 04 02 00 48 8b 05 a7 92 0e 00 48 89 83 40
0x00007ffc94633995:   8b 00 00 48 8b c8 f0 48 0f b1 1d 94 92 0e 00 48
0x00007ffc946339a5:   3b c8 75 e8 83 3d 50 86 0e 00 03 7c 2f 48 8b 43
0x00007ffc946339b5:   38 48 85 c0 74 04 48 8d 78 10 4c 8b cb 48 89 7c
0x00007ffc946339c5:   24 20 4c 8d 05 ea 94 06 00 48 8d 15 63 5d 06 00
0x00007ffc946339d5:   48 8d 0d d8 ce 05 00 e8 af 03 02 00 48 8b c3 48
0x00007ffc946339e5:   8b 6c 24 70 48 8b 5c 24 60 4c 8b 7c 24 30 48 83
0x00007ffc946339f5:   c4 50 5f c3 cc cc cc cc cc cc cc 40 53 48 83 ec
0x00007ffc94633a05:   20 48 8b d9 48 8d 0d b0 92 0e 00 ff 15 6a c6 05
0x00007ffc94633a15:   00 48 8b 0d 1b 92 0e 00 0f 1f 00 48 3b cb 74 2b
0x00007ffc94633a25:   48 8b 89 40 8b 00 00 48 85 c9 75 ef ba 01 a0 00
0x00007ffc94633a35:   00 e8 35 60 00 00 48 8d 0d 7e 92 0e 00 ff 15 40
0x00007ffc94633a45:   c6 05 00 32 c0 48 83 c4 20 5b c3 48 85 c9 74 dc
0x00007ffc94633a55:   83 79 08 01 74 d6 48 89 6c 24 30 48 8d ab 10 8b
0x00007ffc94633a65:   00 00 48 89 7c 24 40 48 85 ed 74 09 48 8b cd ff
0x00007ffc94633a75:   15 06 c6 05 00 4c 8b 83 40 8b 00 00 48 8b c3 f0
0x00007ffc94633a85:   4c 0f b1 05 ab 91 0e 00 48 8b d0 48 3b d8 74 1f
0x00007ffc94633a95:   66 66 66 0f 1f 84 00 00 00 00 00 48 8b c3 f0 4c
0x00007ffc94633aa5:   0f b1 82 40 8b 00 00 48 8b d0 48 3b d8 75 ec 48
0x00007ffc94633ab5:   8d 0d 05 92 0e 00 ff 15 c7 c5 05 00 48 8b bb 08
0x00007ffc94633ac5:   8b 00 00 48 85 ff 74 58 48 89 74 24 38 0f 1f 40
0x00007ffc94633ad5:   00 66 66 0f 1f 84 00 00 00 00 00 48 8b b7 88 01
0x00007ffc94633ae5:   00 00 83 3d 12 85 0e 00 02 7c 1d 4c 8b cf 4c 8d
0x00007ffc94633af5:   05 de 93 06 00 48 8d 15 47 5c 06 00 48 8d 0d 08
0x00007ffc94633b05:   ce 05 00 e8 83 02 02 00 48 8b d3 48 8b cf e8 18
0x00007ffc94633b15:   3e 00 00 48 8b fe 48 85 f6 75 c0 48 8b 74 24 38 


Stack slot to memory mapping:
stack at sp + 0 slots: {method} {0x000002675d8bb3e8} 'invokePV' '(JJ)V' in 'org/lwjgl/system/JNI'
stack at sp + 1 slots: 0x0000000000000148 is an unknown value
stack at sp + 2 slots: 0x0 is NULL
stack at sp + 3 slots: 0x0 is NULL
stack at sp + 4 slots: {method} {0x000002675d8be9f0} 'invokePZ' '(JJ)Z' in 'org/lwjgl/system/JNI'
stack at sp + 5 slots: 0x000002673779dd22 is at code_begin+1026 in an Interpreter codelet
method entry point (kind = native)  [0x000002673779d920, 0x000002673779e300]  2528 bytes
stack at sp + 6 slots: 0x0 is NULL
stack at sp + 7 slots: 0x000002673000bd00 is a thread


---------------  P R O C E S S  ---------------

Threads class SMR info:
_java_thread_list=0x0000026766c96020, length=16, elements={
0x000002673000bd00, 0x000002675d0678a0, 0x000002675d069680, 0x000002675d073cb0,
0x000002675d0766d0, 0x000002675d076fe0, 0x000002675d0778f0, 0x000002675d078530,
0x000002675d07e440, 0x000002675dc12480, 0x000002675d047090, 0x000002675dd0f860,
0x000002675dd14df0, 0x000002675de32f00, 0x000002675de33420, 0x000002676549ffc0
}

Java Threads: ( => current thread )
=>0x000002673000bd00 JavaThread "main" [_thread_in_native, id=23264, stack(0x000000833fa00000,0x000000833fb00000)]
  0x000002675d0678a0 JavaThread "Reference Handler" daemon [_thread_blocked, id=21108, stack(0x0000008340100000,0x0000008340200000)]
  0x000002675d069680 JavaThread "Finalizer" daemon [_thread_blocked, id=25476, stack(0x0000008340200000,0x0000008340300000)]
  0x000002675d073cb0 JavaThread "Signal Dispatcher" daemon [_thread_blocked, id=6396, stack(0x0000008340300000,0x0000008340400000)]
  0x000002675d0766d0 JavaThread "Attach Listener" daemon [_thread_blocked, id=22116, stack(0x0000008340400000,0x0000008340500000)]
  0x000002675d076fe0 JavaThread "Service Thread" daemon [_thread_blocked, id=8780, stack(0x0000008340500000,0x0000008340600000)]
  0x000002675d0778f0 JavaThread "Monitor Deflation Thread" daemon [_thread_blocked, id=13588, stack(0x0000008340600000,0x0000008340700000)]
  0x000002675d078530 JavaThread "C2 CompilerThread0" daemon [_thread_blocked, id=24412, stack(0x0000008340700000,0x0000008340800000)]
  0x000002675d07e440 JavaThread "C1 CompilerThread0" daemon [_thread_blocked, id=3524, stack(0x0000008340800000,0x0000008340900000)]
  0x000002675dc12480 JavaThread "Sweeper thread" daemon [_thread_blocked, id=7424, stack(0x0000008340900000,0x0000008340a00000)]
  0x000002675d047090 JavaThread "Common-Cleaner" daemon [_thread_blocked, id=20500, stack(0x0000008340a00000,0x0000008340b00000)]
  0x000002675dd0f860 JavaThread "C1 CompilerThread1" daemon [_thread_blocked, id=8392, stack(0x0000008340b00000,0x0000008340c00000)]
  0x000002675dd14df0 JavaThread "C1 CompilerThread2" daemon [_thread_blocked, id=9508, stack(0x0000008340c00000,0x0000008340d00000)]
  0x000002675de32f00 JavaThread "Monitor Ctrl-Break" daemon [_thread_in_native, id=6060, stack(0x0000008340e00000,0x0000008340f00000)]
  0x000002675de33420 JavaThread "Notification Thread" daemon [_thread_blocked, id=12936, stack(0x0000008340f00000,0x0000008341000000)]
  0x000002676549ffc0 JavaThread "C1 CompilerThread3" daemon [_thread_blocked, id=12388, stack(0x0000008342200000,0x0000008342300000)]

Other Threads:
  0x000002675d060930 VMThread "VM Thread" [stack: 0x0000008340000000,0x0000008340100000] [id=25560]
  0x000002675de2e5c0 WatcherThread [stack: 0x0000008341000000,0x0000008341100000] [id=24408]
  0x0000026730083740 GCTaskThread "GC Thread#0" [stack: 0x000000833fb00000,0x000000833fc00000] [id=19840]
  0x000002676513a2a0 GCTaskThread "GC Thread#1" [stack: 0x0000008341700000,0x0000008341800000] [id=22200]
  0x0000026765139350 GCTaskThread "GC Thread#2" [stack: 0x0000008341800000,0x0000008341900000] [id=16716]
  0x0000026765139c80 GCTaskThread "GC Thread#3" [stack: 0x0000008341900000,0x0000008341a00000] [id=10244]
  0x0000026765139f90 GCTaskThread "GC Thread#4" [stack: 0x0000008341a00000,0x0000008341b00000] [id=13472]
  0x0000026765139970 GCTaskThread "GC Thread#5" [stack: 0x0000008341b00000,0x0000008341c00000] [id=12212]
  0x000002676513a5b0 GCTaskThread "GC Thread#6" [stack: 0x0000008341c00000,0x0000008341d00000] [id=16452]
  0x0000026765138d30 GCTaskThread "GC Thread#7" [stack: 0x0000008341d00000,0x0000008341e00000] [id=12204]
  0x0000026765138a20 GCTaskThread "GC Thread#8" [stack: 0x0000008341e00000,0x0000008341f00000] [id=12244]
  0x0000026765139040 GCTaskThread "GC Thread#9" [stack: 0x0000008341f00000,0x0000008342000000] [id=20324]
  0x0000026765139660 GCTaskThread "GC Thread#10" [stack: 0x0000008342000000,0x0000008342100000] [id=23344]
  0x000002676549b270 GCTaskThread "GC Thread#11" [stack: 0x0000008342100000,0x0000008342200000] [id=12180]
  0x0000026730094720 ConcurrentGCThread "G1 Main Marker" [stack: 0x000000833fc00000,0x000000833fd00000] [id=20752]
  0x00000267300958d0 ConcurrentGCThread "G1 Conc#0" [stack: 0x000000833fd00000,0x000000833fe00000] [id=6164]
  0x000002675cf144f0 ConcurrentGCThread "G1 Refine#0" [stack: 0x000000833fe00000,0x000000833ff00000] [id=19428]
  0x000002675cf14f00 ConcurrentGCThread "G1 Service" [stack: 0x000000833ff00000,0x0000008340000000] [id=17264]

Threads with active compile tasks:

VM state: not at safepoint (normal execution)

VM Mutex/Monitor currently owned by a thread: None

Heap address: 0x0000000600c00000, size: 8180 MB, Compressed Oops mode: Zero based, Oop shift amount: 3

CDS archive(s) mapped at: [0x0000000800000000-0x0000000800bb0000-0x0000000800bb0000), size 12255232, SharedBaseAddress: 0x0000000800000000, ArchiveRelocationMode: 0.
Compressed class space mapped at: 0x0000000800c00000-0x0000000840c00000, reserved size: 1073741824
Narrow klass base: 0x0000000800000000, Narrow klass shift: 3, Narrow klass range: 0x100000000

GC Precious Log:
 CPUs: 16 total, 16 available
 Memory: 32719M
 Large Page Support: Disabled
 NUMA Support: Disabled
 Compressed Oops: Enabled (Zero based)
 Heap Region Size: 4M
 Heap Min Capacity: 8M
 Heap Initial Capacity: 512M
 Heap Max Capacity: 8180M
 Pre-touch: Disabled
 Parallel Workers: 13
 Concurrent Workers: 3
 Concurrent Refinement Workers: 13
 Periodic GC: Disabled

Heap:
 garbage-first heap   total 524288K, used 195453K [0x0000000600c00000, 0x0000000800000000)
  region size 4096K, 47 young (192512K), 2 survivors (8192K)
 Metaspace       used 9446K, committed 9600K, reserved 1064960K
  class space    used 474K, committed 576K, reserved 1048576K

Heap Regions: E=young(eden), S=young(survivor), O=old, HS=humongous(starts), HC=humongous(continues), CS=collection set, F=free, OA=open archive, CA=closed archive, TAMS=top-at-mark-start (previous, next)
|   0|0x0000000600c00000, 0x0000000601000000, 0x0000000601000000|100%| O|  |TAMS 0x0000000600c00000, 0x0000000600c00000| Untracked 
|   1|0x0000000601000000, 0x0000000601400000, 0x0000000601400000|100%| O|  |TAMS 0x0000000601000000, 0x0000000601000000| Untracked 
|   2|0x0000000601400000, 0x00000006015b2400, 0x0000000601800000| 42%| O|  |TAMS 0x0000000601400000, 0x0000000601400000| Untracked 
|   3|0x0000000601800000, 0x0000000601800000, 0x0000000601c00000|  0%| F|  |TAMS 0x0000000601800000, 0x0000000601800000| Untracked 
|   4|0x0000000601c00000, 0x0000000601c00000, 0x0000000602000000|  0%| F|  |TAMS 0x0000000601c00000, 0x0000000601c00000| Untracked 
|   5|0x0000000602000000, 0x0000000602000000, 0x0000000602400000|  0%| F|  |TAMS 0x0000000602000000, 0x0000000602000000| Untracked 
|   6|0x0000000602400000, 0x0000000602400000, 0x0000000602800000|  0%| F|  |TAMS 0x0000000602400000, 0x0000000602400000| Untracked 
|   7|0x0000000602800000, 0x0000000602800000, 0x0000000602c00000|  0%| F|  |TAMS 0x0000000602800000, 0x0000000602800000| Untracked 
|   8|0x0000000602c00000, 0x0000000602c00000, 0x0000000603000000|  0%| F|  |TAMS 0x0000000602c00000, 0x0000000602c00000| Untracked 
|   9|0x0000000603000000, 0x0000000603000000, 0x0000000603400000|  0%| F|  |TAMS 0x0000000603000000, 0x0000000603000000| Untracked 
|  10|0x0000000603400000, 0x0000000603400000, 0x0000000603800000|  0%| F|  |TAMS 0x0000000603400000, 0x0000000603400000| Untracked 
|  11|0x0000000603800000, 0x0000000603800000, 0x0000000603c00000|  0%| F|  |TAMS 0x0000000603800000, 0x0000000603800000| Untracked 
|  12|0x0000000603c00000, 0x0000000603c00000, 0x0000000604000000|  0%| F|  |TAMS 0x0000000603c00000, 0x0000000603c00000| Untracked 
|  13|0x0000000604000000, 0x0000000604000000, 0x0000000604400000|  0%| F|  |TAMS 0x0000000604000000, 0x0000000604000000| Untracked 
|  14|0x0000000604400000, 0x0000000604400000, 0x0000000604800000|  0%| F|  |TAMS 0x0000000604400000, 0x0000000604400000| Untracked 
|  15|0x0000000604800000, 0x0000000604800000, 0x0000000604c00000|  0%| F|  |TAMS 0x0000000604800000, 0x0000000604800000| Untracked 
|  16|0x0000000604c00000, 0x0000000604c00000, 0x0000000605000000|  0%| F|  |TAMS 0x0000000604c00000, 0x0000000604c00000| Untracked 
|  17|0x0000000605000000, 0x0000000605000000, 0x0000000605400000|  0%| F|  |TAMS 0x0000000605000000, 0x0000000605000000| Untracked 
|  18|0x0000000605400000, 0x0000000605400000, 0x0000000605800000|  0%| F|  |TAMS 0x0000000605400000, 0x0000000605400000| Untracked 
|  19|0x0000000605800000, 0x0000000605800000, 0x0000000605c00000|  0%| F|  |TAMS 0x0000000605800000, 0x0000000605800000| Untracked 
|  20|0x0000000605c00000, 0x0000000605c00000, 0x0000000606000000|  0%| F|  |TAMS 0x0000000605c00000, 0x0000000605c00000| Untracked 
|  21|0x0000000606000000, 0x0000000606000000, 0x0000000606400000|  0%| F|  |TAMS 0x0000000606000000, 0x0000000606000000| Untracked 
|  22|0x0000000606400000, 0x0000000606400000, 0x0000000606800000|  0%| F|  |TAMS 0x0000000606400000, 0x0000000606400000| Untracked 
|  23|0x0000000606800000, 0x0000000606800000, 0x0000000606c00000|  0%| F|  |TAMS 0x0000000606800000, 0x0000000606800000| Untracked 
|  24|0x0000000606c00000, 0x0000000606c00000, 0x0000000607000000|  0%| F|  |TAMS 0x0000000606c00000, 0x0000000606c00000| Untracked 
|  25|0x0000000607000000, 0x0000000607000000, 0x0000000607400000|  0%| F|  |TAMS 0x0000000607000000, 0x0000000607000000| Untracked 
|  26|0x0000000607400000, 0x0000000607400000, 0x0000000607800000|  0%| F|  |TAMS 0x0000000607400000, 0x0000000607400000| Untracked 
|  27|0x0000000607800000, 0x0000000607800000, 0x0000000607c00000|  0%| F|  |TAMS 0x0000000607800000, 0x0000000607800000| Untracked 
|  28|0x0000000607c00000, 0x0000000607c00000, 0x0000000608000000|  0%| F|  |TAMS 0x0000000607c00000, 0x0000000607c00000| Untracked 
|  29|0x0000000608000000, 0x0000000608000000, 0x0000000608400000|  0%| F|  |TAMS 0x0000000608000000, 0x0000000608000000| Untracked 
|  30|0x0000000608400000, 0x0000000608400000, 0x0000000608800000|  0%| F|  |TAMS 0x0000000608400000, 0x0000000608400000| Untracked 
|  31|0x0000000608800000, 0x0000000608800000, 0x0000000608c00000|  0%| F|  |TAMS 0x0000000608800000, 0x0000000608800000| Untracked 
|  32|0x0000000608c00000, 0x0000000608c00000, 0x0000000609000000|  0%| F|  |TAMS 0x0000000608c00000, 0x0000000608c00000| Untracked 
|  33|0x0000000609000000, 0x0000000609000000, 0x0000000609400000|  0%| F|  |TAMS 0x0000000609000000, 0x0000000609000000| Untracked 
|  34|0x0000000609400000, 0x0000000609400000, 0x0000000609800000|  0%| F|  |TAMS 0x0000000609400000, 0x0000000609400000| Untracked 
|  35|0x0000000609800000, 0x0000000609800000, 0x0000000609c00000|  0%| F|  |TAMS 0x0000000609800000, 0x0000000609800000| Untracked 
|  36|0x0000000609c00000, 0x0000000609c00000, 0x000000060a000000|  0%| F|  |TAMS 0x0000000609c00000, 0x0000000609c00000| Untracked 
|  37|0x000000060a000000, 0x000000060a000000, 0x000000060a400000|  0%| F|  |TAMS 0x000000060a000000, 0x000000060a000000| Untracked 
|  38|0x000000060a400000, 0x000000060a400000, 0x000000060a800000|  0%| F|  |TAMS 0x000000060a400000, 0x000000060a400000| Untracked 
|  39|0x000000060a800000, 0x000000060a800000, 0x000000060ac00000|  0%| F|  |TAMS 0x000000060a800000, 0x000000060a800000| Untracked 
|  40|0x000000060ac00000, 0x000000060ac00000, 0x000000060b000000|  0%| F|  |TAMS 0x000000060ac00000, 0x000000060ac00000| Untracked 
|  41|0x000000060b000000, 0x000000060b000000, 0x000000060b400000|  0%| F|  |TAMS 0x000000060b000000, 0x000000060b000000| Untracked 
|  42|0x000000060b400000, 0x000000060b400000, 0x000000060b800000|  0%| F|  |TAMS 0x000000060b400000, 0x000000060b400000| Untracked 
|  43|0x000000060b800000, 0x000000060b800000, 0x000000060bc00000|  0%| F|  |TAMS 0x000000060b800000, 0x000000060b800000| Untracked 
|  44|0x000000060bc00000, 0x000000060bc00000, 0x000000060c000000|  0%| F|  |TAMS 0x000000060bc00000, 0x000000060bc00000| Untracked 
|  45|0x000000060c000000, 0x000000060c000000, 0x000000060c400000|  0%| F|  |TAMS 0x000000060c000000, 0x000000060c000000| Untracked 
|  46|0x000000060c400000, 0x000000060c400000, 0x000000060c800000|  0%| F|  |TAMS 0x000000060c400000, 0x000000060c400000| Untracked 
|  47|0x000000060c800000, 0x000000060c800000, 0x000000060cc00000|  0%| F|  |TAMS 0x000000060c800000, 0x000000060c800000| Untracked 
|  48|0x000000060cc00000, 0x000000060cc00000, 0x000000060d000000|  0%| F|  |TAMS 0x000000060cc00000, 0x000000060cc00000| Untracked 
|  49|0x000000060d000000, 0x000000060d000000, 0x000000060d400000|  0%| F|  |TAMS 0x000000060d000000, 0x000000060d000000| Untracked 
|  50|0x000000060d400000, 0x000000060d400000, 0x000000060d800000|  0%| F|  |TAMS 0x000000060d400000, 0x000000060d400000| Untracked 
|  51|0x000000060d800000, 0x000000060d800000, 0x000000060dc00000|  0%| F|  |TAMS 0x000000060d800000, 0x000000060d800000| Untracked 
|  52|0x000000060dc00000, 0x000000060dc00000, 0x000000060e000000|  0%| F|  |TAMS 0x000000060dc00000, 0x000000060dc00000| Untracked 
|  53|0x000000060e000000, 0x000000060e000000, 0x000000060e400000|  0%| F|  |TAMS 0x000000060e000000, 0x000000060e000000| Untracked 
|  54|0x000000060e400000, 0x000000060e400000, 0x000000060e800000|  0%| F|  |TAMS 0x000000060e400000, 0x000000060e400000| Untracked 
|  55|0x000000060e800000, 0x000000060e800000, 0x000000060ec00000|  0%| F|  |TAMS 0x000000060e800000, 0x000000060e800000| Untracked 
|  56|0x000000060ec00000, 0x000000060ec00000, 0x000000060f000000|  0%| F|  |TAMS 0x000000060ec00000, 0x000000060ec00000| Untracked 
|  57|0x000000060f000000, 0x000000060f000000, 0x000000060f400000|  0%| F|  |TAMS 0x000000060f000000, 0x000000060f000000| Untracked 
|  58|0x000000060f400000, 0x000000060f400000, 0x000000060f800000|  0%| F|  |TAMS 0x000000060f400000, 0x000000060f400000| Untracked 
|  59|0x000000060f800000, 0x000000060f800000, 0x000000060fc00000|  0%| F|  |TAMS 0x000000060f800000, 0x000000060f800000| Untracked 
|  60|0x000000060fc00000, 0x000000060fc00000, 0x0000000610000000|  0%| F|  |TAMS 0x000000060fc00000, 0x000000060fc00000| Untracked 
|  61|0x0000000610000000, 0x0000000610000000, 0x0000000610400000|  0%| F|  |TAMS 0x0000000610000000, 0x0000000610000000| Untracked 
|  62|0x0000000610400000, 0x0000000610400000, 0x0000000610800000|  0%| F|  |TAMS 0x0000000610400000, 0x0000000610400000| Untracked 
|  63|0x0000000610800000, 0x0000000610800000, 0x0000000610c00000|  0%| F|  |TAMS 0x0000000610800000, 0x0000000610800000| Untracked 
|  64|0x0000000610c00000, 0x0000000610c00000, 0x0000000611000000|  0%| F|  |TAMS 0x0000000610c00000, 0x0000000610c00000| Untracked 
|  65|0x0000000611000000, 0x0000000611000000, 0x0000000611400000|  0%| F|  |TAMS 0x0000000611000000, 0x0000000611000000| Untracked 
|  66|0x0000000611400000, 0x0000000611400000, 0x0000000611800000|  0%| F|  |TAMS 0x0000000611400000, 0x0000000611400000| Untracked 
|  67|0x0000000611800000, 0x0000000611800000, 0x0000000611c00000|  0%| F|  |TAMS 0x0000000611800000, 0x0000000611800000| Untracked 
|  68|0x0000000611c00000, 0x0000000611c00000, 0x0000000612000000|  0%| F|  |TAMS 0x0000000611c00000, 0x0000000611c00000| Untracked 
|  69|0x0000000612000000, 0x0000000612000000, 0x0000000612400000|  0%| F|  |TAMS 0x0000000612000000, 0x0000000612000000| Untracked 
|  70|0x0000000612400000, 0x0000000612400000, 0x0000000612800000|  0%| F|  |TAMS 0x0000000612400000, 0x0000000612400000| Untracked 
|  71|0x0000000612800000, 0x0000000612800000, 0x0000000612c00000|  0%| F|  |TAMS 0x0000000612800000, 0x0000000612800000| Untracked 
|  72|0x0000000612c00000, 0x0000000612c00000, 0x0000000613000000|  0%| F|  |TAMS 0x0000000612c00000, 0x0000000612c00000| Untracked 
|  73|0x0000000613000000, 0x0000000613000000, 0x0000000613400000|  0%| F|  |TAMS 0x0000000613000000, 0x0000000613000000| Untracked 
|  74|0x0000000613400000, 0x0000000613400000, 0x0000000613800000|  0%| F|  |TAMS 0x0000000613400000, 0x0000000613400000| Untracked 
|  75|0x0000000613800000, 0x0000000613800000, 0x0000000613c00000|  0%| F|  |TAMS 0x0000000613800000, 0x0000000613800000| Untracked 
|  76|0x0000000613c00000, 0x0000000613c00000, 0x0000000614000000|  0%| F|  |TAMS 0x0000000613c00000, 0x0000000613c00000| Untracked 
|  77|0x0000000614000000, 0x0000000614000000, 0x0000000614400000|  0%| F|  |TAMS 0x0000000614000000, 0x0000000614000000| Untracked 
|  78|0x0000000614400000, 0x0000000614400000, 0x0000000614800000|  0%| F|  |TAMS 0x0000000614400000, 0x0000000614400000| Untracked 
|  79|0x0000000614800000, 0x0000000614800000, 0x0000000614c00000|  0%| F|  |TAMS 0x0000000614800000, 0x0000000614800000| Untracked 
|  80|0x0000000614c00000, 0x0000000614c00000, 0x0000000615000000|  0%| F|  |TAMS 0x0000000614c00000, 0x0000000614c00000| Untracked 
|  81|0x0000000615000000, 0x0000000615233578, 0x0000000615400000| 55%| E|  |TAMS 0x0000000615000000, 0x0000000615000000| Complete 
|  82|0x0000000615400000, 0x0000000615800000, 0x0000000615800000|100%| E|CS|TAMS 0x0000000615400000, 0x0000000615400000| Complete 
|  83|0x0000000615800000, 0x0000000615c00000, 0x0000000615c00000|100%| E|CS|TAMS 0x0000000615800000, 0x0000000615800000| Complete 
|  84|0x0000000615c00000, 0x0000000616000000, 0x0000000616000000|100%| E|CS|TAMS 0x0000000615c00000, 0x0000000615c00000| Complete 
|  85|0x0000000616000000, 0x0000000616400000, 0x0000000616400000|100%| E|CS|TAMS 0x0000000616000000, 0x0000000616000000| Complete 
|  86|0x0000000616400000, 0x0000000616800000, 0x0000000616800000|100%| E|CS|TAMS 0x0000000616400000, 0x0000000616400000| Complete 
|  87|0x0000000616800000, 0x0000000616c00000, 0x0000000616c00000|100%| E|CS|TAMS 0x0000000616800000, 0x0000000616800000| Complete 
|  88|0x0000000616c00000, 0x0000000617000000, 0x0000000617000000|100%| E|CS|TAMS 0x0000000616c00000, 0x0000000616c00000| Complete 
|  89|0x0000000617000000, 0x0000000617400000, 0x0000000617400000|100%| E|CS|TAMS 0x0000000617000000, 0x0000000617000000| Complete 
|  90|0x0000000617400000, 0x0000000617800000, 0x0000000617800000|100%| E|CS|TAMS 0x0000000617400000, 0x0000000617400000| Complete 
|  91|0x0000000617800000, 0x0000000617c00000, 0x0000000617c00000|100%| E|CS|TAMS 0x0000000617800000, 0x0000000617800000| Complete 
|  92|0x0000000617c00000, 0x0000000618000000, 0x0000000618000000|100%| E|CS|TAMS 0x0000000617c00000, 0x0000000617c00000| Complete 
|  93|0x0000000618000000, 0x0000000618400000, 0x0000000618400000|100%| E|CS|TAMS 0x0000000618000000, 0x0000000618000000| Complete 
|  94|0x0000000618400000, 0x0000000618800000, 0x0000000618800000|100%| E|CS|TAMS 0x0000000618400000, 0x0000000618400000| Complete 
|  95|0x0000000618800000, 0x0000000618c00000, 0x0000000618c00000|100%| E|CS|TAMS 0x0000000618800000, 0x0000000618800000| Complete 
|  96|0x0000000618c00000, 0x0000000619000000, 0x0000000619000000|100%| E|CS|TAMS 0x0000000618c00000, 0x0000000618c00000| Complete 
|  97|0x0000000619000000, 0x0000000619400000, 0x0000000619400000|100%| E|CS|TAMS 0x0000000619000000, 0x0000000619000000| Complete 
|  98|0x0000000619400000, 0x0000000619800000, 0x0000000619800000|100%| E|CS|TAMS 0x0000000619400000, 0x0000000619400000| Complete 
|  99|0x0000000619800000, 0x0000000619c00000, 0x0000000619c00000|100%| E|CS|TAMS 0x0000000619800000, 0x0000000619800000| Complete 
| 100|0x0000000619c00000, 0x000000061a000000, 0x000000061a000000|100%| E|CS|TAMS 0x0000000619c00000, 0x0000000619c00000| Complete 
| 101|0x000000061a000000, 0x000000061a400000, 0x000000061a400000|100%| E|CS|TAMS 0x000000061a000000, 0x000000061a000000| Complete 
| 102|0x000000061a400000, 0x000000061a800000, 0x000000061a800000|100%| E|CS|TAMS 0x000000061a400000, 0x000000061a400000| Complete 
| 103|0x000000061a800000, 0x000000061ac00000, 0x000000061ac00000|100%| E|CS|TAMS 0x000000061a800000, 0x000000061a800000| Complete 
| 104|0x000000061ac00000, 0x000000061b000000, 0x000000061b000000|100%| E|CS|TAMS 0x000000061ac00000, 0x000000061ac00000| Complete 
| 105|0x000000061b000000, 0x000000061b400000, 0x000000061b400000|100%| E|CS|TAMS 0x000000061b000000, 0x000000061b000000| Complete 
| 106|0x000000061b400000, 0x000000061b800000, 0x000000061b800000|100%| E|CS|TAMS 0x000000061b400000, 0x000000061b400000| Complete 
| 107|0x000000061b800000, 0x000000061bc00000, 0x000000061bc00000|100%| E|CS|TAMS 0x000000061b800000, 0x000000061b800000| Complete 
| 108|0x000000061bc00000, 0x000000061c000000, 0x000000061c000000|100%| E|CS|TAMS 0x000000061bc00000, 0x000000061bc00000| Complete 
| 109|0x000000061c000000, 0x000000061c400000, 0x000000061c400000|100%| E|CS|TAMS 0x000000061c000000, 0x000000061c000000| Complete 
| 110|0x000000061c400000, 0x000000061c800000, 0x000000061c800000|100%| E|CS|TAMS 0x000000061c400000, 0x000000061c400000| Complete 
| 111|0x000000061c800000, 0x000000061cc00000, 0x000000061cc00000|100%| E|CS|TAMS 0x000000061c800000, 0x000000061c800000| Complete 
| 112|0x000000061cc00000, 0x000000061d000000, 0x000000061d000000|100%| E|CS|TAMS 0x000000061cc00000, 0x000000061cc00000| Complete 
| 113|0x000000061d000000, 0x000000061d400000, 0x000000061d400000|100%| E|CS|TAMS 0x000000061d000000, 0x000000061d000000| Complete 
| 114|0x000000061d400000, 0x000000061d800000, 0x000000061d800000|100%| E|CS|TAMS 0x000000061d400000, 0x000000061d400000| Complete 
| 115|0x000000061d800000, 0x000000061dc00000, 0x000000061dc00000|100%| E|CS|TAMS 0x000000061d800000, 0x000000061d800000| Complete 
| 116|0x000000061dc00000, 0x000000061dd2d188, 0x000000061e000000| 29%| S|CS|TAMS 0x000000061dc00000, 0x000000061dc00000| Complete 
| 117|0x000000061e000000, 0x000000061e400000, 0x000000061e400000|100%| S|CS|TAMS 0x000000061e000000, 0x000000061e000000| Complete 
| 118|0x000000061e400000, 0x000000061e800000, 0x000000061e800000|100%| E|CS|TAMS 0x000000061e400000, 0x000000061e400000| Complete 
| 119|0x000000061e800000, 0x000000061ec00000, 0x000000061ec00000|100%| E|CS|TAMS 0x000000061e800000, 0x000000061e800000| Complete 
| 120|0x000000061ec00000, 0x000000061f000000, 0x000000061f000000|100%| E|CS|TAMS 0x000000061ec00000, 0x000000061ec00000| Complete 
| 121|0x000000061f000000, 0x000000061f400000, 0x000000061f400000|100%| E|CS|TAMS 0x000000061f000000, 0x000000061f000000| Complete 
| 122|0x000000061f400000, 0x000000061f800000, 0x000000061f800000|100%| E|CS|TAMS 0x000000061f400000, 0x000000061f400000| Complete 
| 123|0x000000061f800000, 0x000000061fc00000, 0x000000061fc00000|100%| E|CS|TAMS 0x000000061f800000, 0x000000061f800000| Complete 
| 124|0x000000061fc00000, 0x0000000620000000, 0x0000000620000000|100%| E|CS|TAMS 0x000000061fc00000, 0x000000061fc00000| Complete 
| 125|0x0000000620000000, 0x0000000620400000, 0x0000000620400000|100%| E|CS|TAMS 0x0000000620000000, 0x0000000620000000| Complete 
| 126|0x0000000620400000, 0x0000000620800000, 0x0000000620800000|100%| E|CS|TAMS 0x0000000620400000, 0x0000000620400000| Complete 
| 127|0x0000000620800000, 0x0000000620c00000, 0x0000000620c00000|100%| E|CS|TAMS 0x0000000620800000, 0x0000000620800000| Complete 

Card table byte_map: [0x0000026748020000,0x0000026749020000] _byte_map_base: 0x000002674501a000

Marking Bits (Prev, Next): (CMBitMap*) 0x0000026730083d40, (CMBitMap*) 0x0000026730083d80
 Prev Bits: [0x000002674a020000, 0x0000026751ff0000)
 Next Bits: [0x0000026751ff0000, 0x0000026759fc0000)

Polling page: 0x000002672f7f0000

Metaspace:

Usage:
  Non-class:      8.76 MB used.
      Class:    474.58 KB used.
       Both:      9.23 MB used.

Virtual space:
  Non-class space:       16.00 MB reserved,       8.81 MB ( 55%) committed,  2 nodes.
      Class space:        1.00 GB reserved,     576.00 KB ( <1%) committed,  1 nodes.
              Both:        1.02 GB reserved,       9.38 MB ( <1%) committed. 

Chunk freelists:
   Non-Class:  1.70 MB
       Class:  3.42 MB
        Both:  5.12 MB

MaxMetaspaceSize: 17179869184.00 GB
CompressedClassSpaceSize: 1.00 GB
 - commit_granule_bytes: 65536.
 - commit_granule_words: 8192.
 - virtual_space_node_default_size: 1048576.
 - enlarge_chunks_in_place: 1.
 - new_chunks_are_fully_committed: 0.
 - uncommit_free_chunks: 1.
 - use_allocation_guard: 0.
 - handle_deallocations: 1.


Internal statistics:

num_allocs_failed_limit: 0.
num_arena_births: 80.
num_arena_deaths: 0.
num_vsnodes_births: 3.
num_vsnodes_deaths: 0.
num_space_committed: 148.
num_space_uncommitted: 0.
num_chunks_returned_to_freelist: 0.
num_chunks_taken_from_freelist: 328.
num_chunk_merges: 0.
num_chunk_splits: 260.
num_chunks_enlarged: 217.
num_purges: 0.

CodeHeap 'non-profiled nmethods': size=119168Kb used=734Kb max_used=734Kb free=118433Kb
 bounds [0x000002673f330000, 0x000002673f5a0000, 0x0000026746790000]
CodeHeap 'profiled nmethods': size=119104Kb used=3199Kb max_used=3199Kb free=115904Kb
 bounds [0x0000026737ee0000, 0x0000026738200000, 0x000002673f330000]
CodeHeap 'non-nmethods': size=7488Kb used=3367Kb max_used=3428Kb free=4120Kb
 bounds [0x0000026737790000, 0x0000026737af0000, 0x0000026737ee0000]
 total_blobs=2802 nmethods=1677 adapters=1035
 compilation: enabled
              stopped_count=0, restarted_count=0
 full_count=0

Compilation events (20 events):
Event: 2.672 Thread 0x000002675dd14df0 nmethod 1668 0x00000267381fba10 code [0x00000267381fbbc0, 0x00000267381fbe08]
Event: 2.672 Thread 0x000002675d07e440 nmethod 1667 0x00000267381fbf10 code [0x00000267381fc0e0, 0x00000267381fc4f8]
Event: 2.686 Thread 0x000002675d078530 1669       4       jdk.internal.misc.Unsafe::allocateUninitializedArray0 (90 bytes)
Event: 2.687 Thread 0x000002675d078530 nmethod 1669 0x000002673f3e6d10 code [0x000002673f3e6ea0, 0x000002673f3e7058]
Event: 2.707 Thread 0x000002675d078530 1670       4       jdk.internal.misc.Unsafe::allocateUninitializedArray (55 bytes)
Event: 2.708 Thread 0x000002675d078530 nmethod 1670 0x000002673f3e7110 code [0x000002673f3e72a0, 0x000002673f3e7458]
Event: 2.728 Thread 0x000002675dd14df0 1671       3       java.io.BufferedWriter::newLine (8 bytes)
Event: 2.728 Thread 0x000002675d07e440 1672       3       java.lang.System::lineSeparator (4 bytes)
Event: 2.728 Thread 0x000002676549ffc0 1673   !   3       java.io.BufferedWriter::flushBuffer (53 bytes)
Event: 2.728 Thread 0x000002675d07e440 nmethod 1672 0x00000267381fc610 code [0x00000267381fc7a0, 0x00000267381fc898]
Event: 2.728 Thread 0x000002675dd14df0 nmethod 1671 0x00000267381fc910 code [0x00000267381fcae0, 0x00000267381fce88]
Event: 2.728 Thread 0x000002676549ffc0 nmethod 1673 0x00000267381fd010 code [0x00000267381fd200, 0x00000267381fd718]
Event: 2.790 Thread 0x000002675dd14df0 1674       3       java.text.DigitList::shouldRoundUp (417 bytes)
Event: 2.790 Thread 0x000002675d078530 1675       4       java.lang.CharacterDataLatin1::isDigit (18 bytes)
Event: 2.791 Thread 0x000002675d078530 nmethod 1675 0x000002673f3e7590 code [0x000002673f3e7720, 0x000002673f3e77b8]
Event: 2.791 Thread 0x000002675dd14df0 nmethod 1674 0x00000267381fd990 code [0x00000267381fdc60, 0x00000267381fec48]
Event: 2.825 Thread 0x000002676549ffc0 1676       3       java.lang.Long::numberOfTrailingZeros (26 bytes)
Event: 2.825 Thread 0x000002675dd14df0 1677       3       jdk.internal.math.FloatingDecimal$BinaryToASCIIBuffer::estimateDecExp (182 bytes)
Event: 2.825 Thread 0x000002676549ffc0 nmethod 1676 0x00000267381ff090 code [0x00000267381ff240, 0x00000267381ff3f8]
Event: 2.825 Thread 0x000002675dd14df0 nmethod 1677 0x00000267381ff490 code [0x00000267381ff6a0, 0x00000267381ffbf8]

GC Heap History (6 events):
Event: 0.875 GC heap before
{Heap before GC invocations=0 (full 0):
 garbage-first heap   total 524288K, used 20480K [0x0000000600c00000, 0x0000000800000000)
  region size 4096K, 6 young (24576K), 0 survivors (0K)
 Metaspace       used 7211K, committed 7360K, reserved 1064960K
  class space    used 380K, committed 448K, reserved 1048576K
}
Event: 0.879 GC heap after
{Heap after GC invocations=1 (full 0):
 garbage-first heap   total 524288K, used 7656K [0x0000000600c00000, 0x0000000800000000)
  region size 4096K, 1 young (4096K), 1 survivors (4096K)
 Metaspace       used 7211K, committed 7360K, reserved 1064960K
  class space    used 380K, committed 448K, reserved 1048576K
}
Event: 0.920 GC heap before
{Heap before GC invocations=1 (full 0):
 garbage-first heap   total 524288K, used 32232K [0x0000000600c00000, 0x0000000800000000)
  region size 4096K, 7 young (28672K), 1 survivors (4096K)
 Metaspace       used 7347K, committed 7488K, reserved 1064960K
  class space    used 381K, committed 448K, reserved 1048576K
}
Event: 0.923 GC heap after
{Heap after GC invocations=2 (full 0):
 garbage-first heap   total 524288K, used 14025K [0x0000000600c00000, 0x0000000800000000)
  region size 4096K, 1 young (4096K), 1 survivors (4096K)
 Metaspace       used 7347K, committed 7488K, reserved 1064960K
  class space    used 381K, committed 448K, reserved 1048576K
}
Event: 0.966 GC heap before
{Heap before GC invocations=2 (full 0):
 garbage-first heap   total 524288K, used 50889K [0x0000000600c00000, 0x0000000800000000)
  region size 4096K, 10 young (40960K), 1 survivors (4096K)
 Metaspace       used 7348K, committed 7488K, reserved 1064960K
  class space    used 381K, committed 448K, reserved 1048576K
}
Event: 0.968 GC heap after
{Heap after GC invocations=3 (full 0):
 garbage-first heap   total 524288K, used 15229K [0x0000000600c00000, 0x0000000800000000)
  region size 4096K, 2 young (8192K), 2 survivors (8192K)
 Metaspace       used 7348K, committed 7488K, reserved 1064960K
  class space    used 381K, committed 448K, reserved 1048576K
}

Deoptimization events (20 events):
Event: 1.235 Thread 0x000002673000bd00 Uncommon trap: trap_request=0xffffffde fr.pc=0x000002673f36b970 relative=0x00000000000000d0
Event: 1.235 Thread 0x000002673000bd00 Uncommon trap: reason=class_check action=maybe_recompile pc=0x000002673f36b970 method=java.lang.Character.codePointAt(Ljava/lang/CharSequence;I)I @ 2 c2
Event: 1.235 Thread 0x000002673000bd00 DEOPT PACKING pc=0x000002673f36b970 sp=0x000000833fafe960
Event: 1.235 Thread 0x000002673000bd00 DEOPT UNPACKING pc=0x00000267377dd72e sp=0x000000833fafe8f8 mode 2
Event: 2.651 Thread 0x000002673000bd00 Uncommon trap: trap_request=0xffffffde fr.pc=0x000002673f3e66b0 relative=0x0000000000000110
Event: 2.651 Thread 0x000002673000bd00 Uncommon trap: reason=class_check action=maybe_recompile pc=0x000002673f3e66b0 method=jdk.internal.misc.Unsafe.allocateUninitializedArray(Ljava/lang/Class;I)Ljava/lang/Object; @ 51 c2
Event: 2.651 Thread 0x000002673000bd00 DEOPT PACKING pc=0x000002673f3e66b0 sp=0x000000833fafefc0
Event: 2.651 Thread 0x000002673000bd00 DEOPT UNPACKING pc=0x00000267377dd72e sp=0x000000833fafef48 mode 2
Event: 2.651 Thread 0x000002673000bd00 Uncommon trap: trap_request=0xffffffde fr.pc=0x000002673f3e66b0 relative=0x0000000000000110
Event: 2.651 Thread 0x000002673000bd00 Uncommon trap: reason=class_check action=maybe_recompile pc=0x000002673f3e66b0 method=jdk.internal.misc.Unsafe.allocateUninitializedArray(Ljava/lang/Class;I)Ljava/lang/Object; @ 51 c2
Event: 2.651 Thread 0x000002673000bd00 DEOPT PACKING pc=0x000002673f3e66b0 sp=0x000000833fafef10
Event: 2.651 Thread 0x000002673000bd00 DEOPT UNPACKING pc=0x00000267377dd72e sp=0x000000833fafee98 mode 2
Event: 2.651 Thread 0x000002673000bd00 Uncommon trap: trap_request=0xffffffde fr.pc=0x000002673f3e66b0 relative=0x0000000000000110
Event: 2.651 Thread 0x000002673000bd00 Uncommon trap: reason=class_check action=maybe_recompile pc=0x000002673f3e66b0 method=jdk.internal.misc.Unsafe.allocateUninitializedArray(Ljava/lang/Class;I)Ljava/lang/Object; @ 51 c2
Event: 2.651 Thread 0x000002673000bd00 DEOPT PACKING pc=0x000002673f3e66b0 sp=0x000000833fafef10
Event: 2.651 Thread 0x000002673000bd00 DEOPT UNPACKING pc=0x00000267377dd72e sp=0x000000833fafee98 mode 2
Event: 2.651 Thread 0x000002673000bd00 Uncommon trap: trap_request=0xffffffde fr.pc=0x000002673f3e66b0 relative=0x0000000000000110
Event: 2.651 Thread 0x000002673000bd00 Uncommon trap: reason=class_check action=maybe_recompile pc=0x000002673f3e66b0 method=jdk.internal.misc.Unsafe.allocateUninitializedArray(Ljava/lang/Class;I)Ljava/lang/Object; @ 51 c2
Event: 2.651 Thread 0x000002673000bd00 DEOPT PACKING pc=0x000002673f3e66b0 sp=0x000000833fafef10
Event: 2.651 Thread 0x000002673000bd00 DEOPT UNPACKING pc=0x00000267377dd72e sp=0x000000833fafee98 mode 2

Classes unloaded (0 events):
No events

Classes redefined (0 events):
No events

Internal exceptions (20 events):
Event: 0.105 Thread 0x000002673000bd00 Exception <a 'java/lang/NoSuchMethodError'{0x000000062059f330}: 'void java.lang.invoke.DirectMethodHandle$Holder.invokeSpecial(java.lang.Object, java.lang.Object, java.lang.Object)'> (0x000000062059f330) 
thrown [t:\workspace\open\src\hotspot\share\interpreter\linkResolver.cpp, line 790]
Event: 0.107 Thread 0x000002673000bd00 Exception <a 'java/lang/NoSuchMethodError'{0x00000006205b3ae0}: 'java.lang.Object java.lang.invoke.DirectMethodHandle$Holder.invokeStatic(java.lang.Object, java.lang.Object, int)'> (0x00000006205b3ae0) 
thrown [t:\workspace\open\src\hotspot\share\interpreter\linkResolver.cpp, line 790]
Event: 0.108 Thread 0x000002673000bd00 Exception <a 'java/lang/NoSuchMethodError'{0x00000006205bfc88}: 'void java.lang.invoke.DelegatingMethodHandle$Holder.delegate(java.lang.Object, java.lang.Object, int, java.lang.Object)'> (0x00000006205bfc88) 
thrown [t:\workspace\open\src\hotspot\share\interpreter\linkResolver.cpp, line 790]
Event: 0.108 Thread 0x000002673000bd00 Exception <a 'java/lang/NoSuchMethodError'{0x00000006205c3dd8}: 'int java.lang.invoke.DirectMethodHandle$Holder.invokeSpecial(java.lang.Object, java.lang.Object, java.lang.Object)'> (0x00000006205c3dd8) 
thrown [t:\workspace\open\src\hotspot\share\interpreter\linkResolver.cpp, line 790]
Event: 0.133 Thread 0x000002673000bd00 Exception <a 'sun/nio/fs/WindowsException'{0x000000062062fdd8}> (0x000000062062fdd8) 
thrown [t:\workspace\open\src\hotspot\share\prims\jni.cpp, line 579]
Event: 0.133 Thread 0x000002673000bd00 Exception <a 'sun/nio/fs/WindowsException'{0x0000000620630330}> (0x0000000620630330) 
thrown [t:\workspace\open\src\hotspot\share\prims\jni.cpp, line 579]
Event: 0.151 Thread 0x000002673000bd00 Exception <a 'sun/nio/fs/WindowsException'{0x00000006206cec60}> (0x00000006206cec60) 
thrown [t:\workspace\open\src\hotspot\share\prims\jni.cpp, line 579]
Event: 0.151 Thread 0x000002673000bd00 Exception <a 'sun/nio/fs/WindowsException'{0x00000006206cefd0}> (0x00000006206cefd0) 
thrown [t:\workspace\open\src\hotspot\share\prims\jni.cpp, line 579]
Event: 0.639 Thread 0x000002673000bd00 Exception <a 'sun/nio/fs/WindowsException'{0x0000000620769640}> (0x0000000620769640) 
thrown [t:\workspace\open\src\hotspot\share\prims\jni.cpp, line 579]
Event: 0.639 Thread 0x000002673000bd00 Exception <a 'sun/nio/fs/WindowsException'{0x00000006207699f0}> (0x00000006207699f0) 
thrown [t:\workspace\open\src\hotspot\share\prims\jni.cpp, line 579]
Event: 0.642 Thread 0x000002673000bd00 Exception <a 'sun/nio/fs/WindowsException'{0x0000000620776400}> (0x0000000620776400) 
thrown [t:\workspace\open\src\hotspot\share\prims\jni.cpp, line 579]
Event: 0.642 Thread 0x000002673000bd00 Exception <a 'sun/nio/fs/WindowsException'{0x00000006207766e8}> (0x00000006207766e8) 
thrown [t:\workspace\open\src\hotspot\share\prims\jni.cpp, line 579]
Event: 1.210 Thread 0x000002673000bd00 Exception <a 'sun/nio/fs/WindowsException'{0x000000061541b1c8}> (0x000000061541b1c8) 
thrown [t:\workspace\open\src\hotspot\share\prims\jni.cpp, line 579]
Event: 1.210 Thread 0x000002673000bd00 Exception <a 'sun/nio/fs/WindowsException'{0x000000061541b550}> (0x000000061541b550) 
thrown [t:\workspace\open\src\hotspot\share\prims\jni.cpp, line 579]
Event: 1.242 Thread 0x000002673000bd00 Exception <a 'sun/nio/fs/WindowsException'{0x00000006154da520}> (0x00000006154da520) 
thrown [t:\workspace\open\src\hotspot\share\prims\jni.cpp, line 579]
Event: 1.242 Thread 0x000002673000bd00 Exception <a 'sun/nio/fs/WindowsException'{0x00000006154da698}> (0x00000006154da698) 
thrown [t:\workspace\open\src\hotspot\share\prims\jni.cpp, line 579]
Event: 1.248 Thread 0x000002673000bd00 Exception <a 'sun/nio/fs/WindowsException'{0x0000000615508480}> (0x0000000615508480) 
thrown [t:\workspace\open\src\hotspot\share\prims\jni.cpp, line 579]
Event: 1.248 Thread 0x000002673000bd00 Exception <a 'sun/nio/fs/WindowsException'{0x0000000615508808}> (0x0000000615508808) 
thrown [t:\workspace\open\src\hotspot\share\prims\jni.cpp, line 579]
Event: 1.251 Thread 0x000002673000bd00 Exception <a 'sun/nio/fs/WindowsException'{0x0000000615510f50}> (0x0000000615510f50) 
thrown [t:\workspace\open\src\hotspot\share\prims\jni.cpp, line 579]
Event: 1.251 Thread 0x000002673000bd00 Exception <a 'sun/nio/fs/WindowsException'{0x00000006155110c8}> (0x00000006155110c8) 
thrown [t:\workspace\open\src\hotspot\share\prims\jni.cpp, line 579]

Events (20 events):
Event: 1.243 loading class sun/nio/ch/Interruptible done
Event: 1.243 loading class java/nio/channels/spi/AbstractInterruptibleChannel$1 done
Event: 1.249 Loaded shared library C:\Users\conno\AppData\Local\Temp\lwjglconno\3.2.3-build-13\lwjgl_stb.dll
Event: 1.270 loading class java/lang/SecurityException
Event: 1.270 loading class java/lang/SecurityException done
Event: 1.271 loading class jdk/internal/access/foreign/MemorySegmentProxy
Event: 1.271 loading class jdk/internal/access/foreign/MemorySegmentProxy done
Event: 1.309 loading class java/lang/NumberFormatException
Event: 1.309 loading class java/lang/NumberFormatException done
Event: 1.415 Thread 0x00000267653e4130 Thread exited: 0x00000267653e4130
Event: 1.415 Thread 0x00000267653e2af0 Thread exited: 0x00000267653e2af0
Event: 1.637 Thread 0x00000267653e3ba0 Thread exited: 0x00000267653e3ba0
Event: 1.637 Thread 0x00000267653e01b0 Thread exited: 0x00000267653e01b0
Event: 1.637 Thread 0x000002676523cb10 Thread exited: 0x000002676523cb10
Event: 1.637 Thread 0x00000267652e2de0 Thread exited: 0x00000267652e2de0
Event: 1.637 Thread 0x0000026764d8c030 Thread exited: 0x0000026764d8c030
Event: 1.832 loading class java/text/DigitList$1
Event: 1.832 loading class java/text/DigitList$1 done
Event: 1.973 Executing  VM operation: Cleanup
Event: 1.973 Executing  VM operation: Cleanup done


Dynamic libraries:
0x00007ff706980000 - 0x00007ff706990000 	C:\Program Files\Java\jdk-16.0.2\bin\java.exe
0x00007ffca89b0000 - 0x00007ffca8ba5000 	C:\WINDOWS\SYSTEM32\ntdll.dll
0x00007ffca79c0000 - 0x00007ffca7a7d000 	C:\WINDOWS\System32\KERNEL32.DLL
0x00007ffca64f0000 - 0x00007ffca67b9000 	C:\WINDOWS\System32\KERNELBASE.dll
0x00007ffca62e0000 - 0x00007ffca63e0000 	C:\WINDOWS\System32\ucrtbase.dll
0x00007ffca3060000 - 0x00007ffca3079000 	C:\Program Files\Java\jdk-16.0.2\bin\VCRUNTIME140.dll
0x00007ffca3040000 - 0x00007ffca3058000 	C:\Program Files\Java\jdk-16.0.2\bin\jli.dll
0x00007ffca7f40000 - 0x00007ffca7fec000 	C:\WINDOWS\System32\ADVAPI32.dll
0x00007ffca7770000 - 0x00007ffca780e000 	C:\WINDOWS\System32\msvcrt.dll
0x00007ffca7810000 - 0x00007ffca78ab000 	C:\WINDOWS\System32\sechost.dll
0x00007ffca7d70000 - 0x00007ffca7e9a000 	C:\WINDOWS\System32\RPCRT4.dll
0x00007ffca7bd0000 - 0x00007ffca7d70000 	C:\WINDOWS\System32\USER32.dll
0x00007ffca6170000 - 0x00007ffca6192000 	C:\WINDOWS\System32\win32u.dll
0x00007ffc87540000 - 0x00007ffc877da000 	C:\WINDOWS\WinSxS\amd64_microsoft.windows.common-controls_6595b64144ccf1df_6.0.19041.1110_none_60b5254171f9507e\COMCTL32.dll
0x00007ffca7740000 - 0x00007ffca776a000 	C:\WINDOWS\System32\GDI32.dll
0x00007ffca63e0000 - 0x00007ffca64eb000 	C:\WINDOWS\System32\gdi32full.dll
0x00007ffca6810000 - 0x00007ffca68ad000 	C:\WINDOWS\System32\msvcp_win.dll
0x00007ffca1b20000 - 0x00007ffca1b2a000 	C:\WINDOWS\SYSTEM32\VERSION.dll
0x00007ffca88e0000 - 0x00007ffca8910000 	C:\WINDOWS\System32\IMM32.DLL
0x00007ffca3830000 - 0x00007ffca383c000 	C:\Program Files\Java\jdk-16.0.2\bin\vcruntime140_1.dll
0x00007ffc9d270000 - 0x00007ffc9d301000 	C:\Program Files\Java\jdk-16.0.2\bin\msvcp140.dll
0x00007ffc5d170000 - 0x00007ffc5dd1b000 	C:\Program Files\Java\jdk-16.0.2\bin\server\jvm.dll
0x00007ffca7f30000 - 0x00007ffca7f38000 	C:\WINDOWS\System32\PSAPI.DLL
0x00007ffc9a880000 - 0x00007ffc9a8a7000 	C:\WINDOWS\SYSTEM32\WINMM.dll
0x00007ffc94af0000 - 0x00007ffc94af9000 	C:\WINDOWS\SYSTEM32\WSOCK32.dll
0x00007ffca6b80000 - 0x00007ffca6beb000 	C:\WINDOWS\System32\WS2_32.dll
0x00007ffca40a0000 - 0x00007ffca40b2000 	C:\WINDOWS\SYSTEM32\kernel.appcore.dll
0x00007ffca3420000 - 0x00007ffca342a000 	C:\Program Files\Java\jdk-16.0.2\bin\jimage.dll
0x00007ffca0b60000 - 0x00007ffca0d44000 	C:\WINDOWS\SYSTEM32\DBGHELP.DLL
0x00007ffca0910000 - 0x00007ffca093c000 	C:\WINDOWS\SYSTEM32\dbgcore.DLL
0x00007ffca6250000 - 0x00007ffca62d3000 	C:\WINDOWS\System32\bcryptPrimitives.dll
0x00007ffca3030000 - 0x00007ffca303e000 	C:\Program Files\Java\jdk-16.0.2\bin\instrument.dll
0x00007ffca3000000 - 0x00007ffca3025000 	C:\Program Files\Java\jdk-16.0.2\bin\java.dll
0x00007ffca81a0000 - 0x00007ffca88df000 	C:\WINDOWS\System32\SHELL32.dll
0x00007ffca42a0000 - 0x00007ffca4a30000 	C:\WINDOWS\SYSTEM32\windows.storage.dll
0x00007ffca6c50000 - 0x00007ffca6fa5000 	C:\WINDOWS\System32\combase.dll
0x00007ffca5bd0000 - 0x00007ffca5bfc000 	C:\WINDOWS\SYSTEM32\Wldp.dll
0x00007ffca7910000 - 0x00007ffca79be000 	C:\WINDOWS\System32\SHCORE.dll
0x00007ffca76e0000 - 0x00007ffca7735000 	C:\WINDOWS\System32\shlwapi.dll
0x00007ffca60b0000 - 0x00007ffca60cf000 	C:\WINDOWS\SYSTEM32\profapi.dll
0x00007ffca1a90000 - 0x00007ffca1aa8000 	C:\Program Files\Java\jdk-16.0.2\bin\zip.dll
0x00007ffca2fc0000 - 0x00007ffca2fd9000 	C:\Program Files\Java\jdk-16.0.2\bin\net.dll
0x00007ffc9d390000 - 0x00007ffc9d498000 	C:\WINDOWS\SYSTEM32\WINHTTP.dll
0x00007ffca5930000 - 0x00007ffca599a000 	C:\WINDOWS\system32\mswsock.dll
0x00007ffca1de0000 - 0x00007ffca1df3000 	C:\Program Files\Java\jdk-16.0.2\bin\nio.dll
0x00007ffca0020000 - 0x00007ffca003a000 	C:\Program Files\JetBrains\IntelliJ IDEA Community Edition 2021.2\bin\breakgen64.dll
0x00007ffca2ff0000 - 0x00007ffca3000000 	C:\Program Files\Java\jdk-16.0.2\bin\verify.dll
0x00007ffc94ef0000 - 0x00007ffc94f54000 	C:\Users\conno\AppData\Local\Temp\lwjglconno\3.2.3-build-13\lwjgl.dll
0x00007ffc94790000 - 0x00007ffc947f2000 	C:\Users\conno\AppData\Local\Temp\lwjglconno\3.2.3-build-13\glfw.dll
0x00007ffca3b40000 - 0x00007ffca3bde000 	C:\WINDOWS\system32\uxtheme.dll
0x00007ffc74ca0000 - 0x00007ffc74ce5000 	C:\WINDOWS\SYSTEM32\dinput8.dll
0x00007ffc9eba0000 - 0x00007ffc9ebb1000 	C:\WINDOWS\SYSTEM32\xinput1_4.dll
0x00007ffca67c0000 - 0x00007ffca680e000 	C:\WINDOWS\System32\cfgmgr32.dll
0x00007ffca5f10000 - 0x00007ffca5f44000 	C:\WINDOWS\SYSTEM32\DEVOBJ.dll
0x00007ffca3ec0000 - 0x00007ffca3eef000 	C:\WINDOWS\SYSTEM32\dwmapi.dll
0x00007ffc93cd0000 - 0x00007ffc93e22000 	C:\WINDOWS\SYSTEM32\inputhost.dll
0x00007ffca6fc0000 - 0x00007ffca708d000 	C:\WINDOWS\System32\OLEAUT32.dll
0x00007ffca2d90000 - 0x00007ffca2ee4000 	C:\WINDOWS\SYSTEM32\wintypes.dll
0x00007ffca38c0000 - 0x00007ffca39b2000 	C:\WINDOWS\SYSTEM32\CoreMessaging.dll
0x00007ffca0d90000 - 0x00007ffca0e86000 	C:\WINDOWS\SYSTEM32\PROPSYS.dll
0x00007ffca3460000 - 0x00007ffca37be000 	C:\WINDOWS\SYSTEM32\CoreUIComponents.dll
0x00007ffca4e70000 - 0x00007ffca4ea3000 	C:\WINDOWS\SYSTEM32\ntmarta.dll
0x00007ffca7140000 - 0x00007ffca7255000 	C:\WINDOWS\System32\MSCTF.dll
0x00007ffca4a30000 - 0x00007ffca4a3d000 	C:\WINDOWS\SYSTEM32\HID.DLL
0x00007ffca7260000 - 0x00007ffca76d2000 	C:\WINDOWS\System32\SETUPAPI.DLL
0x00007ffca6a10000 - 0x00007ffca6a37000 	C:\WINDOWS\System32\bcrypt.dll
0x00007ffca6a40000 - 0x00007ffca6aa0000 	C:\WINDOWS\System32\WINTRUST.dll
0x00007ffca68b0000 - 0x00007ffca6a0f000 	C:\WINDOWS\System32\CRYPT32.dll
0x00007ffca5d50000 - 0x00007ffca5d62000 	C:\WINDOWS\SYSTEM32\MSASN1.dll
0x00007ffc79fb0000 - 0x00007ffc7a0d5000 	C:\WINDOWS\SYSTEM32\opengl32.dll
0x00007ffc9f8b0000 - 0x00007ffc9f8dc000 	C:\WINDOWS\SYSTEM32\GLU32.dll
0x00007ffca7090000 - 0x00007ffca7139000 	C:\WINDOWS\System32\clbcatq.dll
0x00007ffc33160000 - 0x00007ffc35c77000 	C:\WINDOWS\System32\DriverStore\FileRepository\nv_dispi.inf_amd64_b8346c359fcd6093\nvoglv64.dll
0x00007ffca7a80000 - 0x00007ffca7baa000 	C:\WINDOWS\System32\ole32.dll
0x00007ffca1c70000 - 0x00007ffca1c84000 	C:\WINDOWS\SYSTEM32\WTSAPI32.dll
0x00007ffca1900000 - 0x00007ffca1931000 	C:\WINDOWS\SYSTEM32\cryptnet.dll
0x00007ffc9f000000 - 0x00007ffc9f14a000 	C:\WINDOWS\SYSTEM32\drvstore.dll
0x00007ffca5b40000 - 0x00007ffca5b4c000 	C:\WINDOWS\SYSTEM32\cryptbase.dll
0x00007ffca2120000 - 0x00007ffca215b000 	C:\WINDOWS\SYSTEM32\dxcore.dll
0x00007ffc7af50000 - 0x00007ffc7b213000 	C:\WINDOWS\system32\nvspcap64.dll
0x00007ffca5740000 - 0x00007ffca578b000 	C:\WINDOWS\SYSTEM32\powrprof.dll
0x00007ffca55b0000 - 0x00007ffca55c2000 	C:\WINDOWS\SYSTEM32\UMPDC.dll
0x00007ffca4ee0000 - 0x00007ffca4f3a000 	C:\WINDOWS\SYSTEM32\WINSTA.dll
0x00007ffc98080000 - 0x00007ffc98179000 	C:\WINDOWS\SYSTEM32\textinputframework.dll
0x00007ffc94730000 - 0x00007ffc94789000 	C:\Users\conno\AppData\Local\Temp\lwjglconno\3.2.3-build-13\lwjgl_opengl.dll
0x00007ffc94620000 - 0x00007ffc9472b000 	C:\Users\conno\AppData\Local\Temp\lwjglconno\3.2.3-build-13\OpenAL.dll
0x00007ffca04f0000 - 0x00007ffca0575000 	C:\WINDOWS\System32\MMDevApi.dll
0x00007ffc872f0000 - 0x00007ffc87471000 	C:\WINDOWS\SYSTEM32\AUDIOSES.DLL
0x00007ffca3cc0000 - 0x00007ffca3cd4000 	C:\WINDOWS\SYSTEM32\resourcepolicyclient.dll
0x00007ffc945a0000 - 0x00007ffc94617000 	C:\Users\conno\AppData\Local\Temp\lwjglconno\3.2.3-build-13\lwjgl_stb.dll

dbghelp: loaded successfully - version: 4.0.5 - missing functions: none
symbol engine: initialized successfully - sym options: 0x614 - pdb path: .;C:\Program Files\Java\jdk-16.0.2\bin;C:\WINDOWS\SYSTEM32;C:\WINDOWS\WinSxS\amd64_microsoft.windows.common-controls_6595b64144ccf1df_6.0.19041.1110_none_60b5254171f9507e;C:\Program Files\Java\jdk-16.0.2\bin\server;C:\Program Files\JetBrains\IntelliJ IDEA Community Edition 2021.2\bin;C:\Users\conno\AppData\Local\Temp\lwjglconno\3.2.3-build-13;C:\WINDOWS\System32\DriverStore\FileRepository\nv_dispi.inf_amd64_b8346c359fcd6093

VM Arguments:
jvm_args: -javaagent:C:\Program Files\JetBrains\IntelliJ IDEA Community Edition 2021.2\lib\idea_rt.jar=55857:C:\Program Files\JetBrains\IntelliJ IDEA Community Edition 2021.2\bin -Dfile.encoding=UTF-8 
java_command: com.salami.dragon.sandbox.Sandbox
java_class_path (initial): C:\Users\conno\OneDrive\Desktop\dragon-engine\target\classes;C:\Users\conno\.m2\repository\org\lwjgl\lwjgl\3.2.3\lwjgl-3.2.3.jar;C:\Users\conno\.m2\repository\org\lwjgl\lwjgl-assimp\3.2.3\lwjgl-assimp-3.2.3.jar;C:\Users\conno\.m2\repository\org\lwjgl\lwjgl-glfw\3.2.3\lwjgl-glfw-3.2.3.jar;C:\Users\conno\.m2\repository\org\lwjgl\lwjgl-openal\3.2.3\lwjgl-openal-3.2.3.jar;C:\Users\conno\.m2\repository\org\lwjgl\lwjgl-opengl\3.2.3\lwjgl-opengl-3.2.3.jar;C:\Users\conno\.m2\repository\org\lwjgl\lwjgl-stb\3.2.3\lwjgl-stb-3.2.3.jar;C:\Users\conno\.m2\repository\org\lwjgl\lwjgl\3.2.3\lwjgl-3.2.3-natives-windows.jar;C:\Users\conno\.m2\repository\org\lwjgl\lwjgl-assimp\3.2.3\lwjgl-assimp-3.2.3-natives-windows.jar;C:\Users\conno\.m2\repository\org\lwjgl\lwjgl-glfw\3.2.3\lwjgl-glfw-3.2.3-natives-windows.jar;C:\Users\conno\.m2\repository\org\lwjgl\lwjgl-openal\3.2.3\lwjgl-openal-3.2.3-natives-windows.jar;C:\Users\conno\.m2\repository\org\lwjgl\lwjgl-opengl\3.2.3\lwjgl-opengl-3.2.3-natives-windows.jar;C:\Users\conno\.m2\repository\org\lwjgl\lwjgl-stb\3.2.3\lwjgl-stb-3.2.3-natives-windows.jar;C:\Users\conno\.m2\repository\org\joml\joml\1.10.1\joml-1.10.1.jar;C:\Users\conno\.m2\repository\org\l33tlabs\twl\pngdecoder\1.0\pngdecoder-1.0.jar
Launcher Type: SUN_STANDARD

[Global flags]
     intx CICompilerCount                          = 12                                        {product} {ergonomic}
     uint ConcGCThreads                            = 3                                         {product} {ergonomic}
     uint G1ConcRefinementThreads                  = 13                                        {product} {ergonomic}
   size_t G1HeapRegionSize                         = 4194304                                   {product} {ergonomic}
    uintx GCDrainStackTargetSize                   = 64                                        {product} {ergonomic}
   size_t InitialHeapSize                          = 536870912                                 {product} {ergonomic}
   size_t MarkStackSize                            = 4194304                                   {product} {ergonomic}
   size_t MaxHeapSize                              = 8577351680                                {product} {ergonomic}
   size_t MaxNewSize                               = 5146411008                                {product} {ergonomic}
   size_t MinHeapDeltaBytes                        = 4194304                                   {product} {ergonomic}
   size_t MinHeapSize                              = 8388608                                   {product} {ergonomic}
    uintx NonNMethodCodeHeapSize                   = 7602480                                {pd product} {ergonomic}
    uintx NonProfiledCodeHeapSize                  = 122027880                              {pd product} {ergonomic}
    uintx ProfiledCodeHeapSize                     = 122027880                              {pd product} {ergonomic}
    uintx ReservedCodeCacheSize                    = 251658240                              {pd product} {ergonomic}
     bool SegmentedCodeCache                       = true                                      {product} {ergonomic}
   size_t SoftMaxHeapSize                          = 8577351680                             {manageable} {ergonomic}
     bool UseCompressedClassPointers               = true                           {product lp64_product} {ergonomic}
     bool UseCompressedOops                        = true                           {product lp64_product} {ergonomic}
     bool UseG1GC                                  = true                                      {product} {ergonomic}
     bool UseLargePagesIndividualAllocation        = false                                  {pd product} {ergonomic}

Logging:
Log output configuration:
 #0: stdout all=warning uptime,level,tags
 #1: stderr all=off uptime,level,tags

Environment Variables:
PATH=C:\Program Files\Common Files\Oracle\Java\javapath;C:\Program Files (x86)\Common Files\Oracle\Java\javapath;C:\Python39\Scripts\;C:\Python39\;C:\Windows\system32;C:\Windows;C:\Windows\System32\Wbem;C:\Windows\System32\WindowsPowerShell\v1.0\;C:\Program Files\NVIDIA Corporation\NVIDIA NvDLISR;C:\WINDOWS\system32;C:\WINDOWS;C:\WINDOWS\System32\Wbem;C:\WINDOWS\System32\WindowsPowerShell\v1.0\;C:\WINDOWS\System32\OpenSSH\;C:\Program Files (x86)\NVIDIA Corporation\PhysX\Common;C:\Program Files\Git\cmd;C:\Program Files\nodejs\;C:\ProgramData\chocolatey\bin;C:\Program Files\qemu;C:\Program Files\CMake\bin;C:\Users\conno\AppData\Local\Microsoft\WindowsApps;;C:\Users\conno\AppData\Local\Programs\Microsoft VS Code\bin;C:\Users\conno\AppData\Roaming\npm;C:\Program Files\JetBrains\IntelliJ IDEA Community Edition 2021.2\bin;
USERNAME=conno
OS=Windows_NT
PROCESSOR_IDENTIFIER=AMD64 Family 23 Model 113 Stepping 0, AuthenticAMD



---------------  S Y S T E M  ---------------

OS:
 Windows 10 , 64 bit Build 19041 (10.0.19041.1151)
OS uptime: 18 days 17:17 hours

CPU: total 16 (initial active 16) (16 cores per cpu, 2 threads per core) family 23 model 113 stepping 0 microcode 0x0, cx8, cmov, fxsr, ht, mmx, 3dnowpref, sse, sse2, sse3, ssse3, sse4a, sse4.1, sse4.2, popcnt, lzcnt, tsc, tscinvbit, avx, avx2, aes, clmul, bmi1, bmi2, adx, sha, fma, vzeroupper, clflush, clflushopt

Memory: 4k page, system-wide physical 32719M (22943M free)
TotalPageFile size 37583M (AvailPageFile size 24089M)
current process WorkingSet (physical memory assigned to process): 314M, peak: 325M
current process commit charge ("private bytes"): 756M, peak: 773M

vm_info: Java HotSpot(TM) 64-Bit Server VM (16.0.2+7-67) for windows-amd64 JRE (16.0.2+7-67), built on Jun  8 2021 23:24:19 by "mach5one" with MS VC++ 16.7 (VS2019)

END.
