#
# A fatal error has been detected by the Java Runtime Environment:
#
#  EXCEPTION_ACCESS_VIOLATION (0xc0000005) at pc=0x00007ffc78b13a25, pid=23188, tid=21544
#
# JRE version: Java(TM) SE Runtime Environment (16.0.2+7) (build 16.0.2+7-67)
# Java VM: Java HotSpot(TM) 64-Bit Server VM (16.0.2+7-67, mixed mode, sharing, tiered, compressed oops, compressed class ptrs, g1 gc, windows-amd64)
# Problematic frame:
# C  [OpenAL.dll+0x13a25]
#
# No core dump will be written. Minidumps are not enabled by default on client versions of Windows
#
# If you would like to submit a bug report, please visit:
#   https://bugreport.java.com/bugreport/crash.jsp
# The crash happened outside the Java Virtual Machine in native code.
# See problematic frame for where to report the bug.
#

---------------  S U M M A R Y ------------

Command Line: -javaagent:C:\Program Files\JetBrains\IntelliJ IDEA Community Edition 2021.2\lib\idea_rt.jar=55599:C:\Program Files\JetBrains\IntelliJ IDEA Community Edition 2021.2\bin -Dfile.encoding=UTF-8 com.salami.dragon.sandbox.Sandbox

Host: AMD Ryzen 7 3700X 8-Core Processor             , 16 cores, 31G,  Windows 10 , 64 bit Build 19041 (10.0.19041.1151)
Time: Mon Sep  6 13:57:38 2021 Cen. Australia Standard Time elapsed time: 14.240332 seconds (0d 0h 0m 14s)

---------------  T H R E A D  ---------------

Current thread (0x000002058bfab860):  JavaThread "main" [_thread_in_native, id=21544, stack(0x000000073f700000,0x000000073f800000)]

Stack: [0x000000073f700000,0x000000073f800000],  sp=0x000000073f7ff060,  free space=1020k
Native frames: (J=compiled Java code, j=interpreted, Vv=VM code, C=native code)
C  [OpenAL.dll+0x13a25]

Java frames: (J=compiled Java code, j=interpreted, Vv=VM code)
j  org.lwjgl.system.JNI.invokePZ(JJ)Z+0
j  org.lwjgl.openal.ALC10.alcCloseDevice(J)Z+20
j  com.salami.dragon.engine.audio.Audio.cleanup()V+124
j  com.salami.dragon.engine.Application.stop()V+12
j  com.salami.dragon.engine.Application.tick()V+207
j  com.salami.dragon.engine.Application.start()V+15
j  com.salami.dragon.engine.Application.<init>(Lcom/salami/dragon/engine/IApplication;)V+83
j  com.salami.dragon.engine.Application.registerApp(Lcom/salami/dragon/engine/IApplication;)V+13
j  com.salami.dragon.sandbox.Sandbox.main([Ljava/lang/String;)V+17
v  ~StubRoutines::call_stub

siginfo: EXCEPTION_ACCESS_VIOLATION (0xc0000005), reading address 0x0000000000008b40


Register to memory mapping:

RIP=0x00007ffc78b13a25 OpenAL.dll
RAX=0x0 is NULL
RBX=0x00000205c124db20 is an unknown value
RCX=0x0 is NULL
RDX=0x000000073f7ff128 is pointing into the stack for thread: 0x000002058bfab860
RSP=0x000000073f7ff060 is pointing into the stack for thread: 0x000002058bfab860
RBP=0x000000073f7ff118 is pointing into the stack for thread: 0x000002058bfab860
RSI=0x0000000000000148 is an unknown value
RDI=0x00000000000018f3 is an unknown value
R8 =0x00000205c124db20 is an unknown value
R9 =0x00007ffc78b13a00 OpenAL.dll
R10=0x000002059373dcf3 is at code_begin+979 in an Interpreter codelet
method entry point (kind = native)  [0x000002059373d920, 0x000002059373e300]  2528 bytes
R11=0x000000042b502d00 is an oop: java.lang.Class 
{0x000000042b502d00} - klass: 'java/lang/Class'
R12=0x0 is NULL
R13={method} {0x00000205b94be9f0} 'invokePZ' '(JJ)Z' in 'org/lwjgl/system/JNI'
R14=0x000000073f7ff150 is pointing into the stack for thread: 0x000002058bfab860
R15=0x000002058bfab860 is a thread


Registers:
RAX=0x0000000000000000, RBX=0x00000205c124db20, RCX=0x0000000000000000, RDX=0x000000073f7ff128
RSP=0x000000073f7ff060, RBP=0x000000073f7ff118, RSI=0x0000000000000148, RDI=0x00000000000018f3
R8 =0x00000205c124db20, R9 =0x00007ffc78b13a00, R10=0x000002059373dcf3, R11=0x000000042b502d00
R12=0x0000000000000000, R13=0x00000205b94be9e8, R14=0x000000073f7ff150, R15=0x000002058bfab860
RIP=0x00007ffc78b13a25, EFLAGS=0x0000000000010283

Top of Stack: (sp=0x000000073f7ff060)
0x000000073f7ff060:   000000043f14ee08 00000008003d2480
0x000000073f7ff070:   00000000000018f2 00007ffc78b13171
0x000000073f7ff080:   00000205b94be9e8 000002059373dd22
0x000000073f7ff090:   00000205b94bb3e0 0000000000000148
0x000000073f7ff0a0:   0000000000000002 00000000000000b8
0x000000073f7ff0b0:   000000073f7ff1c0 000002059b387714
0x000000073f7ff0c0:   0000000000000000 0000000000000000
0x000000073f7ff0d0:   000000073f7ff0d0 0000000000000000
0x000000073f7ff0e0:   000000073f7ff150 00000205b94e4bc0
0x000000073f7ff0f0:   0000000000000000 000000042b502d00
0x000000073f7ff100:   00000205b94be9e8 0000000000000000
0x000000073f7ff110:   000000073f7ff138 000000073f7ff1a0
0x000000073f7ff120:   0000020593739626 000000042b502d00
0x000000073f7ff130:   000002059373b2c0 00007ffc78b13a00
0x000000073f7ff140:   0000000000000000 00000205c124db20
0x000000073f7ff150:   0000000000000000 000000073f7ff158 

Instructions: (pc=0x00007ffc78b13a25)
0x00007ffc78b13925:   eb b7 03 00 85 c0 75 10 c7 43 28 f4 ff 00 00 c7
0x00007ffc78b13935:   43 2c f6 ff 00 00 eb 4d 48 8b 4c 24 68 48 8d 15
0x00007ffc78b13945:   47 95 06 00 e8 c6 b7 03 00 85 c0 75 10 c7 43 28
0x00007ffc78b13955:   f4 ff 00 00 c7 43 2c f7 ff 00 00 eb 28 83 3d 97
0x00007ffc78b13965:   86 0e 00 01 7c 1f 4c 8b 4c 24 68 4c 8d 05 21 95
0x00007ffc78b13975:   06 00 48 8d 15 ba 5d 06 00 48 8d 0d 67 ce 05 00
0x00007ffc78b13985:   e8 06 04 02 00 48 8b 05 a7 92 0e 00 48 89 83 40
0x00007ffc78b13995:   8b 00 00 48 8b c8 f0 48 0f b1 1d 94 92 0e 00 48
0x00007ffc78b139a5:   3b c8 75 e8 83 3d 50 86 0e 00 03 7c 2f 48 8b 43
0x00007ffc78b139b5:   38 48 85 c0 74 04 48 8d 78 10 4c 8b cb 48 89 7c
0x00007ffc78b139c5:   24 20 4c 8d 05 ea 94 06 00 48 8d 15 63 5d 06 00
0x00007ffc78b139d5:   48 8d 0d d8 ce 05 00 e8 af 03 02 00 48 8b c3 48
0x00007ffc78b139e5:   8b 6c 24 70 48 8b 5c 24 60 4c 8b 7c 24 30 48 83
0x00007ffc78b139f5:   c4 50 5f c3 cc cc cc cc cc cc cc 40 53 48 83 ec
0x00007ffc78b13a05:   20 48 8b d9 48 8d 0d b0 92 0e 00 ff 15 6a c6 05
0x00007ffc78b13a15:   00 48 8b 0d 1b 92 0e 00 0f 1f 00 48 3b cb 74 2b
0x00007ffc78b13a25:   48 8b 89 40 8b 00 00 48 85 c9 75 ef ba 01 a0 00
0x00007ffc78b13a35:   00 e8 35 60 00 00 48 8d 0d 7e 92 0e 00 ff 15 40
0x00007ffc78b13a45:   c6 05 00 32 c0 48 83 c4 20 5b c3 48 85 c9 74 dc
0x00007ffc78b13a55:   83 79 08 01 74 d6 48 89 6c 24 30 48 8d ab 10 8b
0x00007ffc78b13a65:   00 00 48 89 7c 24 40 48 85 ed 74 09 48 8b cd ff
0x00007ffc78b13a75:   15 06 c6 05 00 4c 8b 83 40 8b 00 00 48 8b c3 f0
0x00007ffc78b13a85:   4c 0f b1 05 ab 91 0e 00 48 8b d0 48 3b d8 74 1f
0x00007ffc78b13a95:   66 66 66 0f 1f 84 00 00 00 00 00 48 8b c3 f0 4c
0x00007ffc78b13aa5:   0f b1 82 40 8b 00 00 48 8b d0 48 3b d8 75 ec 48
0x00007ffc78b13ab5:   8d 0d 05 92 0e 00 ff 15 c7 c5 05 00 48 8b bb 08
0x00007ffc78b13ac5:   8b 00 00 48 85 ff 74 58 48 89 74 24 38 0f 1f 40
0x00007ffc78b13ad5:   00 66 66 0f 1f 84 00 00 00 00 00 48 8b b7 88 01
0x00007ffc78b13ae5:   00 00 83 3d 12 85 0e 00 02 7c 1d 4c 8b cf 4c 8d
0x00007ffc78b13af5:   05 de 93 06 00 48 8d 15 47 5c 06 00 48 8d 0d 08
0x00007ffc78b13b05:   ce 05 00 e8 83 02 02 00 48 8b d3 48 8b cf e8 18
0x00007ffc78b13b15:   3e 00 00 48 8b fe 48 85 f6 75 c0 48 8b 74 24 38 


Stack slot to memory mapping:
stack at sp + 0 slots: 0x000000043f14ee08 is an oop: java.util.HashMap$ValueIterator 
{0x000000043f14ee08} - klass: 'java/util/HashMap$ValueIterator'
stack at sp + 1 slots: {method} {0x00000008003d2488} '<init>' '(Ljava/util/HashMap;)V' in 'java/util/HashMap$HashIterator'
stack at sp + 2 slots: 0x00000000000018f2 is an unknown value
stack at sp + 3 slots: 0x00007ffc78b13171 OpenAL.dll
stack at sp + 4 slots: {method} {0x00000205b94be9f0} 'invokePZ' '(JJ)Z' in 'org/lwjgl/system/JNI'
stack at sp + 5 slots: 0x000002059373dd22 is at code_begin+1026 in an Interpreter codelet
method entry point (kind = native)  [0x000002059373d920, 0x000002059373e300]  2528 bytes
stack at sp + 6 slots: {method} {0x00000205b94bb3e8} 'invokePV' '(JJ)V' in 'org/lwjgl/system/JNI'
stack at sp + 7 slots: 0x0000000000000148 is an unknown value


---------------  P R O C E S S  ---------------

Threads class SMR info:
_java_thread_list=0x00000205c134e940, length=13, elements={
0x000002058bfab860, 0x00000205b8f145d0, 0x00000205b8f15490, 0x00000205b8f26d10,
0x00000205b8f27820, 0x00000205b8f28220, 0x00000205b8f2b440, 0x00000205b8f2dca0,
0x00000205b8f2e790, 0x00000205b991c870, 0x00000205b9a0f290, 0x00000205b9a10280,
0x00000205b9a0fd30
}

Java Threads: ( => current thread )
=>0x000002058bfab860 JavaThread "main" [_thread_in_native, id=21544, stack(0x000000073f700000,0x000000073f800000)]
  0x00000205b8f145d0 JavaThread "Reference Handler" daemon [_thread_blocked, id=18872, stack(0x000000073fe00000,0x000000073ff00000)]
  0x00000205b8f15490 JavaThread "Finalizer" daemon [_thread_blocked, id=17044, stack(0x000000073ff00000,0x0000000740000000)]
  0x00000205b8f26d10 JavaThread "Signal Dispatcher" daemon [_thread_blocked, id=22840, stack(0x0000000740000000,0x0000000740100000)]
  0x00000205b8f27820 JavaThread "Attach Listener" daemon [_thread_blocked, id=9108, stack(0x0000000740100000,0x0000000740200000)]
  0x00000205b8f28220 JavaThread "Service Thread" daemon [_thread_blocked, id=16432, stack(0x0000000740200000,0x0000000740300000)]
  0x00000205b8f2b440 JavaThread "Monitor Deflation Thread" daemon [_thread_blocked, id=22108, stack(0x0000000740300000,0x0000000740400000)]
  0x00000205b8f2dca0 JavaThread "C2 CompilerThread0" daemon [_thread_blocked, id=19028, stack(0x0000000740400000,0x0000000740500000)]
  0x00000205b8f2e790 JavaThread "C1 CompilerThread0" daemon [_thread_blocked, id=13916, stack(0x0000000740500000,0x0000000740600000)]
  0x00000205b991c870 JavaThread "Sweeper thread" daemon [_thread_blocked, id=20056, stack(0x0000000740600000,0x0000000740700000)]
  0x00000205b9a0f290 JavaThread "Common-Cleaner" daemon [_thread_blocked, id=18928, stack(0x0000000740700000,0x0000000740800000)]
  0x00000205b9a10280 JavaThread "Monitor Ctrl-Break" daemon [_thread_in_native, id=23048, stack(0x0000000740a00000,0x0000000740b00000)]
  0x00000205b9a0fd30 JavaThread "Notification Thread" daemon [_thread_blocked, id=12284, stack(0x0000000740b00000,0x0000000740c00000)]

Other Threads:
  0x00000205b8f0f580 VMThread "VM Thread" [stack: 0x000000073fd00000,0x000000073fe00000] [id=11212]
  0x00000205b9b9fbd0 WatcherThread [stack: 0x0000000740c00000,0x0000000740d00000] [id=10356]
  0x000002058c023190 GCTaskThread "GC Thread#0" [stack: 0x000000073f800000,0x000000073f900000] [id=13572]
  0x00000205b9fbb4c0 GCTaskThread "GC Thread#1" [stack: 0x0000000741400000,0x0000000741500000] [id=16344]
  0x00000205b9fbd360 GCTaskThread "GC Thread#2" [stack: 0x0000000741500000,0x0000000741600000] [id=7416]
  0x00000205b9fbc720 GCTaskThread "GC Thread#3" [stack: 0x0000000741600000,0x0000000741700000] [id=15704]
  0x00000205b9fbb1b0 GCTaskThread "GC Thread#4" [stack: 0x0000000741700000,0x0000000741800000] [id=15224]
  0x00000205b9fba570 GCTaskThread "GC Thread#5" [stack: 0x0000000741800000,0x0000000741900000] [id=5304]
  0x00000205b9fbc410 GCTaskThread "GC Thread#6" [stack: 0x0000000741900000,0x0000000741a00000] [id=11936]
  0x00000205b9fb9c40 GCTaskThread "GC Thread#7" [stack: 0x0000000741a00000,0x0000000741b00000] [id=23728]
  0x00000205b9fbca30 GCTaskThread "GC Thread#8" [stack: 0x0000000741b00000,0x0000000741c00000] [id=24016]
  0x00000205b9fbab90 GCTaskThread "GC Thread#9" [stack: 0x0000000741c00000,0x0000000741d00000] [id=21104]
  0x00000205b9fba260 GCTaskThread "GC Thread#10" [stack: 0x0000000741d00000,0x0000000741e00000] [id=11972]
  0x00000205b9fbb7d0 GCTaskThread "GC Thread#11" [stack: 0x0000000741e00000,0x0000000741f00000] [id=19276]
  0x000002058c034160 ConcurrentGCThread "G1 Main Marker" [stack: 0x000000073f900000,0x000000073fa00000] [id=20656]
  0x000002058c035370 ConcurrentGCThread "G1 Conc#0" [stack: 0x000000073fa00000,0x000000073fb00000] [id=12552]
  0x00000205b8dc44f0 ConcurrentGCThread "G1 Refine#0" [stack: 0x000000073fb00000,0x000000073fc00000] [id=9848]
  0x00000205b8dc4f70 ConcurrentGCThread "G1 Service" [stack: 0x000000073fc00000,0x000000073fd00000] [id=18684]

Threads with active compile tasks:

VM state: not at safepoint (normal execution)

VM Mutex/Monitor currently owned by a thread: None

Heap address: 0x000000042b000000, size: 8180 MB, Compressed Oops mode: Zero based, Oop shift amount: 3

CDS archive(s) mapped at: [0x0000000800000000-0x0000000800bb0000-0x0000000800bb0000), size 12255232, SharedBaseAddress: 0x0000000800000000, ArchiveRelocationMode: 0.
Compressed class space mapped at: 0x0000000800c00000-0x0000000840c00000, reserved size: 1073741824
Narrow klass base: 0x0000000800000000, Narrow klass shift: 3, Narrow klass range: 0x100000000

GC Precious Log:
 CPUs: 16 total, 16 available
 Memory: 32719M
 Large Page Support: Disabled
 NUMA Support: Disabled
 Compressed Oops: Enabled (Zero based)
 Heap Region Size: 4M
 Heap Min Capacity: 8M
 Heap Initial Capacity: 512M
 Heap Max Capacity: 8180M
 Pre-touch: Disabled
 Parallel Workers: 13
 Concurrent Workers: 3
 Concurrent Refinement Workers: 13
 Periodic GC: Disabled

Heap:
 garbage-first heap   total 524288K, used 199468K [0x000000042b000000, 0x000000062a400000)
  region size 4096K, 48 young (196608K), 2 survivors (8192K)
 Metaspace       used 9377K, committed 9600K, reserved 1064960K
  class space    used 470K, committed 576K, reserved 1048576K

Heap Regions: E=young(eden), S=young(survivor), O=old, HS=humongous(starts), HC=humongous(continues), CS=collection set, F=free, OA=open archive, CA=closed archive, TAMS=top-at-mark-start (previous, next)
|   0|0x000000042b000000, 0x000000042b400000, 0x000000042b400000|100%| O|  |TAMS 0x000000042b000000, 0x000000042b000000| Untracked 
|   1|0x000000042b400000, 0x000000042b800000, 0x000000042b800000|100%| O|  |TAMS 0x000000042b400000, 0x000000042b400000| Untracked 
|   2|0x000000042b800000, 0x000000042b9af600, 0x000000042bc00000| 42%| O|  |TAMS 0x000000042b800000, 0x000000042b800000| Untracked 
|   3|0x000000042bc00000, 0x000000042bc00000, 0x000000042c000000|  0%| F|  |TAMS 0x000000042bc00000, 0x000000042bc00000| Untracked 
|   4|0x000000042c000000, 0x000000042c000000, 0x000000042c400000|  0%| F|  |TAMS 0x000000042c000000, 0x000000042c000000| Untracked 
|   5|0x000000042c400000, 0x000000042c400000, 0x000000042c800000|  0%| F|  |TAMS 0x000000042c400000, 0x000000042c400000| Untracked 
|   6|0x000000042c800000, 0x000000042c800000, 0x000000042cc00000|  0%| F|  |TAMS 0x000000042c800000, 0x000000042c800000| Untracked 
|   7|0x000000042cc00000, 0x000000042cc00000, 0x000000042d000000|  0%| F|  |TAMS 0x000000042cc00000, 0x000000042cc00000| Untracked 
|   8|0x000000042d000000, 0x000000042d000000, 0x000000042d400000|  0%| F|  |TAMS 0x000000042d000000, 0x000000042d000000| Untracked 
|   9|0x000000042d400000, 0x000000042d400000, 0x000000042d800000|  0%| F|  |TAMS 0x000000042d400000, 0x000000042d400000| Untracked 
|  10|0x000000042d800000, 0x000000042d800000, 0x000000042dc00000|  0%| F|  |TAMS 0x000000042d800000, 0x000000042d800000| Untracked 
|  11|0x000000042dc00000, 0x000000042dc00000, 0x000000042e000000|  0%| F|  |TAMS 0x000000042dc00000, 0x000000042dc00000| Untracked 
|  12|0x000000042e000000, 0x000000042e000000, 0x000000042e400000|  0%| F|  |TAMS 0x000000042e000000, 0x000000042e000000| Untracked 
|  13|0x000000042e400000, 0x000000042e400000, 0x000000042e800000|  0%| F|  |TAMS 0x000000042e400000, 0x000000042e400000| Untracked 
|  14|0x000000042e800000, 0x000000042e800000, 0x000000042ec00000|  0%| F|  |TAMS 0x000000042e800000, 0x000000042e800000| Untracked 
|  15|0x000000042ec00000, 0x000000042ec00000, 0x000000042f000000|  0%| F|  |TAMS 0x000000042ec00000, 0x000000042ec00000| Untracked 
|  16|0x000000042f000000, 0x000000042f000000, 0x000000042f400000|  0%| F|  |TAMS 0x000000042f000000, 0x000000042f000000| Untracked 
|  17|0x000000042f400000, 0x000000042f400000, 0x000000042f800000|  0%| F|  |TAMS 0x000000042f400000, 0x000000042f400000| Untracked 
|  18|0x000000042f800000, 0x000000042f800000, 0x000000042fc00000|  0%| F|  |TAMS 0x000000042f800000, 0x000000042f800000| Untracked 
|  19|0x000000042fc00000, 0x000000042fc00000, 0x0000000430000000|  0%| F|  |TAMS 0x000000042fc00000, 0x000000042fc00000| Untracked 
|  20|0x0000000430000000, 0x0000000430000000, 0x0000000430400000|  0%| F|  |TAMS 0x0000000430000000, 0x0000000430000000| Untracked 
|  21|0x0000000430400000, 0x0000000430400000, 0x0000000430800000|  0%| F|  |TAMS 0x0000000430400000, 0x0000000430400000| Untracked 
|  22|0x0000000430800000, 0x0000000430800000, 0x0000000430c00000|  0%| F|  |TAMS 0x0000000430800000, 0x0000000430800000| Untracked 
|  23|0x0000000430c00000, 0x0000000430c00000, 0x0000000431000000|  0%| F|  |TAMS 0x0000000430c00000, 0x0000000430c00000| Untracked 
|  24|0x0000000431000000, 0x0000000431000000, 0x0000000431400000|  0%| F|  |TAMS 0x0000000431000000, 0x0000000431000000| Untracked 
|  25|0x0000000431400000, 0x0000000431400000, 0x0000000431800000|  0%| F|  |TAMS 0x0000000431400000, 0x0000000431400000| Untracked 
|  26|0x0000000431800000, 0x0000000431800000, 0x0000000431c00000|  0%| F|  |TAMS 0x0000000431800000, 0x0000000431800000| Untracked 
|  27|0x0000000431c00000, 0x0000000431c00000, 0x0000000432000000|  0%| F|  |TAMS 0x0000000431c00000, 0x0000000431c00000| Untracked 
|  28|0x0000000432000000, 0x0000000432000000, 0x0000000432400000|  0%| F|  |TAMS 0x0000000432000000, 0x0000000432000000| Untracked 
|  29|0x0000000432400000, 0x0000000432400000, 0x0000000432800000|  0%| F|  |TAMS 0x0000000432400000, 0x0000000432400000| Untracked 
|  30|0x0000000432800000, 0x0000000432800000, 0x0000000432c00000|  0%| F|  |TAMS 0x0000000432800000, 0x0000000432800000| Untracked 
|  31|0x0000000432c00000, 0x0000000432c00000, 0x0000000433000000|  0%| F|  |TAMS 0x0000000432c00000, 0x0000000432c00000| Untracked 
|  32|0x0000000433000000, 0x0000000433000000, 0x0000000433400000|  0%| F|  |TAMS 0x0000000433000000, 0x0000000433000000| Untracked 
|  33|0x0000000433400000, 0x0000000433400000, 0x0000000433800000|  0%| F|  |TAMS 0x0000000433400000, 0x0000000433400000| Untracked 
|  34|0x0000000433800000, 0x0000000433800000, 0x0000000433c00000|  0%| F|  |TAMS 0x0000000433800000, 0x0000000433800000| Untracked 
|  35|0x0000000433c00000, 0x0000000433c00000, 0x0000000434000000|  0%| F|  |TAMS 0x0000000433c00000, 0x0000000433c00000| Untracked 
|  36|0x0000000434000000, 0x0000000434000000, 0x0000000434400000|  0%| F|  |TAMS 0x0000000434000000, 0x0000000434000000| Untracked 
|  37|0x0000000434400000, 0x0000000434400000, 0x0000000434800000|  0%| F|  |TAMS 0x0000000434400000, 0x0000000434400000| Untracked 
|  38|0x0000000434800000, 0x0000000434800000, 0x0000000434c00000|  0%| F|  |TAMS 0x0000000434800000, 0x0000000434800000| Untracked 
|  39|0x0000000434c00000, 0x0000000434c00000, 0x0000000435000000|  0%| F|  |TAMS 0x0000000434c00000, 0x0000000434c00000| Untracked 
|  40|0x0000000435000000, 0x0000000435000000, 0x0000000435400000|  0%| F|  |TAMS 0x0000000435000000, 0x0000000435000000| Untracked 
|  41|0x0000000435400000, 0x0000000435400000, 0x0000000435800000|  0%| F|  |TAMS 0x0000000435400000, 0x0000000435400000| Untracked 
|  42|0x0000000435800000, 0x0000000435800000, 0x0000000435c00000|  0%| F|  |TAMS 0x0000000435800000, 0x0000000435800000| Untracked 
|  43|0x0000000435c00000, 0x0000000435c00000, 0x0000000436000000|  0%| F|  |TAMS 0x0000000435c00000, 0x0000000435c00000| Untracked 
|  44|0x0000000436000000, 0x0000000436000000, 0x0000000436400000|  0%| F|  |TAMS 0x0000000436000000, 0x0000000436000000| Untracked 
|  45|0x0000000436400000, 0x0000000436400000, 0x0000000436800000|  0%| F|  |TAMS 0x0000000436400000, 0x0000000436400000| Untracked 
|  46|0x0000000436800000, 0x0000000436800000, 0x0000000436c00000|  0%| F|  |TAMS 0x0000000436800000, 0x0000000436800000| Untracked 
|  47|0x0000000436c00000, 0x0000000436c00000, 0x0000000437000000|  0%| F|  |TAMS 0x0000000436c00000, 0x0000000436c00000| Untracked 
|  48|0x0000000437000000, 0x0000000437000000, 0x0000000437400000|  0%| F|  |TAMS 0x0000000437000000, 0x0000000437000000| Untracked 
|  49|0x0000000437400000, 0x0000000437400000, 0x0000000437800000|  0%| F|  |TAMS 0x0000000437400000, 0x0000000437400000| Untracked 
|  50|0x0000000437800000, 0x0000000437800000, 0x0000000437c00000|  0%| F|  |TAMS 0x0000000437800000, 0x0000000437800000| Untracked 
|  51|0x0000000437c00000, 0x0000000437c00000, 0x0000000438000000|  0%| F|  |TAMS 0x0000000437c00000, 0x0000000437c00000| Untracked 
|  52|0x0000000438000000, 0x0000000438000000, 0x0000000438400000|  0%| F|  |TAMS 0x0000000438000000, 0x0000000438000000| Untracked 
|  53|0x0000000438400000, 0x0000000438400000, 0x0000000438800000|  0%| F|  |TAMS 0x0000000438400000, 0x0000000438400000| Untracked 
|  54|0x0000000438800000, 0x0000000438800000, 0x0000000438c00000|  0%| F|  |TAMS 0x0000000438800000, 0x0000000438800000| Untracked 
|  55|0x0000000438c00000, 0x0000000438c00000, 0x0000000439000000|  0%| F|  |TAMS 0x0000000438c00000, 0x0000000438c00000| Untracked 
|  56|0x0000000439000000, 0x0000000439000000, 0x0000000439400000|  0%| F|  |TAMS 0x0000000439000000, 0x0000000439000000| Untracked 
|  57|0x0000000439400000, 0x0000000439400000, 0x0000000439800000|  0%| F|  |TAMS 0x0000000439400000, 0x0000000439400000| Untracked 
|  58|0x0000000439800000, 0x0000000439800000, 0x0000000439c00000|  0%| F|  |TAMS 0x0000000439800000, 0x0000000439800000| Untracked 
|  59|0x0000000439c00000, 0x0000000439c00000, 0x000000043a000000|  0%| F|  |TAMS 0x0000000439c00000, 0x0000000439c00000| Untracked 
|  60|0x000000043a000000, 0x000000043a000000, 0x000000043a400000|  0%| F|  |TAMS 0x000000043a000000, 0x000000043a000000| Untracked 
|  61|0x000000043a400000, 0x000000043a400000, 0x000000043a800000|  0%| F|  |TAMS 0x000000043a400000, 0x000000043a400000| Untracked 
|  62|0x000000043a800000, 0x000000043a800000, 0x000000043ac00000|  0%| F|  |TAMS 0x000000043a800000, 0x000000043a800000| Untracked 
|  63|0x000000043ac00000, 0x000000043ac00000, 0x000000043b000000|  0%| F|  |TAMS 0x000000043ac00000, 0x000000043ac00000| Untracked 
|  64|0x000000043b000000, 0x000000043b000000, 0x000000043b400000|  0%| F|  |TAMS 0x000000043b000000, 0x000000043b000000| Untracked 
|  65|0x000000043b400000, 0x000000043b400000, 0x000000043b800000|  0%| F|  |TAMS 0x000000043b400000, 0x000000043b400000| Untracked 
|  66|0x000000043b800000, 0x000000043b800000, 0x000000043bc00000|  0%| F|  |TAMS 0x000000043b800000, 0x000000043b800000| Untracked 
|  67|0x000000043bc00000, 0x000000043bc00000, 0x000000043c000000|  0%| F|  |TAMS 0x000000043bc00000, 0x000000043bc00000| Untracked 
|  68|0x000000043c000000, 0x000000043c000000, 0x000000043c400000|  0%| F|  |TAMS 0x000000043c000000, 0x000000043c000000| Untracked 
|  69|0x000000043c400000, 0x000000043c400000, 0x000000043c800000|  0%| F|  |TAMS 0x000000043c400000, 0x000000043c400000| Untracked 
|  70|0x000000043c800000, 0x000000043c800000, 0x000000043cc00000|  0%| F|  |TAMS 0x000000043c800000, 0x000000043c800000| Untracked 
|  71|0x000000043cc00000, 0x000000043cc00000, 0x000000043d000000|  0%| F|  |TAMS 0x000000043cc00000, 0x000000043cc00000| Untracked 
|  72|0x000000043d000000, 0x000000043d000000, 0x000000043d400000|  0%| F|  |TAMS 0x000000043d000000, 0x000000043d000000| Untracked 
|  73|0x000000043d400000, 0x000000043d400000, 0x000000043d800000|  0%| F|  |TAMS 0x000000043d400000, 0x000000043d400000| Untracked 
|  74|0x000000043d800000, 0x000000043d800000, 0x000000043dc00000|  0%| F|  |TAMS 0x000000043d800000, 0x000000043d800000| Untracked 
|  75|0x000000043dc00000, 0x000000043dc00000, 0x000000043e000000|  0%| F|  |TAMS 0x000000043dc00000, 0x000000043dc00000| Untracked 
|  76|0x000000043e000000, 0x000000043e000000, 0x000000043e400000|  0%| F|  |TAMS 0x000000043e000000, 0x000000043e000000| Untracked 
|  77|0x000000043e400000, 0x000000043e400000, 0x000000043e800000|  0%| F|  |TAMS 0x000000043e400000, 0x000000043e400000| Untracked 
|  78|0x000000043e800000, 0x000000043e800000, 0x000000043ec00000|  0%| F|  |TAMS 0x000000043e800000, 0x000000043e800000| Untracked 
|  79|0x000000043ec00000, 0x000000043ec00000, 0x000000043f000000|  0%| F|  |TAMS 0x000000043ec00000, 0x000000043ec00000| Untracked 
|  80|0x000000043f000000, 0x000000043f200800, 0x000000043f400000| 50%| E|  |TAMS 0x000000043f000000, 0x000000043f000000| Complete 
|  81|0x000000043f400000, 0x000000043f800000, 0x000000043f800000|100%| E|CS|TAMS 0x000000043f400000, 0x000000043f400000| Complete 
|  82|0x000000043f800000, 0x000000043fc00000, 0x000000043fc00000|100%| E|CS|TAMS 0x000000043f800000, 0x000000043f800000| Complete 
|  83|0x000000043fc00000, 0x0000000440000000, 0x0000000440000000|100%| E|CS|TAMS 0x000000043fc00000, 0x000000043fc00000| Complete 
|  84|0x0000000440000000, 0x0000000440400000, 0x0000000440400000|100%| E|CS|TAMS 0x0000000440000000, 0x0000000440000000| Complete 
|  85|0x0000000440400000, 0x0000000440800000, 0x0000000440800000|100%| E|CS|TAMS 0x0000000440400000, 0x0000000440400000| Complete 
|  86|0x0000000440800000, 0x0000000440c00000, 0x0000000440c00000|100%| E|CS|TAMS 0x0000000440800000, 0x0000000440800000| Complete 
|  87|0x0000000440c00000, 0x0000000441000000, 0x0000000441000000|100%| E|CS|TAMS 0x0000000440c00000, 0x0000000440c00000| Complete 
|  88|0x0000000441000000, 0x0000000441400000, 0x0000000441400000|100%| E|CS|TAMS 0x0000000441000000, 0x0000000441000000| Complete 
|  89|0x0000000441400000, 0x0000000441800000, 0x0000000441800000|100%| E|CS|TAMS 0x0000000441400000, 0x0000000441400000| Complete 
|  90|0x0000000441800000, 0x0000000441c00000, 0x0000000441c00000|100%| E|CS|TAMS 0x0000000441800000, 0x0000000441800000| Complete 
|  91|0x0000000441c00000, 0x0000000442000000, 0x0000000442000000|100%| E|CS|TAMS 0x0000000441c00000, 0x0000000441c00000| Complete 
|  92|0x0000000442000000, 0x0000000442400000, 0x0000000442400000|100%| E|CS|TAMS 0x0000000442000000, 0x0000000442000000| Complete 
|  93|0x0000000442400000, 0x0000000442800000, 0x0000000442800000|100%| E|CS|TAMS 0x0000000442400000, 0x0000000442400000| Complete 
|  94|0x0000000442800000, 0x0000000442c00000, 0x0000000442c00000|100%| E|CS|TAMS 0x0000000442800000, 0x0000000442800000| Complete 
|  95|0x0000000442c00000, 0x0000000443000000, 0x0000000443000000|100%| E|CS|TAMS 0x0000000442c00000, 0x0000000442c00000| Complete 
|  96|0x0000000443000000, 0x0000000443400000, 0x0000000443400000|100%| E|CS|TAMS 0x0000000443000000, 0x0000000443000000| Complete 
|  97|0x0000000443400000, 0x0000000443800000, 0x0000000443800000|100%| E|CS|TAMS 0x0000000443400000, 0x0000000443400000| Complete 
|  98|0x0000000443800000, 0x0000000443c00000, 0x0000000443c00000|100%| E|CS|TAMS 0x0000000443800000, 0x0000000443800000| Complete 
|  99|0x0000000443c00000, 0x0000000444000000, 0x0000000444000000|100%| E|CS|TAMS 0x0000000443c00000, 0x0000000443c00000| Complete 
| 100|0x0000000444000000, 0x0000000444400000, 0x0000000444400000|100%| E|CS|TAMS 0x0000000444000000, 0x0000000444000000| Complete 
| 101|0x0000000444400000, 0x0000000444800000, 0x0000000444800000|100%| E|CS|TAMS 0x0000000444400000, 0x0000000444400000| Complete 
| 102|0x0000000444800000, 0x0000000444c00000, 0x0000000444c00000|100%| E|CS|TAMS 0x0000000444800000, 0x0000000444800000| Complete 
| 103|0x0000000444c00000, 0x0000000445000000, 0x0000000445000000|100%| E|CS|TAMS 0x0000000444c00000, 0x0000000444c00000| Complete 
| 104|0x0000000445000000, 0x0000000445400000, 0x0000000445400000|100%| E|CS|TAMS 0x0000000445000000, 0x0000000445000000| Complete 
| 105|0x0000000445400000, 0x0000000445800000, 0x0000000445800000|100%| E|CS|TAMS 0x0000000445400000, 0x0000000445400000| Complete 
| 106|0x0000000445800000, 0x0000000445c00000, 0x0000000445c00000|100%| E|CS|TAMS 0x0000000445800000, 0x0000000445800000| Complete 
| 107|0x0000000445c00000, 0x0000000446000000, 0x0000000446000000|100%| E|CS|TAMS 0x0000000445c00000, 0x0000000445c00000| Complete 
| 108|0x0000000446000000, 0x0000000446400000, 0x0000000446400000|100%| E|CS|TAMS 0x0000000446000000, 0x0000000446000000| Complete 
| 109|0x0000000446400000, 0x0000000446800000, 0x0000000446800000|100%| E|CS|TAMS 0x0000000446400000, 0x0000000446400000| Complete 
| 110|0x0000000446800000, 0x0000000446c00000, 0x0000000446c00000|100%| E|CS|TAMS 0x0000000446800000, 0x0000000446800000| Complete 
| 111|0x0000000446c00000, 0x0000000447000000, 0x0000000447000000|100%| E|CS|TAMS 0x0000000446c00000, 0x0000000446c00000| Complete 
| 112|0x0000000447000000, 0x0000000447400000, 0x0000000447400000|100%| E|CS|TAMS 0x0000000447000000, 0x0000000447000000| Complete 
| 113|0x0000000447400000, 0x0000000447800000, 0x0000000447800000|100%| E|CS|TAMS 0x0000000447400000, 0x0000000447400000| Complete 
| 114|0x0000000447800000, 0x0000000447c00000, 0x0000000447c00000|100%| E|CS|TAMS 0x0000000447800000, 0x0000000447800000| Complete 
| 115|0x0000000447c00000, 0x0000000448000000, 0x0000000448000000|100%| E|CS|TAMS 0x0000000447c00000, 0x0000000447c00000| Complete 
| 116|0x0000000448000000, 0x000000044811bac0, 0x0000000448400000| 27%| S|CS|TAMS 0x0000000448000000, 0x0000000448000000| Complete 
| 117|0x0000000448400000, 0x0000000448800000, 0x0000000448800000|100%| S|CS|TAMS 0x0000000448400000, 0x0000000448400000| Complete 
| 118|0x0000000448800000, 0x0000000448c00000, 0x0000000448c00000|100%| E|CS|TAMS 0x0000000448800000, 0x0000000448800000| Complete 
| 119|0x0000000448c00000, 0x0000000449000000, 0x0000000449000000|100%| E|CS|TAMS 0x0000000448c00000, 0x0000000448c00000| Complete 
| 120|0x0000000449000000, 0x0000000449400000, 0x0000000449400000|100%| E|CS|TAMS 0x0000000449000000, 0x0000000449000000| Complete 
| 121|0x0000000449400000, 0x0000000449800000, 0x0000000449800000|100%| E|CS|TAMS 0x0000000449400000, 0x0000000449400000| Complete 
| 122|0x0000000449800000, 0x0000000449c00000, 0x0000000449c00000|100%| E|CS|TAMS 0x0000000449800000, 0x0000000449800000| Complete 
| 123|0x0000000449c00000, 0x000000044a000000, 0x000000044a000000|100%| E|CS|TAMS 0x0000000449c00000, 0x0000000449c00000| Complete 
| 124|0x000000044a000000, 0x000000044a400000, 0x000000044a400000|100%| E|CS|TAMS 0x000000044a000000, 0x000000044a000000| Complete 
| 125|0x000000044a400000, 0x000000044a800000, 0x000000044a800000|100%| E|CS|TAMS 0x000000044a400000, 0x000000044a400000| Complete 
| 126|0x000000044a800000, 0x000000044ac00000, 0x000000044ac00000|100%| E|CS|TAMS 0x000000044a800000, 0x000000044a800000| Complete 
| 127|0x000000044ac00000, 0x000000044b000000, 0x000000044b000000|100%| E|CS|TAMS 0x000000044ac00000, 0x000000044ac00000| Complete 

Card table byte_map: [0x00000205a3fb0000,0x00000205a4fb0000] _byte_map_base: 0x00000205a1e58000

Marking Bits (Prev, Next): (CMBitMap*) 0x000002058c023800, (CMBitMap*) 0x000002058c023840
 Prev Bits: [0x00000205a5fb0000, 0x00000205adf80000)
 Next Bits: [0x00000205adf80000, 0x00000205b5f50000)

Polling page: 0x0000020589e10000

Metaspace:

Usage:
  Non-class:      8.70 MB used.
      Class:    470.58 KB used.
       Both:      9.16 MB used.

Virtual space:
  Non-class space:       16.00 MB reserved,       8.81 MB ( 55%) committed,  2 nodes.
      Class space:        1.00 GB reserved,     576.00 KB ( <1%) committed,  1 nodes.
              Both:        1.02 GB reserved,       9.38 MB ( <1%) committed. 

Chunk freelists:
   Non-Class:  1.67 MB
       Class:  3.42 MB
        Both:  5.09 MB

MaxMetaspaceSize: 17179869184.00 GB
CompressedClassSpaceSize: 1.00 GB
 - commit_granule_bytes: 65536.
 - commit_granule_words: 8192.
 - virtual_space_node_default_size: 1048576.
 - enlarge_chunks_in_place: 1.
 - new_chunks_are_fully_committed: 0.
 - uncommit_free_chunks: 1.
 - use_allocation_guard: 0.
 - handle_deallocations: 1.


Internal statistics:

num_allocs_failed_limit: 0.
num_arena_births: 68.
num_arena_deaths: 0.
num_vsnodes_births: 3.
num_vsnodes_deaths: 0.
num_space_committed: 148.
num_space_uncommitted: 0.
num_chunks_returned_to_freelist: 0.
num_chunks_taken_from_freelist: 317.
num_chunk_merges: 0.
num_chunk_splits: 251.
num_chunks_enlarged: 213.
num_purges: 0.

CodeHeap 'non-profiled nmethods': size=119168Kb used=823Kb max_used=823Kb free=118344Kb
 bounds [0x000002059b2d0000, 0x000002059b540000, 0x00000205a2730000]
CodeHeap 'profiled nmethods': size=119104Kb used=3095Kb max_used=3095Kb free=116008Kb
 bounds [0x0000020593e80000, 0x0000020594190000, 0x000002059b2d0000]
CodeHeap 'non-nmethods': size=7488Kb used=1677Kb max_used=3382Kb free=5810Kb
 bounds [0x0000020593730000, 0x0000020593a90000, 0x0000020593e80000]
 total_blobs=2829 nmethods=1707 adapters=1035
 compilation: enabled
              stopped_count=0, restarted_count=0
 full_count=0

Compilation events (20 events):
Event: 10.670 Thread 0x00000205c12cce60 1698   !   4       java.util.ImmutableCollections$ListItr::next (34 bytes)
Event: 10.671 Thread 0x00000205c12cce60 nmethod 1698 0x000002059b399810 code [0x000002059b3999a0, 0x000002059b399ab8]
Event: 11.587 Thread 0x00000205b8f2e790 1699       3       org.lwjgl.system.dyncall.DynCallback::dcbArgInt (16 bytes)
Event: 11.587 Thread 0x00000205b8f2e790 nmethod 1699 0x0000020594185790 code [0x0000020594185960, 0x0000020594185bf8]
Event: 12.024 Thread 0x00000205b8f2dca0 1701       4       java.util.HashMap$KeyIterator::next (8 bytes)
Event: 12.027 Thread 0x00000205b8f2dca0 nmethod 1701 0x000002059b39a010 code [0x000002059b39a1a0, 0x000002059b39a5b8]
Event: 13.545 Thread 0x00000205b8f2dca0 1702       4       java.util.stream.StreamOpFlag::fromCharacteristics (37 bytes)
Event: 13.546 Thread 0x00000205b8f2dca0 nmethod 1702 0x000002059b39a790 code [0x000002059b39a920, 0x000002059b39a9d8]
Event: 13.635 Thread 0x00000205b8f2dca0 1703       4       java.util.Collection::stream (11 bytes)
Event: 13.638 Thread 0x00000205b8f2dca0 nmethod 1703 0x000002059b39ab10 code [0x000002059b39acc0, 0x000002059b39b018]
Event: 13.774 Thread 0x00000205b8f2dca0 1704       4       java.util.ImmutableCollections$AbstractImmutableList::iterator (13 bytes)
Event: 13.775 Thread 0x00000205b8f2dca0 nmethod 1704 0x000002059b39b210 code [0x000002059b39b3a0, 0x000002059b39b538]
Event: 13.788 Thread 0x00000205b8f2dca0 1705       4       java.util.HashMap::values (25 bytes)
Event: 13.789 Thread 0x00000205b8f2dca0 nmethod 1705 0x000002059b39b690 code [0x000002059b39b820, 0x000002059b39b8b8]
Event: 13.795 Thread 0x00000205b8f2dca0 1706       4       java.util.stream.AbstractPipeline::evaluateToArrayNode (78 bytes)
Event: 13.806 Thread 0x00000205b8f2dca0 nmethod 1706 0x000002059b39b990 code [0x000002059b39bb80, 0x000002059b39c798]
Event: 13.806 Thread 0x00000205b8f2dca0 1707       4       java.util.stream.ReferencePipeline::toList (13 bytes)
Event: 13.808 Thread 0x00000205b8f2dca0 nmethod 1707 0x000002059b39d290 code [0x000002059b39d440, 0x000002059b39d648]
Event: 14.094 Thread 0x00000205b8f2dca0 1708       4       com.salami.dragon.engine.render.mesh.Mesh::initRender (62 bytes)
Event: 14.095 Thread 0x00000205b8f2dca0 nmethod 1708 0x000002059b39d910 code [0x000002059b39dac0, 0x000002059b39dc08]

GC Heap History (6 events):
Event: 0.869 GC heap before
{Heap before GC invocations=0 (full 0):
 garbage-first heap   total 524288K, used 20480K [0x000000042b000000, 0x000000062a400000)
  region size 4096K, 6 young (24576K), 0 survivors (0K)
 Metaspace       used 7211K, committed 7360K, reserved 1064960K
  class space    used 380K, committed 448K, reserved 1048576K
}
Event: 0.873 GC heap after
{Heap after GC invocations=1 (full 0):
 garbage-first heap   total 524288K, used 7657K [0x000000042b000000, 0x000000062a400000)
  region size 4096K, 1 young (4096K), 1 survivors (4096K)
 Metaspace       used 7211K, committed 7360K, reserved 1064960K
  class space    used 380K, committed 448K, reserved 1048576K
}
Event: 0.914 GC heap before
{Heap before GC invocations=1 (full 0):
 garbage-first heap   total 524288K, used 32233K [0x000000042b000000, 0x000000062a400000)
  region size 4096K, 7 young (28672K), 1 survivors (4096K)
 Metaspace       used 7347K, committed 7488K, reserved 1064960K
  class space    used 381K, committed 448K, reserved 1048576K
}
Event: 0.918 GC heap after
{Heap after GC invocations=2 (full 0):
 garbage-first heap   total 524288K, used 14013K [0x000000042b000000, 0x000000062a400000)
  region size 4096K, 1 young (4096K), 1 survivors (4096K)
 Metaspace       used 7347K, committed 7488K, reserved 1064960K
  class space    used 381K, committed 448K, reserved 1048576K
}
Event: 0.961 GC heap before
{Heap before GC invocations=2 (full 0):
 garbage-first heap   total 524288K, used 50877K [0x000000042b000000, 0x000000062a400000)
  region size 4096K, 10 young (40960K), 1 survivors (4096K)
 Metaspace       used 7348K, committed 7488K, reserved 1064960K
  class space    used 381K, committed 448K, reserved 1048576K
}
Event: 0.962 GC heap after
{Heap after GC invocations=3 (full 0):
 garbage-first heap   total 524288K, used 15148K [0x000000042b000000, 0x000000062a400000)
  region size 4096K, 2 young (8192K), 2 survivors (8192K)
 Metaspace       used 7348K, committed 7488K, reserved 1064960K
  class space    used 381K, committed 448K, reserved 1048576K
}

Deoptimization events (20 events):
Event: 2.773 Thread 0x000002058bfab860 Uncommon trap: trap_request=0xffffffde fr.pc=0x000002059b385e30 relative=0x0000000000000110
Event: 2.773 Thread 0x000002058bfab860 Uncommon trap: reason=class_check action=maybe_recompile pc=0x000002059b385e30 method=jdk.internal.misc.Unsafe.allocateUninitializedArray(Ljava/lang/Class;I)Ljava/lang/Object; @ 51 c2
Event: 2.773 Thread 0x000002058bfab860 DEOPT PACKING pc=0x000002059b385e30 sp=0x000000073f7fed80
Event: 2.773 Thread 0x000002058bfab860 DEOPT UNPACKING pc=0x000002059377d72e sp=0x000000073f7fed08 mode 2
Event: 2.773 Thread 0x000002058bfab860 Uncommon trap: trap_request=0xffffffde fr.pc=0x000002059b385e30 relative=0x0000000000000110
Event: 2.773 Thread 0x000002058bfab860 Uncommon trap: reason=class_check action=maybe_recompile pc=0x000002059b385e30 method=jdk.internal.misc.Unsafe.allocateUninitializedArray(Ljava/lang/Class;I)Ljava/lang/Object; @ 51 c2
Event: 2.773 Thread 0x000002058bfab860 DEOPT PACKING pc=0x000002059b385e30 sp=0x000000073f7fed80
Event: 2.773 Thread 0x000002058bfab860 DEOPT UNPACKING pc=0x000002059377d72e sp=0x000000073f7fed08 mode 2
Event: 2.773 Thread 0x000002058bfab860 Uncommon trap: trap_request=0xffffffde fr.pc=0x000002059b385e30 relative=0x0000000000000110
Event: 2.773 Thread 0x000002058bfab860 Uncommon trap: reason=class_check action=maybe_recompile pc=0x000002059b385e30 method=jdk.internal.misc.Unsafe.allocateUninitializedArray(Ljava/lang/Class;I)Ljava/lang/Object; @ 51 c2
Event: 2.773 Thread 0x000002058bfab860 DEOPT PACKING pc=0x000002059b385e30 sp=0x000000073f7fee70
Event: 2.773 Thread 0x000002058bfab860 DEOPT UNPACKING pc=0x000002059377d72e sp=0x000000073f7fedf8 mode 2
Event: 14.212 Thread 0x000002058bfab860 Uncommon trap: trap_request=0xffffff45 fr.pc=0x000002059b397088 relative=0x0000000000000488
Event: 14.212 Thread 0x000002058bfab860 Uncommon trap: reason=unstable_if action=reinterpret pc=0x000002059b397088 method=com.salami.dragon.engine.event.Event.fireEngineEvent()V @ 27 c2
Event: 14.212 Thread 0x000002058bfab860 DEOPT PACKING pc=0x000002059b397088 sp=0x000000073f7fe0e0
Event: 14.212 Thread 0x000002058bfab860 DEOPT UNPACKING pc=0x000002059377d72e sp=0x000000073f7fe010 mode 2
Event: 14.212 Thread 0x000002058bfab860 Uncommon trap: trap_request=0xffffff45 fr.pc=0x000002059b39b880 relative=0x0000000000000060
Event: 14.212 Thread 0x000002058bfab860 Uncommon trap: reason=unstable_if action=reinterpret pc=0x000002059b39b880 method=java.util.HashMap.values()Ljava/util/Collection; @ 6 c2
Event: 14.212 Thread 0x000002058bfab860 DEOPT PACKING pc=0x000002059b39b880 sp=0x000000073f7fe090
Event: 14.212 Thread 0x000002058bfab860 DEOPT UNPACKING pc=0x000002059377d72e sp=0x000000073f7fe028 mode 2

Classes unloaded (0 events):
No events

Classes redefined (0 events):
No events

Internal exceptions (20 events):
Event: 0.101 Thread 0x000002058bfab860 Exception <a 'java/lang/NoSuchMethodError'{0x000000044a99f330}: 'void java.lang.invoke.DirectMethodHandle$Holder.invokeSpecial(java.lang.Object, java.lang.Object, java.lang.Object)'> (0x000000044a99f330) 
thrown [t:\workspace\open\src\hotspot\share\interpreter\linkResolver.cpp, line 790]
Event: 0.103 Thread 0x000002058bfab860 Exception <a 'java/lang/NoSuchMethodError'{0x000000044a9b3ae0}: 'java.lang.Object java.lang.invoke.DirectMethodHandle$Holder.invokeStatic(java.lang.Object, java.lang.Object, int)'> (0x000000044a9b3ae0) 
thrown [t:\workspace\open\src\hotspot\share\interpreter\linkResolver.cpp, line 790]
Event: 0.103 Thread 0x000002058bfab860 Exception <a 'java/lang/NoSuchMethodError'{0x000000044a9bfc88}: 'void java.lang.invoke.DelegatingMethodHandle$Holder.delegate(java.lang.Object, java.lang.Object, int, java.lang.Object)'> (0x000000044a9bfc88) 
thrown [t:\workspace\open\src\hotspot\share\interpreter\linkResolver.cpp, line 790]
Event: 0.104 Thread 0x000002058bfab860 Exception <a 'java/lang/NoSuchMethodError'{0x000000044a9c3dd8}: 'int java.lang.invoke.DirectMethodHandle$Holder.invokeSpecial(java.lang.Object, java.lang.Object, java.lang.Object)'> (0x000000044a9c3dd8) 
thrown [t:\workspace\open\src\hotspot\share\interpreter\linkResolver.cpp, line 790]
Event: 0.127 Thread 0x000002058bfab860 Exception <a 'sun/nio/fs/WindowsException'{0x000000044aa2fdd8}> (0x000000044aa2fdd8) 
thrown [t:\workspace\open\src\hotspot\share\prims\jni.cpp, line 579]
Event: 0.127 Thread 0x000002058bfab860 Exception <a 'sun/nio/fs/WindowsException'{0x000000044aa30330}> (0x000000044aa30330) 
thrown [t:\workspace\open\src\hotspot\share\prims\jni.cpp, line 579]
Event: 0.144 Thread 0x000002058bfab860 Exception <a 'sun/nio/fs/WindowsException'{0x000000044aacec60}> (0x000000044aacec60) 
thrown [t:\workspace\open\src\hotspot\share\prims\jni.cpp, line 579]
Event: 0.144 Thread 0x000002058bfab860 Exception <a 'sun/nio/fs/WindowsException'{0x000000044aacefd0}> (0x000000044aacefd0) 
thrown [t:\workspace\open\src\hotspot\share\prims\jni.cpp, line 579]
Event: 0.639 Thread 0x000002058bfab860 Exception <a 'sun/nio/fs/WindowsException'{0x000000044ab69640}> (0x000000044ab69640) 
thrown [t:\workspace\open\src\hotspot\share\prims\jni.cpp, line 579]
Event: 0.639 Thread 0x000002058bfab860 Exception <a 'sun/nio/fs/WindowsException'{0x000000044ab699f0}> (0x000000044ab699f0) 
thrown [t:\workspace\open\src\hotspot\share\prims\jni.cpp, line 579]
Event: 0.642 Thread 0x000002058bfab860 Exception <a 'sun/nio/fs/WindowsException'{0x000000044ab76400}> (0x000000044ab76400) 
thrown [t:\workspace\open\src\hotspot\share\prims\jni.cpp, line 579]
Event: 0.642 Thread 0x000002058bfab860 Exception <a 'sun/nio/fs/WindowsException'{0x000000044ab766e8}> (0x000000044ab766e8) 
thrown [t:\workspace\open\src\hotspot\share\prims\jni.cpp, line 579]
Event: 1.199 Thread 0x000002058bfab860 Exception <a 'sun/nio/fs/WindowsException'{0x000000043f8eeda0}> (0x000000043f8eeda0) 
thrown [t:\workspace\open\src\hotspot\share\prims\jni.cpp, line 579]
Event: 1.199 Thread 0x000002058bfab860 Exception <a 'sun/nio/fs/WindowsException'{0x000000043f8ef128}> (0x000000043f8ef128) 
thrown [t:\workspace\open\src\hotspot\share\prims\jni.cpp, line 579]
Event: 1.232 Thread 0x000002058bfab860 Exception <a 'sun/nio/fs/WindowsException'{0x000000043f9afdb8}> (0x000000043f9afdb8) 
thrown [t:\workspace\open\src\hotspot\share\prims\jni.cpp, line 579]
Event: 1.232 Thread 0x000002058bfab860 Exception <a 'sun/nio/fs/WindowsException'{0x000000043f9aff30}> (0x000000043f9aff30) 
thrown [t:\workspace\open\src\hotspot\share\prims\jni.cpp, line 579]
Event: 1.238 Thread 0x000002058bfab860 Exception <a 'sun/nio/fs/WindowsException'{0x000000043f9ddd18}> (0x000000043f9ddd18) 
thrown [t:\workspace\open\src\hotspot\share\prims\jni.cpp, line 579]
Event: 1.238 Thread 0x000002058bfab860 Exception <a 'sun/nio/fs/WindowsException'{0x000000043f9de0a0}> (0x000000043f9de0a0) 
thrown [t:\workspace\open\src\hotspot\share\prims\jni.cpp, line 579]
Event: 1.242 Thread 0x000002058bfab860 Exception <a 'sun/nio/fs/WindowsException'{0x000000043f9e6808}> (0x000000043f9e6808) 
thrown [t:\workspace\open\src\hotspot\share\prims\jni.cpp, line 579]
Event: 1.242 Thread 0x000002058bfab860 Exception <a 'sun/nio/fs/WindowsException'{0x000000043f9e6980}> (0x000000043f9e6980) 
thrown [t:\workspace\open\src\hotspot\share\prims\jni.cpp, line 579]

Events (20 events):
Event: 3.984 Executing  VM operation: Cleanup done
Event: 4.620 Thread 0x00000205c13a9ec0 Thread exited: 0x00000205c13a9ec0
Event: 4.620 Thread 0x00000205b9a20ad0 Thread exited: 0x00000205b9a20ad0
Event: 5.502 Thread 0x00000205b9a180c0 Thread exited: 0x00000205b9a180c0
Event: 6.012 Executing  VM operation: Cleanup
Event: 6.012 Executing  VM operation: Cleanup done
Event: 7.016 Executing  VM operation: Cleanup
Event: 7.016 Executing  VM operation: Cleanup done
Event: 8.024 Executing  VM operation: Cleanup
Event: 8.024 Executing  VM operation: Cleanup done
Event: 8.767 Thread 0x00000205c12cce60 Thread added: 0x00000205c12cce60
Event: 8.767 Thread 0x00000205c12cf550 Thread added: 0x00000205c12cf550
Event: 9.032 Executing  VM operation: Cleanup
Event: 9.033 Executing  VM operation: Cleanup done
Event: 10.225 Thread 0x00000205c12cf550 Thread exited: 0x00000205c12cf550
Event: 11.587 Thread 0x00000205c12cce60 Thread exited: 0x00000205c12cce60
Event: 12.045 Executing  VM operation: Cleanup
Event: 12.045 Executing  VM operation: Cleanup done
Event: 14.048 Executing  VM operation: Cleanup
Event: 14.048 Executing  VM operation: Cleanup done


Dynamic libraries:
0x00007ff706980000 - 0x00007ff706990000 	C:\Program Files\Java\jdk-16.0.2\bin\java.exe
0x00007ffca89b0000 - 0x00007ffca8ba5000 	C:\WINDOWS\SYSTEM32\ntdll.dll
0x00007ffca79c0000 - 0x00007ffca7a7d000 	C:\WINDOWS\System32\KERNEL32.DLL
0x00007ffca64f0000 - 0x00007ffca67b9000 	C:\WINDOWS\System32\KERNELBASE.dll
0x00007ffca62e0000 - 0x00007ffca63e0000 	C:\WINDOWS\System32\ucrtbase.dll
0x00007ffca3060000 - 0x00007ffca3079000 	C:\Program Files\Java\jdk-16.0.2\bin\VCRUNTIME140.dll
0x00007ffca3040000 - 0x00007ffca3058000 	C:\Program Files\Java\jdk-16.0.2\bin\jli.dll
0x00007ffca7f40000 - 0x00007ffca7fec000 	C:\WINDOWS\System32\ADVAPI32.dll
0x00007ffca7770000 - 0x00007ffca780e000 	C:\WINDOWS\System32\msvcrt.dll
0x00007ffca7810000 - 0x00007ffca78ab000 	C:\WINDOWS\System32\sechost.dll
0x00007ffca7d70000 - 0x00007ffca7e9a000 	C:\WINDOWS\System32\RPCRT4.dll
0x00007ffca7bd0000 - 0x00007ffca7d70000 	C:\WINDOWS\System32\USER32.dll
0x00007ffca6170000 - 0x00007ffca6192000 	C:\WINDOWS\System32\win32u.dll
0x00007ffc87540000 - 0x00007ffc877da000 	C:\WINDOWS\WinSxS\amd64_microsoft.windows.common-controls_6595b64144ccf1df_6.0.19041.1110_none_60b5254171f9507e\COMCTL32.dll
0x00007ffca7740000 - 0x00007ffca776a000 	C:\WINDOWS\System32\GDI32.dll
0x00007ffca63e0000 - 0x00007ffca64eb000 	C:\WINDOWS\System32\gdi32full.dll
0x00007ffca6810000 - 0x00007ffca68ad000 	C:\WINDOWS\System32\msvcp_win.dll
0x00007ffca1b20000 - 0x00007ffca1b2a000 	C:\WINDOWS\SYSTEM32\VERSION.dll
0x00007ffca88e0000 - 0x00007ffca8910000 	C:\WINDOWS\System32\IMM32.DLL
0x00007ffca3830000 - 0x00007ffca383c000 	C:\Program Files\Java\jdk-16.0.2\bin\vcruntime140_1.dll
0x00007ffc9d270000 - 0x00007ffc9d301000 	C:\Program Files\Java\jdk-16.0.2\bin\msvcp140.dll
0x00007ffc5d170000 - 0x00007ffc5dd1b000 	C:\Program Files\Java\jdk-16.0.2\bin\server\jvm.dll
0x00007ffca7f30000 - 0x00007ffca7f38000 	C:\WINDOWS\System32\PSAPI.DLL
0x00007ffc94af0000 - 0x00007ffc94af9000 	C:\WINDOWS\SYSTEM32\WSOCK32.dll
0x00007ffc9a880000 - 0x00007ffc9a8a7000 	C:\WINDOWS\SYSTEM32\WINMM.dll
0x00007ffca6b80000 - 0x00007ffca6beb000 	C:\WINDOWS\System32\WS2_32.dll
0x00007ffca40a0000 - 0x00007ffca40b2000 	C:\WINDOWS\SYSTEM32\kernel.appcore.dll
0x00007ffca3420000 - 0x00007ffca342a000 	C:\Program Files\Java\jdk-16.0.2\bin\jimage.dll
0x00007ffca0b60000 - 0x00007ffca0d44000 	C:\WINDOWS\SYSTEM32\DBGHELP.DLL
0x00007ffca0910000 - 0x00007ffca093c000 	C:\WINDOWS\SYSTEM32\dbgcore.DLL
0x00007ffca6250000 - 0x00007ffca62d3000 	C:\WINDOWS\System32\bcryptPrimitives.dll
0x00007ffca3000000 - 0x00007ffca300e000 	C:\Program Files\Java\jdk-16.0.2\bin\instrument.dll
0x00007ffca3010000 - 0x00007ffca3035000 	C:\Program Files\Java\jdk-16.0.2\bin\java.dll
0x00007ffca81a0000 - 0x00007ffca88df000 	C:\WINDOWS\System32\SHELL32.dll
0x00007ffca42a0000 - 0x00007ffca4a30000 	C:\WINDOWS\SYSTEM32\windows.storage.dll
0x00007ffca6c50000 - 0x00007ffca6fa5000 	C:\WINDOWS\System32\combase.dll
0x00007ffca5bd0000 - 0x00007ffca5bfc000 	C:\WINDOWS\SYSTEM32\Wldp.dll
0x00007ffca7910000 - 0x00007ffca79be000 	C:\WINDOWS\System32\SHCORE.dll
0x00007ffca76e0000 - 0x00007ffca7735000 	C:\WINDOWS\System32\shlwapi.dll
0x00007ffca60b0000 - 0x00007ffca60cf000 	C:\WINDOWS\SYSTEM32\profapi.dll
0x00007ffca1a90000 - 0x00007ffca1aa8000 	C:\Program Files\Java\jdk-16.0.2\bin\zip.dll
0x00007ffca2fc0000 - 0x00007ffca2fd9000 	C:\Program Files\Java\jdk-16.0.2\bin\net.dll
0x00007ffc9d390000 - 0x00007ffc9d498000 	C:\WINDOWS\SYSTEM32\WINHTTP.dll
0x00007ffca5930000 - 0x00007ffca599a000 	C:\WINDOWS\system32\mswsock.dll
0x00007ffca1de0000 - 0x00007ffca1df3000 	C:\Program Files\Java\jdk-16.0.2\bin\nio.dll
0x00007ffca0000000 - 0x00007ffca001a000 	C:\Program Files\JetBrains\IntelliJ IDEA Community Edition 2021.2\bin\breakgen64.dll
0x00007ffca2ff0000 - 0x00007ffca3000000 	C:\Program Files\Java\jdk-16.0.2\bin\verify.dll
0x00007ffc8b970000 - 0x00007ffc8b9d4000 	C:\Users\conno\AppData\Local\Temp\lwjglconno\3.2.3-build-13\lwjgl.dll
0x00007ffc8a5d0000 - 0x00007ffc8a632000 	C:\Users\conno\AppData\Local\Temp\lwjglconno\3.2.3-build-13\glfw.dll
0x00007ffca3b40000 - 0x00007ffca3bde000 	C:\WINDOWS\system32\uxtheme.dll
0x00007ffc74ca0000 - 0x00007ffc74ce5000 	C:\WINDOWS\SYSTEM32\dinput8.dll
0x00007ffc9eba0000 - 0x00007ffc9ebb1000 	C:\WINDOWS\SYSTEM32\xinput1_4.dll
0x00007ffca67c0000 - 0x00007ffca680e000 	C:\WINDOWS\System32\cfgmgr32.dll
0x00007ffca5f10000 - 0x00007ffca5f44000 	C:\WINDOWS\SYSTEM32\DEVOBJ.dll
0x00007ffca3ec0000 - 0x00007ffca3eef000 	C:\WINDOWS\SYSTEM32\dwmapi.dll
0x00007ffc93cd0000 - 0x00007ffc93e22000 	C:\WINDOWS\SYSTEM32\inputhost.dll
0x00007ffca6fc0000 - 0x00007ffca708d000 	C:\WINDOWS\System32\OLEAUT32.dll
0x00007ffca2d90000 - 0x00007ffca2ee4000 	C:\WINDOWS\SYSTEM32\wintypes.dll
0x00007ffca38c0000 - 0x00007ffca39b2000 	C:\WINDOWS\SYSTEM32\CoreMessaging.dll
0x00007ffca0d90000 - 0x00007ffca0e86000 	C:\WINDOWS\SYSTEM32\PROPSYS.dll
0x00007ffca3460000 - 0x00007ffca37be000 	C:\WINDOWS\SYSTEM32\CoreUIComponents.dll
0x00007ffca4e70000 - 0x00007ffca4ea3000 	C:\WINDOWS\SYSTEM32\ntmarta.dll
0x00007ffca7140000 - 0x00007ffca7255000 	C:\WINDOWS\System32\MSCTF.dll
0x00007ffca4a30000 - 0x00007ffca4a3d000 	C:\WINDOWS\SYSTEM32\HID.DLL
0x00007ffca7260000 - 0x00007ffca76d2000 	C:\WINDOWS\System32\SETUPAPI.DLL
0x00007ffca6a10000 - 0x00007ffca6a37000 	C:\WINDOWS\System32\bcrypt.dll
0x00007ffca6a40000 - 0x00007ffca6aa0000 	C:\WINDOWS\System32\WINTRUST.dll
0x00007ffca68b0000 - 0x00007ffca6a0f000 	C:\WINDOWS\System32\CRYPT32.dll
0x00007ffca5d50000 - 0x00007ffca5d62000 	C:\WINDOWS\SYSTEM32\MSASN1.dll
0x00007ffc79fb0000 - 0x00007ffc7a0d5000 	C:\WINDOWS\SYSTEM32\opengl32.dll
0x00007ffc9f8b0000 - 0x00007ffc9f8dc000 	C:\WINDOWS\SYSTEM32\GLU32.dll
0x00007ffca7090000 - 0x00007ffca7139000 	C:\WINDOWS\System32\clbcatq.dll
0x00007ffc33160000 - 0x00007ffc35c77000 	C:\WINDOWS\System32\DriverStore\FileRepository\nv_dispi.inf_amd64_b8346c359fcd6093\nvoglv64.dll
0x00007ffca7a80000 - 0x00007ffca7baa000 	C:\WINDOWS\System32\ole32.dll
0x00007ffca1c70000 - 0x00007ffca1c84000 	C:\WINDOWS\SYSTEM32\WTSAPI32.dll
0x00007ffca1900000 - 0x00007ffca1931000 	C:\WINDOWS\SYSTEM32\cryptnet.dll
0x00007ffc9f000000 - 0x00007ffc9f14a000 	C:\WINDOWS\SYSTEM32\drvstore.dll
0x00007ffca5b40000 - 0x00007ffca5b4c000 	C:\WINDOWS\SYSTEM32\cryptbase.dll
0x00007ffca2120000 - 0x00007ffca215b000 	C:\WINDOWS\SYSTEM32\dxcore.dll
0x00007ffc7af50000 - 0x00007ffc7b213000 	C:\WINDOWS\system32\nvspcap64.dll
0x00007ffca5740000 - 0x00007ffca578b000 	C:\WINDOWS\SYSTEM32\powrprof.dll
0x00007ffca55b0000 - 0x00007ffca55c2000 	C:\WINDOWS\SYSTEM32\UMPDC.dll
0x00007ffca4ee0000 - 0x00007ffca4f3a000 	C:\WINDOWS\SYSTEM32\WINSTA.dll
0x00007ffc98080000 - 0x00007ffc98179000 	C:\WINDOWS\SYSTEM32\textinputframework.dll
0x00007ffc84390000 - 0x00007ffc843e9000 	C:\Users\conno\AppData\Local\Temp\lwjglconno\3.2.3-build-13\lwjgl_opengl.dll
0x00007ffc78b00000 - 0x00007ffc78c0b000 	C:\Users\conno\AppData\Local\Temp\lwjglconno\3.2.3-build-13\OpenAL.dll
0x00007ffca04f0000 - 0x00007ffca0575000 	C:\WINDOWS\System32\MMDevApi.dll
0x00007ffc872f0000 - 0x00007ffc87471000 	C:\WINDOWS\SYSTEM32\AUDIOSES.DLL
0x00007ffca3cc0000 - 0x00007ffca3cd4000 	C:\WINDOWS\SYSTEM32\resourcepolicyclient.dll
0x00007ffc75770000 - 0x00007ffc757e7000 	C:\Users\conno\AppData\Local\Temp\lwjglconno\3.2.3-build-13\lwjgl_stb.dll

dbghelp: loaded successfully - version: 4.0.5 - missing functions: none
symbol engine: initialized successfully - sym options: 0x614 - pdb path: .;C:\Program Files\Java\jdk-16.0.2\bin;C:\WINDOWS\SYSTEM32;C:\WINDOWS\WinSxS\amd64_microsoft.windows.common-controls_6595b64144ccf1df_6.0.19041.1110_none_60b5254171f9507e;C:\Program Files\Java\jdk-16.0.2\bin\server;C:\Program Files\JetBrains\IntelliJ IDEA Community Edition 2021.2\bin;C:\Users\conno\AppData\Local\Temp\lwjglconno\3.2.3-build-13;C:\WINDOWS\System32\DriverStore\FileRepository\nv_dispi.inf_amd64_b8346c359fcd6093

VM Arguments:
jvm_args: -javaagent:C:\Program Files\JetBrains\IntelliJ IDEA Community Edition 2021.2\lib\idea_rt.jar=55599:C:\Program Files\JetBrains\IntelliJ IDEA Community Edition 2021.2\bin -Dfile.encoding=UTF-8 
java_command: com.salami.dragon.sandbox.Sandbox
java_class_path (initial): C:\Users\conno\OneDrive\Desktop\dragon-engine\target\classes;C:\Users\conno\.m2\repository\org\lwjgl\lwjgl\3.2.3\lwjgl-3.2.3.jar;C:\Users\conno\.m2\repository\org\lwjgl\lwjgl-assimp\3.2.3\lwjgl-assimp-3.2.3.jar;C:\Users\conno\.m2\repository\org\lwjgl\lwjgl-glfw\3.2.3\lwjgl-glfw-3.2.3.jar;C:\Users\conno\.m2\repository\org\lwjgl\lwjgl-openal\3.2.3\lwjgl-openal-3.2.3.jar;C:\Users\conno\.m2\repository\org\lwjgl\lwjgl-opengl\3.2.3\lwjgl-opengl-3.2.3.jar;C:\Users\conno\.m2\repository\org\lwjgl\lwjgl-stb\3.2.3\lwjgl-stb-3.2.3.jar;C:\Users\conno\.m2\repository\org\lwjgl\lwjgl\3.2.3\lwjgl-3.2.3-natives-windows.jar;C:\Users\conno\.m2\repository\org\lwjgl\lwjgl-assimp\3.2.3\lwjgl-assimp-3.2.3-natives-windows.jar;C:\Users\conno\.m2\repository\org\lwjgl\lwjgl-glfw\3.2.3\lwjgl-glfw-3.2.3-natives-windows.jar;C:\Users\conno\.m2\repository\org\lwjgl\lwjgl-openal\3.2.3\lwjgl-openal-3.2.3-natives-windows.jar;C:\Users\conno\.m2\repository\org\lwjgl\lwjgl-opengl\3.2.3\lwjgl-opengl-3.2.3-natives-windows.jar;C:\Users\conno\.m2\repository\org\lwjgl\lwjgl-stb\3.2.3\lwjgl-stb-3.2.3-natives-windows.jar;C:\Users\conno\.m2\repository\org\joml\joml\1.10.1\joml-1.10.1.jar;C:\Users\conno\.m2\repository\org\l33tlabs\twl\pngdecoder\1.0\pngdecoder-1.0.jar
Launcher Type: SUN_STANDARD

[Global flags]
     intx CICompilerCount                          = 12                                        {product} {ergonomic}
     uint ConcGCThreads                            = 3                                         {product} {ergonomic}
     uint G1ConcRefinementThreads                  = 13                                        {product} {ergonomic}
   size_t G1HeapRegionSize                         = 4194304                                   {product} {ergonomic}
    uintx GCDrainStackTargetSize                   = 64                                        {product} {ergonomic}
   size_t InitialHeapSize                          = 536870912                                 {product} {ergonomic}
   size_t MarkStackSize                            = 4194304                                   {product} {ergonomic}
   size_t MaxHeapSize                              = 8577351680                                {product} {ergonomic}
   size_t MaxNewSize                               = 5146411008                                {product} {ergonomic}
   size_t MinHeapDeltaBytes                        = 4194304                                   {product} {ergonomic}
   size_t MinHeapSize                              = 8388608                                   {product} {ergonomic}
    uintx NonNMethodCodeHeapSize                   = 7602480                                {pd product} {ergonomic}
    uintx NonProfiledCodeHeapSize                  = 122027880                              {pd product} {ergonomic}
    uintx ProfiledCodeHeapSize                     = 122027880                              {pd product} {ergonomic}
    uintx ReservedCodeCacheSize                    = 251658240                              {pd product} {ergonomic}
     bool SegmentedCodeCache                       = true                                      {product} {ergonomic}
   size_t SoftMaxHeapSize                          = 8577351680                             {manageable} {ergonomic}
     bool UseCompressedClassPointers               = true                           {product lp64_product} {ergonomic}
     bool UseCompressedOops                        = true                           {product lp64_product} {ergonomic}
     bool UseG1GC                                  = true                                      {product} {ergonomic}
     bool UseLargePagesIndividualAllocation        = false                                  {pd product} {ergonomic}

Logging:
Log output configuration:
 #0: stdout all=warning uptime,level,tags
 #1: stderr all=off uptime,level,tags

Environment Variables:
PATH=C:\Program Files\Common Files\Oracle\Java\javapath;C:\Program Files (x86)\Common Files\Oracle\Java\javapath;C:\Python39\Scripts\;C:\Python39\;C:\Windows\system32;C:\Windows;C:\Windows\System32\Wbem;C:\Windows\System32\WindowsPowerShell\v1.0\;C:\Program Files\NVIDIA Corporation\NVIDIA NvDLISR;C:\WINDOWS\system32;C:\WINDOWS;C:\WINDOWS\System32\Wbem;C:\WINDOWS\System32\WindowsPowerShell\v1.0\;C:\WINDOWS\System32\OpenSSH\;C:\Program Files (x86)\NVIDIA Corporation\PhysX\Common;C:\Program Files\Git\cmd;C:\Program Files\nodejs\;C:\ProgramData\chocolatey\bin;C:\Program Files\qemu;C:\Program Files\CMake\bin;C:\Users\conno\AppData\Local\Microsoft\WindowsApps;;C:\Users\conno\AppData\Local\Programs\Microsoft VS Code\bin;C:\Users\conno\AppData\Roaming\npm;C:\Program Files\JetBrains\IntelliJ IDEA Community Edition 2021.2\bin;
USERNAME=conno
OS=Windows_NT
PROCESSOR_IDENTIFIER=AMD64 Family 23 Model 113 Stepping 0, AuthenticAMD



---------------  S Y S T E M  ---------------

OS:
 Windows 10 , 64 bit Build 19041 (10.0.19041.1151)
OS uptime: 18 days 17:07 hours

CPU: total 16 (initial active 16) (16 cores per cpu, 2 threads per core) family 23 model 113 stepping 0 microcode 0x0, cx8, cmov, fxsr, ht, mmx, 3dnowpref, sse, sse2, sse3, ssse3, sse4a, sse4.1, sse4.2, popcnt, lzcnt, tsc, tscinvbit, avx, avx2, aes, clmul, bmi1, bmi2, adx, sha, fma, vzeroupper, clflush, clflushopt

Memory: 4k page, system-wide physical 32719M (23013M free)
TotalPageFile size 37583M (AvailPageFile size 24173M)
current process WorkingSet (physical memory assigned to process): 299M, peak: 326M
current process commit charge ("private bytes"): 737M, peak: 773M

vm_info: Java HotSpot(TM) 64-Bit Server VM (16.0.2+7-67) for windows-amd64 JRE (16.0.2+7-67), built on Jun  8 2021 23:24:19 by "mach5one" with MS VC++ 16.7 (VS2019)

END.
