#
# A fatal error has been detected by the Java Runtime Environment:
#
#  EXCEPTION_ACCESS_VIOLATION (0xc0000005) at pc=0x00007ffc8c6c3a25, pid=5072, tid=15708
#
# JRE version: Java(TM) SE Runtime Environment (16.0.2+7) (build 16.0.2+7-67)
# Java VM: Java HotSpot(TM) 64-Bit Server VM (16.0.2+7-67, mixed mode, sharing, tiered, compressed oops, compressed class ptrs, g1 gc, windows-amd64)
# Problematic frame:
# C  [OpenAL.dll+0x13a25]
#
# No core dump will be written. Minidumps are not enabled by default on client versions of Windows
#
# If you would like to submit a bug report, please visit:
#   https://bugreport.java.com/bugreport/crash.jsp
# The crash happened outside the Java Virtual Machine in native code.
# See problematic frame for where to report the bug.
#

---------------  S U M M A R Y ------------

Command Line: -javaagent:C:\Program Files\JetBrains\IntelliJ IDEA Community Edition 2021.2\lib\idea_rt.jar=53613:C:\Program Files\JetBrains\IntelliJ IDEA Community Edition 2021.2\bin -Dfile.encoding=UTF-8 com.salami.dragon.sandbox.Sandbox

Host: AMD Ryzen 7 3700X 8-Core Processor             , 16 cores, 31G,  Windows 10 , 64 bit Build 19041 (10.0.19041.1151)
Time: Sat Sep  4 21:06:18 2021 Cen. Australia Standard Time elapsed time: 2.028003 seconds (0d 0h 0m 2s)

---------------  T H R E A D  ---------------

Current thread (0x00000262e5dbb8e0):  JavaThread "main" [_thread_in_native, id=15708, stack(0x000000b421100000,0x000000b421200000)]

Stack: [0x000000b421100000,0x000000b421200000],  sp=0x000000b4211ff150,  free space=1020k
Native frames: (J=compiled Java code, j=interpreted, Vv=VM code, C=native code)
C  [OpenAL.dll+0x13a25]

Java frames: (J=compiled Java code, j=interpreted, Vv=VM code)
j  org.lwjgl.system.JNI.invokePZ(JJ)Z+0
j  org.lwjgl.openal.ALC10.alcCloseDevice(J)Z+20
j  com.salami.dragon.engine.audio.Audio.cleanup()V+124
j  com.salami.dragon.sandbox.Sandbox.onEngineEvent(Lcom/salami/dragon/engine/event/Event;)V+14
j  com.salami.dragon.engine.event.Event.fireEngineEvent()V+151
j  com.salami.dragon.engine.event.EventGovernor.fireEvent(Lcom/salami/dragon/engine/event/EventType;)V+15
j  com.salami.dragon.engine.Application.stop()V+6
j  com.salami.dragon.engine.Application.tick()V+112
j  com.salami.dragon.engine.Application.start()V+15
j  com.salami.dragon.engine.Application.<init>(Lcom/salami/dragon/engine/IApplication;)V+83
j  com.salami.dragon.engine.Application.registerApp(Lcom/salami/dragon/engine/IApplication;)V+13
j  com.salami.dragon.sandbox.Sandbox.main([Ljava/lang/String;)V+17
v  ~StubRoutines::call_stub

siginfo: EXCEPTION_ACCESS_VIOLATION (0xc0000005), reading address 0x0000000000008b40


Register to memory mapping:

RIP=0x00007ffc8c6c3a25 OpenAL.dll
RAX=0x0 is NULL
RBX=0x000002629c9e69b0 points into unknown readable memory: 0x0000000100000000 | 00 00 00 00 01 00 00 00
RCX=0x0 is NULL
RDX=0x000000b4211ff218 is pointing into the stack for thread: 0x00000262e5dbb8e0
RSP=0x000000b4211ff150 is pointing into the stack for thread: 0x00000262e5dbb8e0
RBP=0x000000b4211ff208 is pointing into the stack for thread: 0x00000262e5dbb8e0
RSI=0x0000000000000148 is an unknown value
RDI=0x0000000000000511 is an unknown value
R8 =0x000002629c9e69b0 points into unknown readable memory: 0x0000000100000000 | 00 00 00 00 01 00 00 00
R9 =0x00007ffc8c6c3a00 OpenAL.dll
R10=0x00000262ed54dcf3 is at code_begin+979 in an Interpreter codelet
method entry point (kind = native)  [0x00000262ed54d920, 0x00000262ed54e300]  2528 bytes
R11=0x00000006010df680 is an oop: java.lang.Class 
{0x00000006010df680} - klass: 'java/lang/Class'
R12=0x0 is NULL
R13={method} {0x00000262934be9f0} 'invokePZ' '(JJ)Z' in 'org/lwjgl/system/JNI'
R14=0x000000b4211ff240 is pointing into the stack for thread: 0x00000262e5dbb8e0
R15=0x00000262e5dbb8e0 is a thread


Registers:
RAX=0x0000000000000000, RBX=0x000002629c9e69b0, RCX=0x0000000000000000, RDX=0x000000b4211ff218
RSP=0x000000b4211ff150, RBP=0x000000b4211ff208, RSI=0x0000000000000148, RDI=0x0000000000000511
R8 =0x000002629c9e69b0, R9 =0x00007ffc8c6c3a00, R10=0x00000262ed54dcf3, R11=0x00000006010df680
R12=0x0000000000000000, R13=0x00000262934be9e8, R14=0x000000b4211ff240, R15=0x00000262e5dbb8e0
RIP=0x00007ffc8c6c3a25, EFLAGS=0x0000000000010287

Top of Stack: (sp=0x000000b4211ff150)
0x000000b4211ff150:   00000262934bb3e0 0000000000000148
0x000000b4211ff160:   0000000000000000 0000000000000000
0x000000b4211ff170:   00000262934be9e8 00000262ed54dd22
0x000000b4211ff180:   0000000000000000 0000000000000000
0x000000b4211ff190:   000000b4211ff190 000002629c0c9f40
0x000000b4211ff1a0:   000000b4211ff1e8 000002629c0cafd8
0x000000b4211ff1b0:   0000000000000000 0000000615525800
0x000000b4211ff1c0:   000000b4211ff1c0 0000000000000000
0x000000b4211ff1d0:   000000b4211ff240 00000262934e4bc0
0x000000b4211ff1e0:   0000000000000000 00000006010df680
0x000000b4211ff1f0:   00000262934be9e8 0000000000000000
0x000000b4211ff200:   000000b4211ff228 000000b4211ff290
0x000000b4211ff210:   00000262ed549626 00000006010df680
0x000000b4211ff220:   00000262ed54b2c0 00007ffc8c6c3a00
0x000000b4211ff230:   0000000000000000 000002629c9e69b0
0x000000b4211ff240:   0000000000000000 000000b4211ff248 

Instructions: (pc=0x00007ffc8c6c3a25)
0x00007ffc8c6c3925:   eb b7 03 00 85 c0 75 10 c7 43 28 f4 ff 00 00 c7
0x00007ffc8c6c3935:   43 2c f6 ff 00 00 eb 4d 48 8b 4c 24 68 48 8d 15
0x00007ffc8c6c3945:   47 95 06 00 e8 c6 b7 03 00 85 c0 75 10 c7 43 28
0x00007ffc8c6c3955:   f4 ff 00 00 c7 43 2c f7 ff 00 00 eb 28 83 3d 97
0x00007ffc8c6c3965:   86 0e 00 01 7c 1f 4c 8b 4c 24 68 4c 8d 05 21 95
0x00007ffc8c6c3975:   06 00 48 8d 15 ba 5d 06 00 48 8d 0d 67 ce 05 00
0x00007ffc8c6c3985:   e8 06 04 02 00 48 8b 05 a7 92 0e 00 48 89 83 40
0x00007ffc8c6c3995:   8b 00 00 48 8b c8 f0 48 0f b1 1d 94 92 0e 00 48
0x00007ffc8c6c39a5:   3b c8 75 e8 83 3d 50 86 0e 00 03 7c 2f 48 8b 43
0x00007ffc8c6c39b5:   38 48 85 c0 74 04 48 8d 78 10 4c 8b cb 48 89 7c
0x00007ffc8c6c39c5:   24 20 4c 8d 05 ea 94 06 00 48 8d 15 63 5d 06 00
0x00007ffc8c6c39d5:   48 8d 0d d8 ce 05 00 e8 af 03 02 00 48 8b c3 48
0x00007ffc8c6c39e5:   8b 6c 24 70 48 8b 5c 24 60 4c 8b 7c 24 30 48 83
0x00007ffc8c6c39f5:   c4 50 5f c3 cc cc cc cc cc cc cc 40 53 48 83 ec
0x00007ffc8c6c3a05:   20 48 8b d9 48 8d 0d b0 92 0e 00 ff 15 6a c6 05
0x00007ffc8c6c3a15:   00 48 8b 0d 1b 92 0e 00 0f 1f 00 48 3b cb 74 2b
0x00007ffc8c6c3a25:   48 8b 89 40 8b 00 00 48 85 c9 75 ef ba 01 a0 00
0x00007ffc8c6c3a35:   00 e8 35 60 00 00 48 8d 0d 7e 92 0e 00 ff 15 40
0x00007ffc8c6c3a45:   c6 05 00 32 c0 48 83 c4 20 5b c3 48 85 c9 74 dc
0x00007ffc8c6c3a55:   83 79 08 01 74 d6 48 89 6c 24 30 48 8d ab 10 8b
0x00007ffc8c6c3a65:   00 00 48 89 7c 24 40 48 85 ed 74 09 48 8b cd ff
0x00007ffc8c6c3a75:   15 06 c6 05 00 4c 8b 83 40 8b 00 00 48 8b c3 f0
0x00007ffc8c6c3a85:   4c 0f b1 05 ab 91 0e 00 48 8b d0 48 3b d8 74 1f
0x00007ffc8c6c3a95:   66 66 66 0f 1f 84 00 00 00 00 00 48 8b c3 f0 4c
0x00007ffc8c6c3aa5:   0f b1 82 40 8b 00 00 48 8b d0 48 3b d8 75 ec 48
0x00007ffc8c6c3ab5:   8d 0d 05 92 0e 00 ff 15 c7 c5 05 00 48 8b bb 08
0x00007ffc8c6c3ac5:   8b 00 00 48 85 ff 74 58 48 89 74 24 38 0f 1f 40
0x00007ffc8c6c3ad5:   00 66 66 0f 1f 84 00 00 00 00 00 48 8b b7 88 01
0x00007ffc8c6c3ae5:   00 00 83 3d 12 85 0e 00 02 7c 1d 4c 8b cf 4c 8d
0x00007ffc8c6c3af5:   05 de 93 06 00 48 8d 15 47 5c 06 00 48 8d 0d 08
0x00007ffc8c6c3b05:   ce 05 00 e8 83 02 02 00 48 8b d3 48 8b cf e8 18
0x00007ffc8c6c3b15:   3e 00 00 48 8b fe 48 85 f6 75 c0 48 8b 74 24 38 


Stack slot to memory mapping:
stack at sp + 0 slots: {method} {0x00000262934bb3e8} 'invokePV' '(JJ)V' in 'org/lwjgl/system/JNI'
stack at sp + 1 slots: 0x0000000000000148 is an unknown value
stack at sp + 2 slots: 0x0 is NULL
stack at sp + 3 slots: 0x0 is NULL
stack at sp + 4 slots: {method} {0x00000262934be9f0} 'invokePZ' '(JJ)Z' in 'org/lwjgl/system/JNI'
stack at sp + 5 slots: 0x00000262ed54dd22 is at code_begin+1026 in an Interpreter codelet
method entry point (kind = native)  [0x00000262ed54d920, 0x00000262ed54e300]  2528 bytes
stack at sp + 6 slots: 0x0 is NULL
stack at sp + 7 slots: 0x0 is NULL


---------------  P R O C E S S  ---------------

Threads class SMR info:
_java_thread_list=0x000002629cb772a0, length=16, elements={
0x00000262e5dbb8e0, 0x0000026292e435c0, 0x0000026292e45c40, 0x0000026292e53ee0,
0x0000026292e55a00, 0x0000026292e5b0c0, 0x0000026292e5c870, 0x0000026293802840,
0x00000262938240f0, 0x00000262938318e0, 0x0000026292e248e0, 0x000002629392eb50,
0x000002629392fd90, 0x0000026293ab3e50, 0x0000026293ab4370, 0x000002629b0d1a80
}

Java Threads: ( => current thread )
=>0x00000262e5dbb8e0 JavaThread "main" [_thread_in_native, id=15708, stack(0x000000b421100000,0x000000b421200000)]
  0x0000026292e435c0 JavaThread "Reference Handler" daemon [_thread_blocked, id=8164, stack(0x000000b421800000,0x000000b421900000)]
  0x0000026292e45c40 JavaThread "Finalizer" daemon [_thread_blocked, id=18456, stack(0x000000b421900000,0x000000b421a00000)]
  0x0000026292e53ee0 JavaThread "Signal Dispatcher" daemon [_thread_blocked, id=11012, stack(0x000000b421a00000,0x000000b421b00000)]
  0x0000026292e55a00 JavaThread "Attach Listener" daemon [_thread_blocked, id=10140, stack(0x000000b421b00000,0x000000b421c00000)]
  0x0000026292e5b0c0 JavaThread "Service Thread" daemon [_thread_blocked, id=7784, stack(0x000000b421c00000,0x000000b421d00000)]
  0x0000026292e5c870 JavaThread "Monitor Deflation Thread" daemon [_thread_blocked, id=7648, stack(0x000000b421d00000,0x000000b421e00000)]
  0x0000026293802840 JavaThread "C2 CompilerThread0" daemon [_thread_blocked, id=17744, stack(0x000000b421e00000,0x000000b421f00000)]
  0x00000262938240f0 JavaThread "C1 CompilerThread0" daemon [_thread_blocked, id=21304, stack(0x000000b421f00000,0x000000b422000000)]
  0x00000262938318e0 JavaThread "Sweeper thread" daemon [_thread_blocked, id=1932, stack(0x000000b422000000,0x000000b422100000)]
  0x0000026292e248e0 JavaThread "Common-Cleaner" daemon [_thread_blocked, id=16120, stack(0x000000b422100000,0x000000b422200000)]
  0x000002629392eb50 JavaThread "C1 CompilerThread1" daemon [_thread_blocked, id=22804, stack(0x000000b422200000,0x000000b422300000)]
  0x000002629392fd90 JavaThread "C1 CompilerThread2" daemon [_thread_blocked, id=24400, stack(0x000000b422300000,0x000000b422400000)]
  0x0000026293ab3e50 JavaThread "Monitor Ctrl-Break" daemon [_thread_in_native, id=20636, stack(0x000000b422400000,0x000000b422500000)]
  0x0000026293ab4370 JavaThread "Notification Thread" daemon [_thread_blocked, id=24136, stack(0x000000b422500000,0x000000b422600000)]
  0x000002629b0d1a80 JavaThread "C1 CompilerThread3" daemon [_thread_blocked, id=13568, stack(0x000000b423900000,0x000000b423a00000)]

Other Threads:
  0x0000026292e401e0 VMThread "VM Thread" [stack: 0x000000b421700000,0x000000b421800000] [id=24828]
  0x0000026293aba7d0 WatcherThread [stack: 0x000000b422600000,0x000000b422700000] [id=704]
  0x00000262e5e34820 GCTaskThread "GC Thread#0" [stack: 0x000000b421200000,0x000000b421300000] [id=11420]
  0x000002629b026680 GCTaskThread "GC Thread#1" [stack: 0x000000b422e00000,0x000000b422f00000] [id=19996]
  0x000002629b0272c0 GCTaskThread "GC Thread#2" [stack: 0x000000b422f00000,0x000000b423000000] [id=19528]
  0x000002629b0275d0 GCTaskThread "GC Thread#3" [stack: 0x000000b423000000,0x000000b423100000] [id=11896]
  0x000002629b026990 GCTaskThread "GC Thread#4" [stack: 0x000000b423100000,0x000000b423200000] [id=24856]
  0x000002629b0278e0 GCTaskThread "GC Thread#5" [stack: 0x000000b423200000,0x000000b423300000] [id=4660]
  0x000002629b027bf0 GCTaskThread "GC Thread#6" [stack: 0x000000b423300000,0x000000b423400000] [id=12352]
  0x000002629b026ca0 GCTaskThread "GC Thread#7" [stack: 0x000000b423400000,0x000000b423500000] [id=20420]
  0x000002629b026370 GCTaskThread "GC Thread#8" [stack: 0x000000b423500000,0x000000b423600000] [id=3184]
  0x000002629b026060 GCTaskThread "GC Thread#9" [stack: 0x000000b423600000,0x000000b423700000] [id=10300]
  0x000002629b026fb0 GCTaskThread "GC Thread#10" [stack: 0x000000b423700000,0x000000b423800000] [id=9696]
  0x000002629b096a20 GCTaskThread "GC Thread#11" [stack: 0x000000b423800000,0x000000b423900000] [id=20272]
  0x00000262e5e458f0 ConcurrentGCThread "G1 Main Marker" [stack: 0x000000b421300000,0x000000b421400000] [id=19252]
  0x00000262e5e47b10 ConcurrentGCThread "G1 Conc#0" [stack: 0x000000b421400000,0x000000b421500000] [id=2704]
  0x0000026292cf5500 ConcurrentGCThread "G1 Refine#0" [stack: 0x000000b421500000,0x000000b421600000] [id=17172]
  0x00000262e5e9c050 ConcurrentGCThread "G1 Service" [stack: 0x000000b421600000,0x000000b421700000] [id=15584]

Threads with active compile tasks:

VM state: not at safepoint (normal execution)

VM Mutex/Monitor currently owned by a thread: None

Heap address: 0x0000000600c00000, size: 8180 MB, Compressed Oops mode: Zero based, Oop shift amount: 3

CDS archive(s) mapped at: [0x0000000800000000-0x0000000800bb0000-0x0000000800bb0000), size 12255232, SharedBaseAddress: 0x0000000800000000, ArchiveRelocationMode: 0.
Compressed class space mapped at: 0x0000000800c00000-0x0000000840c00000, reserved size: 1073741824
Narrow klass base: 0x0000000800000000, Narrow klass shift: 3, Narrow klass range: 0x100000000

GC Precious Log:
 CPUs: 16 total, 16 available
 Memory: 32719M
 Large Page Support: Disabled
 NUMA Support: Disabled
 Compressed Oops: Enabled (Zero based)
 Heap Region Size: 4M
 Heap Min Capacity: 8M
 Heap Initial Capacity: 512M
 Heap Max Capacity: 8180M
 Pre-touch: Disabled
 Parallel Workers: 13
 Concurrent Workers: 3
 Concurrent Refinement Workers: 13
 Periodic GC: Disabled

Heap:
 garbage-first heap   total 524288K, used 191186K [0x0000000600c00000, 0x0000000800000000)
  region size 4096K, 47 young (192512K), 2 survivors (8192K)
 Metaspace       used 9205K, committed 9344K, reserved 1064960K
  class space    used 464K, committed 512K, reserved 1048576K

Heap Regions: E=young(eden), S=young(survivor), O=old, HS=humongous(starts), HC=humongous(continues), CS=collection set, F=free, OA=open archive, CA=closed archive, TAMS=top-at-mark-start (previous, next)
|   0|0x0000000600c00000, 0x0000000601000000, 0x0000000601000000|100%| O|  |TAMS 0x0000000600c00000, 0x0000000600c00000| Untracked 
|   1|0x0000000601000000, 0x0000000601400000, 0x0000000601400000|100%| O|  |TAMS 0x0000000601000000, 0x0000000601000000| Untracked 
|   2|0x0000000601400000, 0x0000000601595800, 0x0000000601800000| 39%| O|  |TAMS 0x0000000601400000, 0x0000000601400000| Untracked 
|   3|0x0000000601800000, 0x0000000601800000, 0x0000000601c00000|  0%| F|  |TAMS 0x0000000601800000, 0x0000000601800000| Untracked 
|   4|0x0000000601c00000, 0x0000000601c00000, 0x0000000602000000|  0%| F|  |TAMS 0x0000000601c00000, 0x0000000601c00000| Untracked 
|   5|0x0000000602000000, 0x0000000602000000, 0x0000000602400000|  0%| F|  |TAMS 0x0000000602000000, 0x0000000602000000| Untracked 
|   6|0x0000000602400000, 0x0000000602400000, 0x0000000602800000|  0%| F|  |TAMS 0x0000000602400000, 0x0000000602400000| Untracked 
|   7|0x0000000602800000, 0x0000000602800000, 0x0000000602c00000|  0%| F|  |TAMS 0x0000000602800000, 0x0000000602800000| Untracked 
|   8|0x0000000602c00000, 0x0000000602c00000, 0x0000000603000000|  0%| F|  |TAMS 0x0000000602c00000, 0x0000000602c00000| Untracked 
|   9|0x0000000603000000, 0x0000000603000000, 0x0000000603400000|  0%| F|  |TAMS 0x0000000603000000, 0x0000000603000000| Untracked 
|  10|0x0000000603400000, 0x0000000603400000, 0x0000000603800000|  0%| F|  |TAMS 0x0000000603400000, 0x0000000603400000| Untracked 
|  11|0x0000000603800000, 0x0000000603800000, 0x0000000603c00000|  0%| F|  |TAMS 0x0000000603800000, 0x0000000603800000| Untracked 
|  12|0x0000000603c00000, 0x0000000603c00000, 0x0000000604000000|  0%| F|  |TAMS 0x0000000603c00000, 0x0000000603c00000| Untracked 
|  13|0x0000000604000000, 0x0000000604000000, 0x0000000604400000|  0%| F|  |TAMS 0x0000000604000000, 0x0000000604000000| Untracked 
|  14|0x0000000604400000, 0x0000000604400000, 0x0000000604800000|  0%| F|  |TAMS 0x0000000604400000, 0x0000000604400000| Untracked 
|  15|0x0000000604800000, 0x0000000604800000, 0x0000000604c00000|  0%| F|  |TAMS 0x0000000604800000, 0x0000000604800000| Untracked 
|  16|0x0000000604c00000, 0x0000000604c00000, 0x0000000605000000|  0%| F|  |TAMS 0x0000000604c00000, 0x0000000604c00000| Untracked 
|  17|0x0000000605000000, 0x0000000605000000, 0x0000000605400000|  0%| F|  |TAMS 0x0000000605000000, 0x0000000605000000| Untracked 
|  18|0x0000000605400000, 0x0000000605400000, 0x0000000605800000|  0%| F|  |TAMS 0x0000000605400000, 0x0000000605400000| Untracked 
|  19|0x0000000605800000, 0x0000000605800000, 0x0000000605c00000|  0%| F|  |TAMS 0x0000000605800000, 0x0000000605800000| Untracked 
|  20|0x0000000605c00000, 0x0000000605c00000, 0x0000000606000000|  0%| F|  |TAMS 0x0000000605c00000, 0x0000000605c00000| Untracked 
|  21|0x0000000606000000, 0x0000000606000000, 0x0000000606400000|  0%| F|  |TAMS 0x0000000606000000, 0x0000000606000000| Untracked 
|  22|0x0000000606400000, 0x0000000606400000, 0x0000000606800000|  0%| F|  |TAMS 0x0000000606400000, 0x0000000606400000| Untracked 
|  23|0x0000000606800000, 0x0000000606800000, 0x0000000606c00000|  0%| F|  |TAMS 0x0000000606800000, 0x0000000606800000| Untracked 
|  24|0x0000000606c00000, 0x0000000606c00000, 0x0000000607000000|  0%| F|  |TAMS 0x0000000606c00000, 0x0000000606c00000| Untracked 
|  25|0x0000000607000000, 0x0000000607000000, 0x0000000607400000|  0%| F|  |TAMS 0x0000000607000000, 0x0000000607000000| Untracked 
|  26|0x0000000607400000, 0x0000000607400000, 0x0000000607800000|  0%| F|  |TAMS 0x0000000607400000, 0x0000000607400000| Untracked 
|  27|0x0000000607800000, 0x0000000607800000, 0x0000000607c00000|  0%| F|  |TAMS 0x0000000607800000, 0x0000000607800000| Untracked 
|  28|0x0000000607c00000, 0x0000000607c00000, 0x0000000608000000|  0%| F|  |TAMS 0x0000000607c00000, 0x0000000607c00000| Untracked 
|  29|0x0000000608000000, 0x0000000608000000, 0x0000000608400000|  0%| F|  |TAMS 0x0000000608000000, 0x0000000608000000| Untracked 
|  30|0x0000000608400000, 0x0000000608400000, 0x0000000608800000|  0%| F|  |TAMS 0x0000000608400000, 0x0000000608400000| Untracked 
|  31|0x0000000608800000, 0x0000000608800000, 0x0000000608c00000|  0%| F|  |TAMS 0x0000000608800000, 0x0000000608800000| Untracked 
|  32|0x0000000608c00000, 0x0000000608c00000, 0x0000000609000000|  0%| F|  |TAMS 0x0000000608c00000, 0x0000000608c00000| Untracked 
|  33|0x0000000609000000, 0x0000000609000000, 0x0000000609400000|  0%| F|  |TAMS 0x0000000609000000, 0x0000000609000000| Untracked 
|  34|0x0000000609400000, 0x0000000609400000, 0x0000000609800000|  0%| F|  |TAMS 0x0000000609400000, 0x0000000609400000| Untracked 
|  35|0x0000000609800000, 0x0000000609800000, 0x0000000609c00000|  0%| F|  |TAMS 0x0000000609800000, 0x0000000609800000| Untracked 
|  36|0x0000000609c00000, 0x0000000609c00000, 0x000000060a000000|  0%| F|  |TAMS 0x0000000609c00000, 0x0000000609c00000| Untracked 
|  37|0x000000060a000000, 0x000000060a000000, 0x000000060a400000|  0%| F|  |TAMS 0x000000060a000000, 0x000000060a000000| Untracked 
|  38|0x000000060a400000, 0x000000060a400000, 0x000000060a800000|  0%| F|  |TAMS 0x000000060a400000, 0x000000060a400000| Untracked 
|  39|0x000000060a800000, 0x000000060a800000, 0x000000060ac00000|  0%| F|  |TAMS 0x000000060a800000, 0x000000060a800000| Untracked 
|  40|0x000000060ac00000, 0x000000060ac00000, 0x000000060b000000|  0%| F|  |TAMS 0x000000060ac00000, 0x000000060ac00000| Untracked 
|  41|0x000000060b000000, 0x000000060b000000, 0x000000060b400000|  0%| F|  |TAMS 0x000000060b000000, 0x000000060b000000| Untracked 
|  42|0x000000060b400000, 0x000000060b400000, 0x000000060b800000|  0%| F|  |TAMS 0x000000060b400000, 0x000000060b400000| Untracked 
|  43|0x000000060b800000, 0x000000060b800000, 0x000000060bc00000|  0%| F|  |TAMS 0x000000060b800000, 0x000000060b800000| Untracked 
|  44|0x000000060bc00000, 0x000000060bc00000, 0x000000060c000000|  0%| F|  |TAMS 0x000000060bc00000, 0x000000060bc00000| Untracked 
|  45|0x000000060c000000, 0x000000060c000000, 0x000000060c400000|  0%| F|  |TAMS 0x000000060c000000, 0x000000060c000000| Untracked 
|  46|0x000000060c400000, 0x000000060c400000, 0x000000060c800000|  0%| F|  |TAMS 0x000000060c400000, 0x000000060c400000| Untracked 
|  47|0x000000060c800000, 0x000000060c800000, 0x000000060cc00000|  0%| F|  |TAMS 0x000000060c800000, 0x000000060c800000| Untracked 
|  48|0x000000060cc00000, 0x000000060cc00000, 0x000000060d000000|  0%| F|  |TAMS 0x000000060cc00000, 0x000000060cc00000| Untracked 
|  49|0x000000060d000000, 0x000000060d000000, 0x000000060d400000|  0%| F|  |TAMS 0x000000060d000000, 0x000000060d000000| Untracked 
|  50|0x000000060d400000, 0x000000060d400000, 0x000000060d800000|  0%| F|  |TAMS 0x000000060d400000, 0x000000060d400000| Untracked 
|  51|0x000000060d800000, 0x000000060d800000, 0x000000060dc00000|  0%| F|  |TAMS 0x000000060d800000, 0x000000060d800000| Untracked 
|  52|0x000000060dc00000, 0x000000060dc00000, 0x000000060e000000|  0%| F|  |TAMS 0x000000060dc00000, 0x000000060dc00000| Untracked 
|  53|0x000000060e000000, 0x000000060e000000, 0x000000060e400000|  0%| F|  |TAMS 0x000000060e000000, 0x000000060e000000| Untracked 
|  54|0x000000060e400000, 0x000000060e400000, 0x000000060e800000|  0%| F|  |TAMS 0x000000060e400000, 0x000000060e400000| Untracked 
|  55|0x000000060e800000, 0x000000060e800000, 0x000000060ec00000|  0%| F|  |TAMS 0x000000060e800000, 0x000000060e800000| Untracked 
|  56|0x000000060ec00000, 0x000000060ec00000, 0x000000060f000000|  0%| F|  |TAMS 0x000000060ec00000, 0x000000060ec00000| Untracked 
|  57|0x000000060f000000, 0x000000060f000000, 0x000000060f400000|  0%| F|  |TAMS 0x000000060f000000, 0x000000060f000000| Untracked 
|  58|0x000000060f400000, 0x000000060f400000, 0x000000060f800000|  0%| F|  |TAMS 0x000000060f400000, 0x000000060f400000| Untracked 
|  59|0x000000060f800000, 0x000000060f800000, 0x000000060fc00000|  0%| F|  |TAMS 0x000000060f800000, 0x000000060f800000| Untracked 
|  60|0x000000060fc00000, 0x000000060fc00000, 0x0000000610000000|  0%| F|  |TAMS 0x000000060fc00000, 0x000000060fc00000| Untracked 
|  61|0x0000000610000000, 0x0000000610000000, 0x0000000610400000|  0%| F|  |TAMS 0x0000000610000000, 0x0000000610000000| Untracked 
|  62|0x0000000610400000, 0x0000000610400000, 0x0000000610800000|  0%| F|  |TAMS 0x0000000610400000, 0x0000000610400000| Untracked 
|  63|0x0000000610800000, 0x0000000610800000, 0x0000000610c00000|  0%| F|  |TAMS 0x0000000610800000, 0x0000000610800000| Untracked 
|  64|0x0000000610c00000, 0x0000000610c00000, 0x0000000611000000|  0%| F|  |TAMS 0x0000000610c00000, 0x0000000610c00000| Untracked 
|  65|0x0000000611000000, 0x0000000611000000, 0x0000000611400000|  0%| F|  |TAMS 0x0000000611000000, 0x0000000611000000| Untracked 
|  66|0x0000000611400000, 0x0000000611400000, 0x0000000611800000|  0%| F|  |TAMS 0x0000000611400000, 0x0000000611400000| Untracked 
|  67|0x0000000611800000, 0x0000000611800000, 0x0000000611c00000|  0%| F|  |TAMS 0x0000000611800000, 0x0000000611800000| Untracked 
|  68|0x0000000611c00000, 0x0000000611c00000, 0x0000000612000000|  0%| F|  |TAMS 0x0000000611c00000, 0x0000000611c00000| Untracked 
|  69|0x0000000612000000, 0x0000000612000000, 0x0000000612400000|  0%| F|  |TAMS 0x0000000612000000, 0x0000000612000000| Untracked 
|  70|0x0000000612400000, 0x0000000612400000, 0x0000000612800000|  0%| F|  |TAMS 0x0000000612400000, 0x0000000612400000| Untracked 
|  71|0x0000000612800000, 0x0000000612800000, 0x0000000612c00000|  0%| F|  |TAMS 0x0000000612800000, 0x0000000612800000| Untracked 
|  72|0x0000000612c00000, 0x0000000612c00000, 0x0000000613000000|  0%| F|  |TAMS 0x0000000612c00000, 0x0000000612c00000| Untracked 
|  73|0x0000000613000000, 0x0000000613000000, 0x0000000613400000|  0%| F|  |TAMS 0x0000000613000000, 0x0000000613000000| Untracked 
|  74|0x0000000613400000, 0x0000000613400000, 0x0000000613800000|  0%| F|  |TAMS 0x0000000613400000, 0x0000000613400000| Untracked 
|  75|0x0000000613800000, 0x0000000613800000, 0x0000000613c00000|  0%| F|  |TAMS 0x0000000613800000, 0x0000000613800000| Untracked 
|  76|0x0000000613c00000, 0x0000000613c00000, 0x0000000614000000|  0%| F|  |TAMS 0x0000000613c00000, 0x0000000613c00000| Untracked 
|  77|0x0000000614000000, 0x0000000614000000, 0x0000000614400000|  0%| F|  |TAMS 0x0000000614000000, 0x0000000614000000| Untracked 
|  78|0x0000000614400000, 0x0000000614400000, 0x0000000614800000|  0%| F|  |TAMS 0x0000000614400000, 0x0000000614400000| Untracked 
|  79|0x0000000614800000, 0x0000000614800000, 0x0000000614c00000|  0%| F|  |TAMS 0x0000000614800000, 0x0000000614800000| Untracked 
|  80|0x0000000614c00000, 0x0000000614c00000, 0x0000000615000000|  0%| F|  |TAMS 0x0000000614c00000, 0x0000000614c00000| Untracked 
|  81|0x0000000615000000, 0x0000000615207c10, 0x0000000615400000| 50%| E|  |TAMS 0x0000000615000000, 0x0000000615000000| Complete 
|  82|0x0000000615400000, 0x0000000615800000, 0x0000000615800000|100%| E|CS|TAMS 0x0000000615400000, 0x0000000615400000| Complete 
|  83|0x0000000615800000, 0x0000000615c00000, 0x0000000615c00000|100%| E|  |TAMS 0x0000000615800000, 0x0000000615800000| Complete 
|  84|0x0000000615c00000, 0x0000000616000000, 0x0000000616000000|100%| E|CS|TAMS 0x0000000615c00000, 0x0000000615c00000| Complete 
|  85|0x0000000616000000, 0x0000000616400000, 0x0000000616400000|100%| E|CS|TAMS 0x0000000616000000, 0x0000000616000000| Complete 
|  86|0x0000000616400000, 0x0000000616800000, 0x0000000616800000|100%| E|CS|TAMS 0x0000000616400000, 0x0000000616400000| Complete 
|  87|0x0000000616800000, 0x0000000616c00000, 0x0000000616c00000|100%| E|CS|TAMS 0x0000000616800000, 0x0000000616800000| Complete 
|  88|0x0000000616c00000, 0x0000000617000000, 0x0000000617000000|100%| E|CS|TAMS 0x0000000616c00000, 0x0000000616c00000| Complete 
|  89|0x0000000617000000, 0x0000000617400000, 0x0000000617400000|100%| E|CS|TAMS 0x0000000617000000, 0x0000000617000000| Complete 
|  90|0x0000000617400000, 0x0000000617800000, 0x0000000617800000|100%| E|CS|TAMS 0x0000000617400000, 0x0000000617400000| Complete 
|  91|0x0000000617800000, 0x0000000617c00000, 0x0000000617c00000|100%| E|CS|TAMS 0x0000000617800000, 0x0000000617800000| Complete 
|  92|0x0000000617c00000, 0x0000000618000000, 0x0000000618000000|100%| E|CS|TAMS 0x0000000617c00000, 0x0000000617c00000| Complete 
|  93|0x0000000618000000, 0x0000000618400000, 0x0000000618400000|100%| E|CS|TAMS 0x0000000618000000, 0x0000000618000000| Complete 
|  94|0x0000000618400000, 0x0000000618800000, 0x0000000618800000|100%| E|CS|TAMS 0x0000000618400000, 0x0000000618400000| Complete 
|  95|0x0000000618800000, 0x0000000618c00000, 0x0000000618c00000|100%| E|CS|TAMS 0x0000000618800000, 0x0000000618800000| Complete 
|  96|0x0000000618c00000, 0x0000000619000000, 0x0000000619000000|100%| E|CS|TAMS 0x0000000618c00000, 0x0000000618c00000| Complete 
|  97|0x0000000619000000, 0x0000000619400000, 0x0000000619400000|100%| E|CS|TAMS 0x0000000619000000, 0x0000000619000000| Complete 
|  98|0x0000000619400000, 0x0000000619800000, 0x0000000619800000|100%| E|CS|TAMS 0x0000000619400000, 0x0000000619400000| Complete 
|  99|0x0000000619800000, 0x0000000619c00000, 0x0000000619c00000|100%| E|CS|TAMS 0x0000000619800000, 0x0000000619800000| Complete 
| 100|0x0000000619c00000, 0x000000061a000000, 0x000000061a000000|100%| E|CS|TAMS 0x0000000619c00000, 0x0000000619c00000| Complete 
| 101|0x000000061a000000, 0x000000061a400000, 0x000000061a400000|100%| E|CS|TAMS 0x000000061a000000, 0x000000061a000000| Complete 
| 102|0x000000061a400000, 0x000000061a800000, 0x000000061a800000|100%| E|CS|TAMS 0x000000061a400000, 0x000000061a400000| Complete 
| 103|0x000000061a800000, 0x000000061ac00000, 0x000000061ac00000|100%| E|CS|TAMS 0x000000061a800000, 0x000000061a800000| Complete 
| 104|0x000000061ac00000, 0x000000061b000000, 0x000000061b000000|100%| E|CS|TAMS 0x000000061ac00000, 0x000000061ac00000| Complete 
| 105|0x000000061b000000, 0x000000061b400000, 0x000000061b400000|100%| E|CS|TAMS 0x000000061b000000, 0x000000061b000000| Complete 
| 106|0x000000061b400000, 0x000000061b800000, 0x000000061b800000|100%| E|CS|TAMS 0x000000061b400000, 0x000000061b400000| Complete 
| 107|0x000000061b800000, 0x000000061bc00000, 0x000000061bc00000|100%| E|CS|TAMS 0x000000061b800000, 0x000000061b800000| Complete 
| 108|0x000000061bc00000, 0x000000061c000000, 0x000000061c000000|100%| E|CS|TAMS 0x000000061bc00000, 0x000000061bc00000| Complete 
| 109|0x000000061c000000, 0x000000061c400000, 0x000000061c400000|100%| E|CS|TAMS 0x000000061c000000, 0x000000061c000000| Complete 
| 110|0x000000061c400000, 0x000000061c800000, 0x000000061c800000|100%| E|CS|TAMS 0x000000061c400000, 0x000000061c400000| Complete 
| 111|0x000000061c800000, 0x000000061cc00000, 0x000000061cc00000|100%| E|CS|TAMS 0x000000061c800000, 0x000000061c800000| Complete 
| 112|0x000000061cc00000, 0x000000061d000000, 0x000000061d000000|100%| E|CS|TAMS 0x000000061cc00000, 0x000000061cc00000| Complete 
| 113|0x000000061d000000, 0x000000061d400000, 0x000000061d400000|100%| E|CS|TAMS 0x000000061d000000, 0x000000061d000000| Complete 
| 114|0x000000061d400000, 0x000000061d800000, 0x000000061d800000|100%| E|CS|TAMS 0x000000061d400000, 0x000000061d400000| Complete 
| 115|0x000000061d800000, 0x000000061dc00000, 0x000000061dc00000|100%| E|CS|TAMS 0x000000061d800000, 0x000000061d800000| Complete 
| 116|0x000000061dc00000, 0x000000061dd1f260, 0x000000061e000000| 28%| S|CS|TAMS 0x000000061dc00000, 0x000000061dc00000| Complete 
| 117|0x000000061e000000, 0x000000061e400000, 0x000000061e400000|100%| S|CS|TAMS 0x000000061e000000, 0x000000061e000000| Complete 
| 118|0x000000061e400000, 0x000000061e800000, 0x000000061e800000|100%| E|CS|TAMS 0x000000061e400000, 0x000000061e400000| Complete 
| 119|0x000000061e800000, 0x000000061ec00000, 0x000000061ec00000|100%| E|CS|TAMS 0x000000061e800000, 0x000000061e800000| Complete 
| 120|0x000000061ec00000, 0x000000061f000000, 0x000000061f000000|100%| E|CS|TAMS 0x000000061ec00000, 0x000000061ec00000| Complete 
| 121|0x000000061f000000, 0x000000061f400000, 0x000000061f400000|100%| E|CS|TAMS 0x000000061f000000, 0x000000061f000000| Complete 
| 122|0x000000061f400000, 0x000000061f800000, 0x000000061f800000|100%| E|CS|TAMS 0x000000061f400000, 0x000000061f400000| Complete 
| 123|0x000000061f800000, 0x000000061fc00000, 0x000000061fc00000|100%| E|CS|TAMS 0x000000061f800000, 0x000000061f800000| Complete 
| 124|0x000000061fc00000, 0x0000000620000000, 0x0000000620000000|100%| E|CS|TAMS 0x000000061fc00000, 0x000000061fc00000| Complete 
| 125|0x0000000620000000, 0x0000000620400000, 0x0000000620400000|100%| E|CS|TAMS 0x0000000620000000, 0x0000000620000000| Complete 
| 126|0x0000000620400000, 0x0000000620800000, 0x0000000620800000|100%| E|CS|TAMS 0x0000000620400000, 0x0000000620400000| Complete 
| 127|0x0000000620800000, 0x0000000620c00000, 0x0000000620c00000|100%| E|CS|TAMS 0x0000000620800000, 0x0000000620800000| Complete 

Card table byte_map: [0x00000262fddc0000,0x00000262fedc0000] _byte_map_base: 0x00000262fadba000

Marking Bits (Prev, Next): (CMBitMap*) 0x00000262e5e34f10, (CMBitMap*) 0x00000262e5e34f50
 Prev Bits: [0x0000026280000000, 0x0000026287fd0000)
 Next Bits: [0x0000026287fd0000, 0x000002628ffa0000)

Polling page: 0x00000262e55a0000

Metaspace:

Usage:
  Non-class:      8.54 MB used.
      Class:    464.23 KB used.
       Both:      8.99 MB used.

Virtual space:
  Non-class space:       16.00 MB reserved,       8.62 MB ( 54%) committed,  2 nodes.
      Class space:        1.00 GB reserved,     512.00 KB ( <1%) committed,  1 nodes.
              Both:        1.02 GB reserved,       9.12 MB ( <1%) committed. 

Chunk freelists:
   Non-Class:  1.78 MB
       Class:  3.44 MB
        Both:  5.22 MB

MaxMetaspaceSize: 17179869184.00 GB
CompressedClassSpaceSize: 1.00 GB
 - commit_granule_bytes: 65536.
 - commit_granule_words: 8192.
 - virtual_space_node_default_size: 1048576.
 - enlarge_chunks_in_place: 1.
 - new_chunks_are_fully_committed: 0.
 - uncommit_free_chunks: 1.
 - use_allocation_guard: 0.
 - handle_deallocations: 1.


Internal statistics:

num_allocs_failed_limit: 0.
num_arena_births: 68.
num_arena_deaths: 0.
num_vsnodes_births: 3.
num_vsnodes_deaths: 0.
num_space_committed: 144.
num_space_uncommitted: 0.
num_chunks_returned_to_freelist: 0.
num_chunks_taken_from_freelist: 308.
num_chunk_merges: 0.
num_chunk_splits: 247.
num_chunks_enlarged: 212.
num_purges: 0.

CodeHeap 'non-profiled nmethods': size=119168Kb used=716Kb max_used=716Kb free=118451Kb
 bounds [0x00000262f50e0000, 0x00000262f5350000, 0x00000262fc540000]
CodeHeap 'profiled nmethods': size=119104Kb used=2747Kb max_used=2747Kb free=116356Kb
 bounds [0x00000262edc90000, 0x00000262edf40000, 0x00000262f50e0000]
CodeHeap 'non-nmethods': size=7488Kb used=3367Kb max_used=3394Kb free=4120Kb
 bounds [0x00000262ed540000, 0x00000262ed8a0000, 0x00000262edc90000]
 total_blobs=2599 nmethods=1474 adapters=1035
 compilation: enabled
              stopped_count=0, restarted_count=0
 full_count=0

Compilation events (20 events):
Event: 1.827 Thread 0x00000262938240f0 1466       3       org.lwjgl.opengl.GL20C::glUniformMatrix4fv (16 bytes)
Event: 1.827 Thread 0x000002629392fd90 nmethod 1464 0x00000262edf3a390 code [0x00000262edf3a560, 0x00000262edf3a878]
Event: 1.827 Thread 0x000002629b0d1a80 nmethod 1465 0x00000262edf3a990 code [0x00000262edf3ab40, 0x00000262edf3ad68]
Event: 1.828 Thread 0x00000262938240f0 nmethod 1466 0x00000262edf3ae90 code [0x00000262edf3b060, 0x00000262edf3b3f8]
Event: 1.959 Thread 0x00000262938240f0 1467       3       org.joml.Matrix4f::translation (35 bytes)
Event: 1.959 Thread 0x000002629392fd90 1468       3       org.joml.MemUtil$MemUtilNIO::identity (67 bytes)
Event: 1.959 Thread 0x000002629b0d1a80 1469       3       org.joml.Matrix4f::setTranslation (24 bytes)
Event: 1.959 Thread 0x000002629b0d1a80 nmethod 1469 0x00000262edf3b590 code [0x00000262edf3b740, 0x00000262edf3b9d8]
Event: 1.960 Thread 0x00000262938240f0 nmethod 1467 0x00000262edf3bb90 code [0x00000262edf3bd60, 0x00000262edf3c128]
Event: 1.960 Thread 0x000002629392fd90 nmethod 1468 0x00000262edf3c290 code [0x00000262edf3c4a0, 0x00000262edf3cc18]
Event: 1.973 Thread 0x00000262938240f0 1470       3       com.salami.dragon.sandbox.Sandbox::CAMERA (4 bytes)
Event: 1.973 Thread 0x000002629392fd90 1471       3       com.salami.dragon.engine.render.mesh.Mesh::initRender (62 bytes)
Event: 1.973 Thread 0x000002629392eb50 1472       3       com.salami.dragon.engine.render.GraphicsContext$$Lambda$60/0x0000000800c3bc00::accept (16 bytes)
Event: 1.973 Thread 0x000002629b0d1a80 1473       3       com.salami.dragon.engine.render.GraphicsContext::lambda$renderWorld$0 (20 bytes)
Event: 1.973 Thread 0x00000262938240f0 nmethod 1470 0x00000262edf3cf10 code [0x00000262edf3d0a0, 0x00000262edf3d1b8]
Event: 1.973 Thread 0x00000262938240f0 1474       3       com.salami.dragon.engine.render.mesh.Mesh::endRender (12 bytes)
Event: 1.973 Thread 0x00000262938240f0 nmethod 1474 0x00000262edf3d290 code [0x00000262edf3d460, 0x00000262edf3d698]
Event: 1.973 Thread 0x000002629b0d1a80 nmethod 1473 0x00000262edf3d790 code [0x00000262edf3d960, 0x00000262edf3db38]
Event: 1.973 Thread 0x000002629392eb50 nmethod 1472 0x00000262edf3dc90 code [0x00000262edf3de60, 0x00000262edf3e198]
Event: 1.973 Thread 0x000002629392fd90 nmethod 1471 0x00000262edf3e310 code [0x00000262edf3e540, 0x00000262edf3ea88]

GC Heap History (6 events):
Event: 0.878 GC heap before
{Heap before GC invocations=0 (full 0):
 garbage-first heap   total 524288K, used 20480K [0x0000000600c00000, 0x0000000800000000)
  region size 4096K, 6 young (24576K), 0 survivors (0K)
 Metaspace       used 7258K, committed 7488K, reserved 1064960K
  class space    used 384K, committed 512K, reserved 1048576K
}
Event: 0.882 GC heap after
{Heap after GC invocations=1 (full 0):
 garbage-first heap   total 524288K, used 7670K [0x0000000600c00000, 0x0000000800000000)
  region size 4096K, 1 young (4096K), 1 survivors (4096K)
 Metaspace       used 7258K, committed 7488K, reserved 1064960K
  class space    used 384K, committed 512K, reserved 1048576K
}
Event: 0.923 GC heap before
{Heap before GC invocations=1 (full 0):
 garbage-first heap   total 524288K, used 32246K [0x0000000600c00000, 0x0000000800000000)
  region size 4096K, 7 young (28672K), 1 survivors (4096K)
 Metaspace       used 7394K, committed 7616K, reserved 1064960K
  class space    used 385K, committed 512K, reserved 1048576K
}
Event: 0.926 GC heap after
{Heap after GC invocations=2 (full 0):
 garbage-first heap   total 524288K, used 13910K [0x0000000600c00000, 0x0000000800000000)
  region size 4096K, 1 young (4096K), 1 survivors (4096K)
 Metaspace       used 7394K, committed 7616K, reserved 1064960K
  class space    used 385K, committed 512K, reserved 1048576K
}
Event: 0.970 GC heap before
{Heap before GC invocations=2 (full 0):
 garbage-first heap   total 524288K, used 50774K [0x0000000600c00000, 0x0000000800000000)
  region size 4096K, 10 young (40960K), 1 survivors (4096K)
 Metaspace       used 7395K, committed 7616K, reserved 1064960K
  class space    used 385K, committed 512K, reserved 1048576K
}
Event: 0.972 GC heap after
{Heap after GC invocations=3 (full 0):
 garbage-first heap   total 524288K, used 15058K [0x0000000600c00000, 0x0000000800000000)
  region size 4096K, 2 young (8192K), 2 survivors (8192K)
 Metaspace       used 7395K, committed 7616K, reserved 1064960K
  class space    used 385K, committed 512K, reserved 1048576K
}

Deoptimization events (20 events):
Event: 1.293 Thread 0x00000262e5dbb8e0 DEOPT PACKING pc=0x00000262edf1ce4a sp=0x000000b4211ff180
Event: 1.293 Thread 0x00000262e5dbb8e0 DEOPT UNPACKING pc=0x00000262ed58dece sp=0x000000b4211fe610 mode 0
Event: 1.294 Thread 0x00000262e5dbb8e0 DEOPT PACKING pc=0x00000262edf1ce4a sp=0x000000b4211ff180
Event: 1.294 Thread 0x00000262e5dbb8e0 DEOPT UNPACKING pc=0x00000262ed58dece sp=0x000000b4211fe610 mode 0
Event: 1.295 Thread 0x00000262e5dbb8e0 DEOPT PACKING pc=0x00000262edf1ce4a sp=0x000000b4211ff180
Event: 1.295 Thread 0x00000262e5dbb8e0 DEOPT UNPACKING pc=0x00000262ed58dece sp=0x000000b4211fe610 mode 0
Event: 1.295 Thread 0x00000262e5dbb8e0 DEOPT PACKING pc=0x00000262edf1ce4a sp=0x000000b4211ff180
Event: 1.295 Thread 0x00000262e5dbb8e0 DEOPT UNPACKING pc=0x00000262ed58dece sp=0x000000b4211fe610 mode 0
Event: 1.296 Thread 0x00000262e5dbb8e0 DEOPT PACKING pc=0x00000262edf1ce4a sp=0x000000b4211ff180
Event: 1.296 Thread 0x00000262e5dbb8e0 DEOPT UNPACKING pc=0x00000262ed58dece sp=0x000000b4211fe610 mode 0
Event: 1.297 Thread 0x00000262e5dbb8e0 DEOPT PACKING pc=0x00000262edf1ce4a sp=0x000000b4211ff180
Event: 1.297 Thread 0x00000262e5dbb8e0 DEOPT UNPACKING pc=0x00000262ed58dece sp=0x000000b4211fe610 mode 0
Event: 1.297 Thread 0x00000262e5dbb8e0 DEOPT PACKING pc=0x00000262edf1ce4a sp=0x000000b4211ff180
Event: 1.297 Thread 0x00000262e5dbb8e0 DEOPT UNPACKING pc=0x00000262ed58dece sp=0x000000b4211fe610 mode 0
Event: 1.298 Thread 0x00000262e5dbb8e0 DEOPT PACKING pc=0x00000262edf1ce4a sp=0x000000b4211ff180
Event: 1.298 Thread 0x00000262e5dbb8e0 DEOPT UNPACKING pc=0x00000262ed58dece sp=0x000000b4211fe610 mode 0
Event: 1.473 Thread 0x00000262e5dbb8e0 Uncommon trap: trap_request=0xffffff54 fr.pc=0x00000262f5185c7c relative=0x000000000000005c
Event: 1.473 Thread 0x00000262e5dbb8e0 Uncommon trap: reason=speculate_null_assert action=make_not_entrant pc=0x00000262f5185c7c method=sun.misc.Unsafe.getLong(Ljava/lang/Object;J)J @ 5 c2
Event: 1.473 Thread 0x00000262e5dbb8e0 DEOPT PACKING pc=0x00000262f5185c7c sp=0x000000b4211ff0e0
Event: 1.473 Thread 0x00000262e5dbb8e0 DEOPT UNPACKING pc=0x00000262ed58d72e sp=0x000000b4211ff068 mode 2

Classes unloaded (0 events):
No events

Classes redefined (0 events):
No events

Internal exceptions (20 events):
Event: 0.104 Thread 0x00000262e5dbb8e0 Exception <a 'java/lang/NoSuchMethodError'{0x00000006205a5370}: 'void java.lang.invoke.DelegatingMethodHandle$Holder.delegate(java.lang.Object, java.lang.Object, int, java.lang.Object)'> (0x00000006205a5370) 
thrown [t:\workspace\open\src\hotspot\share\interpreter\linkResolver.cpp, line 790]
Event: 0.104 Thread 0x00000262e5dbb8e0 Exception <a 'java/lang/NoSuchMethodError'{0x00000006205a94c0}: 'int java.lang.invoke.DirectMethodHandle$Holder.invokeSpecial(java.lang.Object, java.lang.Object, java.lang.Object)'> (0x00000006205a94c0) 
thrown [t:\workspace\open\src\hotspot\share\interpreter\linkResolver.cpp, line 790]
Event: 0.127 Thread 0x00000262e5dbb8e0 Exception <a 'sun/nio/fs/WindowsException'{0x0000000620616b38}> (0x0000000620616b38) 
thrown [t:\workspace\open\src\hotspot\share\prims\jni.cpp, line 579]
Event: 0.127 Thread 0x00000262e5dbb8e0 Exception <a 'sun/nio/fs/WindowsException'{0x0000000620617090}> (0x0000000620617090) 
thrown [t:\workspace\open\src\hotspot\share\prims\jni.cpp, line 579]
Event: 0.144 Thread 0x00000262e5dbb8e0 Exception <a 'sun/nio/fs/WindowsException'{0x00000006206b5bc0}> (0x00000006206b5bc0) 
thrown [t:\workspace\open\src\hotspot\share\prims\jni.cpp, line 579]
Event: 0.144 Thread 0x00000262e5dbb8e0 Exception <a 'sun/nio/fs/WindowsException'{0x00000006206b5f30}> (0x00000006206b5f30) 
thrown [t:\workspace\open\src\hotspot\share\prims\jni.cpp, line 579]
Event: 0.643 Thread 0x00000262e5dbb8e0 Exception <a 'sun/nio/fs/WindowsException'{0x0000000620751a58}> (0x0000000620751a58) 
thrown [t:\workspace\open\src\hotspot\share\prims\jni.cpp, line 579]
Event: 0.643 Thread 0x00000262e5dbb8e0 Exception <a 'sun/nio/fs/WindowsException'{0x0000000620751e08}> (0x0000000620751e08) 
thrown [t:\workspace\open\src\hotspot\share\prims\jni.cpp, line 579]
Event: 0.646 Thread 0x00000262e5dbb8e0 Exception <a 'sun/nio/fs/WindowsException'{0x000000062075e818}> (0x000000062075e818) 
thrown [t:\workspace\open\src\hotspot\share\prims\jni.cpp, line 579]
Event: 0.646 Thread 0x00000262e5dbb8e0 Exception <a 'sun/nio/fs/WindowsException'{0x000000062075eb00}> (0x000000062075eb00) 
thrown [t:\workspace\open\src\hotspot\share\prims\jni.cpp, line 579]
Event: 1.163 Thread 0x00000262e5dbb8e0 Exception <a 'sun/nio/fs/WindowsException'{0x000000061553adf0}> (0x000000061553adf0) 
thrown [t:\workspace\open\src\hotspot\share\prims\jni.cpp, line 579]
Event: 1.163 Thread 0x00000262e5dbb8e0 Exception <a 'sun/nio/fs/WindowsException'{0x000000061553b178}> (0x000000061553b178) 
thrown [t:\workspace\open\src\hotspot\share\prims\jni.cpp, line 579]
Event: 1.193 Thread 0x00000262e5dbb8e0 Exception <a 'sun/nio/fs/WindowsException'{0x00000006155f7cb0}> (0x00000006155f7cb0) 
thrown [t:\workspace\open\src\hotspot\share\prims\jni.cpp, line 579]
Event: 1.193 Thread 0x00000262e5dbb8e0 Exception <a 'sun/nio/fs/WindowsException'{0x00000006155f7e40}> (0x00000006155f7e40) 
thrown [t:\workspace\open\src\hotspot\share\prims\jni.cpp, line 579]
Event: 1.200 Thread 0x00000262e5dbb8e0 Exception <a 'sun/nio/fs/WindowsException'{0x0000000615625ee8}> (0x0000000615625ee8) 
thrown [t:\workspace\open\src\hotspot\share\prims\jni.cpp, line 579]
Event: 1.200 Thread 0x00000262e5dbb8e0 Exception <a 'sun/nio/fs/WindowsException'{0x0000000615626270}> (0x0000000615626270) 
thrown [t:\workspace\open\src\hotspot\share\prims\jni.cpp, line 579]
Event: 1.254 Thread 0x00000262e5dbb8e0 Exception <a 'sun/nio/fs/WindowsException'{0x000000061562fb48}> (0x000000061562fb48) 
thrown [t:\workspace\open\src\hotspot\share\prims\jni.cpp, line 579]
Event: 1.254 Thread 0x00000262e5dbb8e0 Exception <a 'sun/nio/fs/WindowsException'{0x000000061562fcc0}> (0x000000061562fcc0) 
thrown [t:\workspace\open\src\hotspot\share\prims\jni.cpp, line 579]
Event: 1.255 Thread 0x00000262e5dbb8e0 Exception <a 'sun/nio/fs/WindowsException'{0x0000000615637e18}> (0x0000000615637e18) 
thrown [t:\workspace\open\src\hotspot\share\prims\jni.cpp, line 579]
Event: 1.255 Thread 0x00000262e5dbb8e0 Exception <a 'sun/nio/fs/WindowsException'{0x0000000615637f90}> (0x0000000615637f90) 
thrown [t:\workspace\open\src\hotspot\share\prims\jni.cpp, line 579]

Events (20 events):
Event: 1.194 loading class java/nio/channels/Channels$ReadableByteChannelImpl done
Event: 1.194 loading class java/nio/channels/spi/AbstractInterruptibleChannel$1
Event: 1.194 loading class sun/nio/ch/Interruptible
Event: 1.194 loading class sun/nio/ch/Interruptible done
Event: 1.194 loading class java/nio/channels/spi/AbstractInterruptibleChannel$1 done
Event: 1.201 Loaded shared library C:\Users\conno\AppData\Local\Temp\lwjglconno\3.2.3-build-13\lwjgl_stb.dll
Event: 1.311 loading class java/lang/SecurityException
Event: 1.311 loading class java/lang/SecurityException done
Event: 1.312 loading class jdk/internal/access/foreign/MemorySegmentProxy
Event: 1.312 loading class jdk/internal/access/foreign/MemorySegmentProxy done
Event: 1.349 loading class java/lang/NumberFormatException
Event: 1.349 loading class java/lang/NumberFormatException done
Event: 1.466 Thread 0x000002629b0e2370 Thread exited: 0x000002629b0e2370
Event: 1.473 Thread 0x000002629b1a4c30 Thread exited: 0x000002629b1a4c30
Event: 1.480 Thread 0x000002629b1a3ec0 Thread exited: 0x000002629b1a3ec0
Event: 1.480 Thread 0x000002629b1a3750 Thread exited: 0x000002629b1a3750
Event: 1.591 Thread 0x000002629b1a2de0 Thread exited: 0x000002629b1a2de0
Event: 1.813 Thread 0x000002629ad00860 Thread exited: 0x000002629ad00860
Event: 1.976 Executing  VM operation: Cleanup
Event: 1.976 Executing  VM operation: Cleanup done


Dynamic libraries:
0x00007ff740550000 - 0x00007ff740560000 	C:\Program Files\Java\jdk-16.0.2\bin\java.exe
0x00007ffca89b0000 - 0x00007ffca8ba5000 	C:\WINDOWS\SYSTEM32\ntdll.dll
0x00007ffca79c0000 - 0x00007ffca7a7d000 	C:\WINDOWS\System32\KERNEL32.DLL
0x00007ffca64f0000 - 0x00007ffca67b9000 	C:\WINDOWS\System32\KERNELBASE.dll
0x00007ffca62e0000 - 0x00007ffca63e0000 	C:\WINDOWS\System32\ucrtbase.dll
0x00007ffca3030000 - 0x00007ffca3048000 	C:\Program Files\Java\jdk-16.0.2\bin\jli.dll
0x00007ffca7f40000 - 0x00007ffca7fec000 	C:\WINDOWS\System32\ADVAPI32.dll
0x00007ffca3440000 - 0x00007ffca3459000 	C:\Program Files\Java\jdk-16.0.2\bin\VCRUNTIME140.dll
0x00007ffca7770000 - 0x00007ffca780e000 	C:\WINDOWS\System32\msvcrt.dll
0x00007ffca7810000 - 0x00007ffca78ab000 	C:\WINDOWS\System32\sechost.dll
0x00007ffca7d70000 - 0x00007ffca7e9a000 	C:\WINDOWS\System32\RPCRT4.dll
0x00007ffca7bd0000 - 0x00007ffca7d70000 	C:\WINDOWS\System32\USER32.dll
0x00007ffca6170000 - 0x00007ffca6192000 	C:\WINDOWS\System32\win32u.dll
0x00007ffc87540000 - 0x00007ffc877da000 	C:\WINDOWS\WinSxS\amd64_microsoft.windows.common-controls_6595b64144ccf1df_6.0.19041.1110_none_60b5254171f9507e\COMCTL32.dll
0x00007ffca7740000 - 0x00007ffca776a000 	C:\WINDOWS\System32\GDI32.dll
0x00007ffca63e0000 - 0x00007ffca64eb000 	C:\WINDOWS\System32\gdi32full.dll
0x00007ffca6810000 - 0x00007ffca68ad000 	C:\WINDOWS\System32\msvcp_win.dll
0x00007ffca1b20000 - 0x00007ffca1b2a000 	C:\WINDOWS\SYSTEM32\VERSION.dll
0x00007ffca88e0000 - 0x00007ffca8910000 	C:\WINDOWS\System32\IMM32.DLL
0x00007ffca3010000 - 0x00007ffca301c000 	C:\Program Files\Java\jdk-16.0.2\bin\vcruntime140_1.dll
0x00007ffc94170000 - 0x00007ffc94201000 	C:\Program Files\Java\jdk-16.0.2\bin\msvcp140.dll
0x00007ffc350d0000 - 0x00007ffc35c7b000 	C:\Program Files\Java\jdk-16.0.2\bin\server\jvm.dll
0x00007ffca7f30000 - 0x00007ffca7f38000 	C:\WINDOWS\System32\PSAPI.DLL
0x00007ffc9a880000 - 0x00007ffc9a8a7000 	C:\WINDOWS\SYSTEM32\WINMM.dll
0x00007ffc8d7c0000 - 0x00007ffc8d7c9000 	C:\WINDOWS\SYSTEM32\WSOCK32.dll
0x00007ffca6b80000 - 0x00007ffca6beb000 	C:\WINDOWS\System32\WS2_32.dll
0x00007ffca40a0000 - 0x00007ffca40b2000 	C:\WINDOWS\SYSTEM32\kernel.appcore.dll
0x00007ffca0480000 - 0x00007ffca048a000 	C:\Program Files\Java\jdk-16.0.2\bin\jimage.dll
0x00007ffca0b60000 - 0x00007ffca0d44000 	C:\WINDOWS\SYSTEM32\DBGHELP.DLL
0x00007ffca0910000 - 0x00007ffca093c000 	C:\WINDOWS\SYSTEM32\dbgcore.DLL
0x00007ffca6250000 - 0x00007ffca62d3000 	C:\WINDOWS\System32\bcryptPrimitives.dll
0x00007ffc9ffd0000 - 0x00007ffc9ffde000 	C:\Program Files\Java\jdk-16.0.2\bin\instrument.dll
0x00007ffca0450000 - 0x00007ffca0475000 	C:\Program Files\Java\jdk-16.0.2\bin\java.dll
0x00007ffca81a0000 - 0x00007ffca88df000 	C:\WINDOWS\System32\SHELL32.dll
0x00007ffca42a0000 - 0x00007ffca4a30000 	C:\WINDOWS\SYSTEM32\windows.storage.dll
0x00007ffca6c50000 - 0x00007ffca6fa5000 	C:\WINDOWS\System32\combase.dll
0x00007ffca5bd0000 - 0x00007ffca5bfc000 	C:\WINDOWS\SYSTEM32\Wldp.dll
0x00007ffca7910000 - 0x00007ffca79be000 	C:\WINDOWS\System32\SHCORE.dll
0x00007ffca76e0000 - 0x00007ffca7735000 	C:\WINDOWS\System32\shlwapi.dll
0x00007ffca60b0000 - 0x00007ffca60cf000 	C:\WINDOWS\SYSTEM32\profapi.dll
0x00007ffc9f7f0000 - 0x00007ffc9f808000 	C:\Program Files\Java\jdk-16.0.2\bin\zip.dll
0x00007ffc9ffa0000 - 0x00007ffc9ffb9000 	C:\Program Files\Java\jdk-16.0.2\bin\net.dll
0x00007ffc9d390000 - 0x00007ffc9d498000 	C:\WINDOWS\SYSTEM32\WINHTTP.dll
0x00007ffca5930000 - 0x00007ffca599a000 	C:\WINDOWS\system32\mswsock.dll
0x00007ffc9fef0000 - 0x00007ffc9ff03000 	C:\Program Files\Java\jdk-16.0.2\bin\nio.dll
0x00007ffc9e320000 - 0x00007ffc9e33a000 	C:\Program Files\JetBrains\IntelliJ IDEA Community Edition 2021.2\bin\breakgen64.dll
0x00007ffc9fee0000 - 0x00007ffc9fef0000 	C:\Program Files\Java\jdk-16.0.2\bin\verify.dll
0x00007ffc8c890000 - 0x00007ffc8c8f4000 	C:\Users\conno\AppData\Local\Temp\lwjglconno\3.2.3-build-13\lwjgl.dll
0x00007ffc8c820000 - 0x00007ffc8c882000 	C:\Users\conno\AppData\Local\Temp\lwjglconno\3.2.3-build-13\glfw.dll
0x00007ffca3b40000 - 0x00007ffca3bde000 	C:\WINDOWS\system32\uxtheme.dll
0x00007ffc51820000 - 0x00007ffc51865000 	C:\WINDOWS\SYSTEM32\dinput8.dll
0x00007ffc877e0000 - 0x00007ffc877f1000 	C:\WINDOWS\SYSTEM32\xinput1_4.dll
0x00007ffca67c0000 - 0x00007ffca680e000 	C:\WINDOWS\System32\cfgmgr32.dll
0x00007ffca5f10000 - 0x00007ffca5f44000 	C:\WINDOWS\SYSTEM32\DEVOBJ.dll
0x00007ffca3ec0000 - 0x00007ffca3eef000 	C:\WINDOWS\SYSTEM32\dwmapi.dll
0x00007ffc9c560000 - 0x00007ffc9c6b2000 	C:\WINDOWS\SYSTEM32\inputhost.dll
0x00007ffca6fc0000 - 0x00007ffca708d000 	C:\WINDOWS\System32\OLEAUT32.dll
0x00007ffca38c0000 - 0x00007ffca39b2000 	C:\WINDOWS\SYSTEM32\CoreMessaging.dll
0x00007ffca2d90000 - 0x00007ffca2ee4000 	C:\WINDOWS\SYSTEM32\wintypes.dll
0x00007ffca0d90000 - 0x00007ffca0e86000 	C:\WINDOWS\SYSTEM32\PROPSYS.dll
0x00007ffca3460000 - 0x00007ffca37be000 	C:\WINDOWS\SYSTEM32\CoreUIComponents.dll
0x00007ffca4e70000 - 0x00007ffca4ea3000 	C:\WINDOWS\SYSTEM32\ntmarta.dll
0x00007ffca7140000 - 0x00007ffca7255000 	C:\WINDOWS\System32\MSCTF.dll
0x00007ffca4a30000 - 0x00007ffca4a3d000 	C:\WINDOWS\SYSTEM32\HID.DLL
0x00007ffca7260000 - 0x00007ffca76d2000 	C:\WINDOWS\System32\SETUPAPI.DLL
0x00007ffca6a10000 - 0x00007ffca6a37000 	C:\WINDOWS\System32\bcrypt.dll
0x00007ffca6a40000 - 0x00007ffca6aa0000 	C:\WINDOWS\System32\WINTRUST.dll
0x00007ffca68b0000 - 0x00007ffca6a0f000 	C:\WINDOWS\System32\CRYPT32.dll
0x00007ffca5d50000 - 0x00007ffca5d62000 	C:\WINDOWS\SYSTEM32\MSASN1.dll
0x00007ffc9ebf0000 - 0x00007ffc9ed15000 	C:\WINDOWS\SYSTEM32\opengl32.dll
0x00007ffc9f7c0000 - 0x00007ffc9f7ec000 	C:\WINDOWS\SYSTEM32\GLU32.dll
0x00007ffca7090000 - 0x00007ffca7139000 	C:\WINDOWS\System32\clbcatq.dll
0x00007ffc1c2e0000 - 0x00007ffc1edf7000 	C:\WINDOWS\System32\DriverStore\FileRepository\nv_dispi.inf_amd64_b8346c359fcd6093\nvoglv64.dll
0x00007ffca7a80000 - 0x00007ffca7baa000 	C:\WINDOWS\System32\ole32.dll
0x00007ffca1c70000 - 0x00007ffca1c84000 	C:\WINDOWS\SYSTEM32\WTSAPI32.dll
0x00007ffca1900000 - 0x00007ffca1931000 	C:\WINDOWS\SYSTEM32\cryptnet.dll
0x00007ffc9f000000 - 0x00007ffc9f14a000 	C:\WINDOWS\SYSTEM32\drvstore.dll
0x00007ffca5b40000 - 0x00007ffca5b4c000 	C:\WINDOWS\SYSTEM32\cryptbase.dll
0x00007ffca2120000 - 0x00007ffca215b000 	C:\WINDOWS\SYSTEM32\dxcore.dll
0x00007ffc795d0000 - 0x00007ffc79893000 	C:\WINDOWS\system32\nvspcap64.dll
0x00007ffca5740000 - 0x00007ffca578b000 	C:\WINDOWS\SYSTEM32\powrprof.dll
0x00007ffca55b0000 - 0x00007ffca55c2000 	C:\WINDOWS\SYSTEM32\UMPDC.dll
0x00007ffca4ee0000 - 0x00007ffca4f3a000 	C:\WINDOWS\SYSTEM32\WINSTA.dll
0x00007ffc98080000 - 0x00007ffc98179000 	C:\WINDOWS\SYSTEM32\textinputframework.dll
0x00007ffc8d860000 - 0x00007ffc8d8b9000 	C:\Users\conno\AppData\Local\Temp\lwjglconno\3.2.3-build-13\lwjgl_opengl.dll
0x00007ffc8c6b0000 - 0x00007ffc8c7bb000 	C:\Users\conno\AppData\Local\Temp\lwjglconno\3.2.3-build-13\OpenAL.dll
0x00007ffca04f0000 - 0x00007ffca0575000 	C:\WINDOWS\System32\MMDevApi.dll
0x00007ffc872f0000 - 0x00007ffc87471000 	C:\WINDOWS\SYSTEM32\AUDIOSES.DLL
0x00007ffca3cc0000 - 0x00007ffca3cd4000 	C:\WINDOWS\SYSTEM32\resourcepolicyclient.dll
0x00007ffc7bca0000 - 0x00007ffc7bd17000 	C:\Users\conno\AppData\Local\Temp\lwjglconno\3.2.3-build-13\lwjgl_stb.dll

dbghelp: loaded successfully - version: 4.0.5 - missing functions: none
symbol engine: initialized successfully - sym options: 0x614 - pdb path: .;C:\Program Files\Java\jdk-16.0.2\bin;C:\WINDOWS\SYSTEM32;C:\WINDOWS\WinSxS\amd64_microsoft.windows.common-controls_6595b64144ccf1df_6.0.19041.1110_none_60b5254171f9507e;C:\Program Files\Java\jdk-16.0.2\bin\server;C:\Program Files\JetBrains\IntelliJ IDEA Community Edition 2021.2\bin;C:\Users\conno\AppData\Local\Temp\lwjglconno\3.2.3-build-13;C:\WINDOWS\System32\DriverStore\FileRepository\nv_dispi.inf_amd64_b8346c359fcd6093

VM Arguments:
jvm_args: -javaagent:C:\Program Files\JetBrains\IntelliJ IDEA Community Edition 2021.2\lib\idea_rt.jar=53613:C:\Program Files\JetBrains\IntelliJ IDEA Community Edition 2021.2\bin -Dfile.encoding=UTF-8 
java_command: com.salami.dragon.sandbox.Sandbox
java_class_path (initial): C:\Users\conno\OneDrive\Desktop\dragon-engine\target\classes;C:\Users\conno\.m2\repository\org\lwjgl\lwjgl\3.2.3\lwjgl-3.2.3.jar;C:\Users\conno\.m2\repository\org\lwjgl\lwjgl-assimp\3.2.3\lwjgl-assimp-3.2.3.jar;C:\Users\conno\.m2\repository\org\lwjgl\lwjgl-glfw\3.2.3\lwjgl-glfw-3.2.3.jar;C:\Users\conno\.m2\repository\org\lwjgl\lwjgl-openal\3.2.3\lwjgl-openal-3.2.3.jar;C:\Users\conno\.m2\repository\org\lwjgl\lwjgl-opengl\3.2.3\lwjgl-opengl-3.2.3.jar;C:\Users\conno\.m2\repository\org\lwjgl\lwjgl-stb\3.2.3\lwjgl-stb-3.2.3.jar;C:\Users\conno\.m2\repository\org\lwjgl\lwjgl\3.2.3\lwjgl-3.2.3-natives-windows.jar;C:\Users\conno\.m2\repository\org\lwjgl\lwjgl-assimp\3.2.3\lwjgl-assimp-3.2.3-natives-windows.jar;C:\Users\conno\.m2\repository\org\lwjgl\lwjgl-glfw\3.2.3\lwjgl-glfw-3.2.3-natives-windows.jar;C:\Users\conno\.m2\repository\org\lwjgl\lwjgl-openal\3.2.3\lwjgl-openal-3.2.3-natives-windows.jar;C:\Users\conno\.m2\repository\org\lwjgl\lwjgl-opengl\3.2.3\lwjgl-opengl-3.2.3-natives-windows.jar;C:\Users\conno\.m2\repository\org\lwjgl\lwjgl-stb\3.2.3\lwjgl-stb-3.2.3-natives-windows.jar;C:\Users\conno\.m2\repository\org\joml\joml\1.10.1\joml-1.10.1.jar;C:\Users\conno\.m2\repository\org\l33tlabs\twl\pngdecoder\1.0\pngdecoder-1.0.jar
Launcher Type: SUN_STANDARD

[Global flags]
     intx CICompilerCount                          = 12                                        {product} {ergonomic}
     uint ConcGCThreads                            = 3                                         {product} {ergonomic}
     uint G1ConcRefinementThreads                  = 13                                        {product} {ergonomic}
   size_t G1HeapRegionSize                         = 4194304                                   {product} {ergonomic}
    uintx GCDrainStackTargetSize                   = 64                                        {product} {ergonomic}
   size_t InitialHeapSize                          = 536870912                                 {product} {ergonomic}
   size_t MarkStackSize                            = 4194304                                   {product} {ergonomic}
   size_t MaxHeapSize                              = 8577351680                                {product} {ergonomic}
   size_t MaxNewSize                               = 5146411008                                {product} {ergonomic}
   size_t MinHeapDeltaBytes                        = 4194304                                   {product} {ergonomic}
   size_t MinHeapSize                              = 8388608                                   {product} {ergonomic}
    uintx NonNMethodCodeHeapSize                   = 7602480                                {pd product} {ergonomic}
    uintx NonProfiledCodeHeapSize                  = 122027880                              {pd product} {ergonomic}
    uintx ProfiledCodeHeapSize                     = 122027880                              {pd product} {ergonomic}
    uintx ReservedCodeCacheSize                    = 251658240                              {pd product} {ergonomic}
     bool SegmentedCodeCache                       = true                                      {product} {ergonomic}
   size_t SoftMaxHeapSize                          = 8577351680                             {manageable} {ergonomic}
     bool UseCompressedClassPointers               = true                           {product lp64_product} {ergonomic}
     bool UseCompressedOops                        = true                           {product lp64_product} {ergonomic}
     bool UseG1GC                                  = true                                      {product} {ergonomic}
     bool UseLargePagesIndividualAllocation        = false                                  {pd product} {ergonomic}

Logging:
Log output configuration:
 #0: stdout all=warning uptime,level,tags
 #1: stderr all=off uptime,level,tags

Environment Variables:
PATH=C:\Program Files\Common Files\Oracle\Java\javapath;C:\Program Files (x86)\Common Files\Oracle\Java\javapath;C:\Python39\Scripts\;C:\Python39\;C:\Windows\system32;C:\Windows;C:\Windows\System32\Wbem;C:\Windows\System32\WindowsPowerShell\v1.0\;C:\Program Files\NVIDIA Corporation\NVIDIA NvDLISR;C:\WINDOWS\system32;C:\WINDOWS;C:\WINDOWS\System32\Wbem;C:\WINDOWS\System32\WindowsPowerShell\v1.0\;C:\WINDOWS\System32\OpenSSH\;C:\Program Files (x86)\NVIDIA Corporation\PhysX\Common;C:\Program Files\Git\cmd;C:\Program Files\nodejs\;C:\ProgramData\chocolatey\bin;C:\Program Files\qemu;C:\Program Files\CMake\bin;C:\Users\conno\AppData\Local\Microsoft\WindowsApps;;C:\Users\conno\AppData\Local\Programs\Microsoft VS Code\bin;C:\Users\conno\AppData\Roaming\npm;C:\Program Files\JetBrains\IntelliJ IDEA Community Edition 2021.2\bin;
USERNAME=conno
OS=Windows_NT
PROCESSOR_IDENTIFIER=AMD64 Family 23 Model 113 Stepping 0, AuthenticAMD



---------------  S Y S T E M  ---------------

OS:
 Windows 10 , 64 bit Build 19041 (10.0.19041.1151)
OS uptime: 17 days 0:16 hours

CPU: total 16 (initial active 16) (16 cores per cpu, 2 threads per core) family 23 model 113 stepping 0 microcode 0x0, cx8, cmov, fxsr, ht, mmx, 3dnowpref, sse, sse2, sse3, ssse3, sse4a, sse4.1, sse4.2, popcnt, lzcnt, tsc, tscinvbit, avx, avx2, aes, clmul, bmi1, bmi2, adx, sha, fma, vzeroupper, clflush, clflushopt

Memory: 4k page, system-wide physical 32719M (21224M free)
TotalPageFile size 37583M (AvailPageFile size 21119M)
current process WorkingSet (physical memory assigned to process): 311M, peak: 341M
current process commit charge ("private bytes"): 753M, peak: 787M

vm_info: Java HotSpot(TM) 64-Bit Server VM (16.0.2+7-67) for windows-amd64 JRE (16.0.2+7-67), built on Jun  8 2021 23:24:19 by "mach5one" with MS VC++ 16.7 (VS2019)

END.
