#
# A fatal error has been detected by the Java Runtime Environment:
#
#  EXCEPTION_ACCESS_VIOLATION (0xc0000005) at pc=0x00007ffc3a213a25, pid=19700, tid=7724
#
# JRE version: Java(TM) SE Runtime Environment (16.0.2+7) (build 16.0.2+7-67)
# Java VM: Java HotSpot(TM) 64-Bit Server VM (16.0.2+7-67, mixed mode, sharing, tiered, compressed oops, compressed class ptrs, g1 gc, windows-amd64)
# Problematic frame:
# C  [OpenAL.dll+0x13a25]
#
# No core dump will be written. Minidumps are not enabled by default on client versions of Windows
#
# If you would like to submit a bug report, please visit:
#   https://bugreport.java.com/bugreport/crash.jsp
# The crash happened outside the Java Virtual Machine in native code.
# See problematic frame for where to report the bug.
#

---------------  S U M M A R Y ------------

Command Line: -javaagent:C:\Program Files\JetBrains\IntelliJ IDEA Community Edition 2021.2\lib\idea_rt.jar=60281:C:\Program Files\JetBrains\IntelliJ IDEA Community Edition 2021.2\bin -Dfile.encoding=UTF-8 com.salami.dragon.sandbox.Sandbox

Host: AMD Ryzen 7 3700X 8-Core Processor             , 16 cores, 31G,  Windows 10 , 64 bit Build 19041 (10.0.19041.1151)
Time: Sun Sep  5 15:12:13 2021 Cen. Australia Standard Time elapsed time: 4.288688 seconds (0d 0h 0m 4s)

---------------  T H R E A D  ---------------

Current thread (0x000001ee90221c30):  JavaThread "main" [_thread_in_native, id=7724, stack(0x000000e5cac00000,0x000000e5cad00000)]

Stack: [0x000000e5cac00000,0x000000e5cad00000],  sp=0x000000e5cacff1d0,  free space=1020k
Native frames: (J=compiled Java code, j=interpreted, Vv=VM code, C=native code)
C  [OpenAL.dll+0x13a25]

Java frames: (J=compiled Java code, j=interpreted, Vv=VM code)
j  org.lwjgl.system.JNI.invokePZ(JJ)Z+0
j  org.lwjgl.openal.ALC10.alcCloseDevice(J)Z+20
j  com.salami.dragon.engine.audio.Audio.cleanup()V+124
J 1538 c1 com.salami.dragon.engine.event.Event.fireEngineEvent()V (160 bytes) @ 0x000001ee99bdbe84 [0x000001ee99bdb640+0x0000000000000844]
J 1537 c1 com.salami.dragon.engine.event.EventGovernor.fireEvent(Lcom/salami/dragon/engine/event/EventType;)V (23 bytes) @ 0x000001ee99bd9d9c [0x000001ee99bd9b60+0x000000000000023c]
j  com.salami.dragon.engine.Application.stop()V+6
j  com.salami.dragon.engine.Application.tick()V+112
j  com.salami.dragon.engine.Application.start()V+15
j  com.salami.dragon.engine.Application.<init>(Lcom/salami/dragon/engine/IApplication;)V+83
j  com.salami.dragon.engine.Application.registerApp(Lcom/salami/dragon/engine/IApplication;)V+13
j  com.salami.dragon.sandbox.Sandbox.main([Ljava/lang/String;)V+17
v  ~StubRoutines::call_stub

siginfo: EXCEPTION_ACCESS_VIOLATION (0xc0000005), reading address 0x0000000000008b40


Register to memory mapping:

RIP=0x00007ffc3a213a25 OpenAL.dll
RAX=0x0 is NULL
RBX=0x000001eec893e590 points into unknown readable memory: 0x0000000100000000 | 00 00 00 00 01 00 00 00
RCX=0x0 is NULL
RDX=0x000000e5cacff298 is pointing into the stack for thread: 0x000001ee90221c30
RSP=0x000000e5cacff1d0 is pointing into the stack for thread: 0x000001ee90221c30
RBP=0x000000e5cacff288 is pointing into the stack for thread: 0x000001ee90221c30
RSI=0x0000000000000148 is an unknown value
RDI=0x0000000000000800 is an unknown value
R8 =0x000001eec893e590 points into unknown readable memory: 0x0000000100000000 | 00 00 00 00 01 00 00 00
R9 =0x00007ffc3a213a00 OpenAL.dll
R10=0x000001ee991bdcf3 is at code_begin+979 in an Interpreter codelet
method entry point (kind = native)  [0x000001ee991bd920, 0x000001ee991be300]  2528 bytes
R11=0x000000060103fa08 is an oop: java.lang.Class 
{0x000000060103fa08} - klass: 'java/lang/Class'
R12=0x0 is NULL
R13={method} {0x000001eebf8be9f0} 'invokePZ' '(JJ)Z' in 'org/lwjgl/system/JNI'
R14=0x000000e5cacff2c0 is pointing into the stack for thread: 0x000001ee90221c30
R15=0x000001ee90221c30 is a thread


Registers:
RAX=0x0000000000000000, RBX=0x000001eec893e590, RCX=0x0000000000000000, RDX=0x000000e5cacff298
RSP=0x000000e5cacff1d0, RBP=0x000000e5cacff288, RSI=0x0000000000000148, RDI=0x0000000000000800
R8 =0x000001eec893e590, R9 =0x00007ffc3a213a00, R10=0x000001ee991bdcf3, R11=0x000000060103fa08
R12=0x0000000000000000, R13=0x000001eebf8be9e8, R14=0x000000e5cacff2c0, R15=0x000001ee90221c30
RIP=0x00007ffc3a213a25, EFLAGS=0x0000000000010283

Top of Stack: (sp=0x000000e5cacff1d0)
0x000000e5cacff1d0:   00000006155fffe8 00000008003d2480
0x000000e5cacff1e0:   00000000000007ff 00007ffc3a213171
0x000000e5cacff1f0:   000001eebf8be9e8 000001ee991bdd22
0x000000e5cacff200:   000001eebf8bb3e0 0000000000000148
0x000000e5cacff210:   000001ee991cb146 000001ee991b8e10
0x000000e5cacff220:   0000000000000000 000001eea0e0f214
0x000000e5cacff230:   0000000000000000 000000e5cacff4d0
0x000000e5cacff240:   000000e5cacff240 0000000000000000
0x000000e5cacff250:   000000e5cacff2c0 000001eebf8e4bc0
0x000000e5cacff260:   0000000000000000 000000060103fa08
0x000000e5cacff270:   000001eebf8be9e8 0000000000000000
0x000000e5cacff280:   000000e5cacff2a8 000000e5cacff310
0x000000e5cacff290:   000001ee991b9626 000000060103fa08
0x000000e5cacff2a0:   000001ee991bb2c0 00007ffc3a213a00
0x000000e5cacff2b0:   0000000000000000 000001eec893e590
0x000000e5cacff2c0:   0000000000000000 000000e5cacff2c8 

Instructions: (pc=0x00007ffc3a213a25)
0x00007ffc3a213925:   eb b7 03 00 85 c0 75 10 c7 43 28 f4 ff 00 00 c7
0x00007ffc3a213935:   43 2c f6 ff 00 00 eb 4d 48 8b 4c 24 68 48 8d 15
0x00007ffc3a213945:   47 95 06 00 e8 c6 b7 03 00 85 c0 75 10 c7 43 28
0x00007ffc3a213955:   f4 ff 00 00 c7 43 2c f7 ff 00 00 eb 28 83 3d 97
0x00007ffc3a213965:   86 0e 00 01 7c 1f 4c 8b 4c 24 68 4c 8d 05 21 95
0x00007ffc3a213975:   06 00 48 8d 15 ba 5d 06 00 48 8d 0d 67 ce 05 00
0x00007ffc3a213985:   e8 06 04 02 00 48 8b 05 a7 92 0e 00 48 89 83 40
0x00007ffc3a213995:   8b 00 00 48 8b c8 f0 48 0f b1 1d 94 92 0e 00 48
0x00007ffc3a2139a5:   3b c8 75 e8 83 3d 50 86 0e 00 03 7c 2f 48 8b 43
0x00007ffc3a2139b5:   38 48 85 c0 74 04 48 8d 78 10 4c 8b cb 48 89 7c
0x00007ffc3a2139c5:   24 20 4c 8d 05 ea 94 06 00 48 8d 15 63 5d 06 00
0x00007ffc3a2139d5:   48 8d 0d d8 ce 05 00 e8 af 03 02 00 48 8b c3 48
0x00007ffc3a2139e5:   8b 6c 24 70 48 8b 5c 24 60 4c 8b 7c 24 30 48 83
0x00007ffc3a2139f5:   c4 50 5f c3 cc cc cc cc cc cc cc 40 53 48 83 ec
0x00007ffc3a213a05:   20 48 8b d9 48 8d 0d b0 92 0e 00 ff 15 6a c6 05
0x00007ffc3a213a15:   00 48 8b 0d 1b 92 0e 00 0f 1f 00 48 3b cb 74 2b
0x00007ffc3a213a25:   48 8b 89 40 8b 00 00 48 85 c9 75 ef ba 01 a0 00
0x00007ffc3a213a35:   00 e8 35 60 00 00 48 8d 0d 7e 92 0e 00 ff 15 40
0x00007ffc3a213a45:   c6 05 00 32 c0 48 83 c4 20 5b c3 48 85 c9 74 dc
0x00007ffc3a213a55:   83 79 08 01 74 d6 48 89 6c 24 30 48 8d ab 10 8b
0x00007ffc3a213a65:   00 00 48 89 7c 24 40 48 85 ed 74 09 48 8b cd ff
0x00007ffc3a213a75:   15 06 c6 05 00 4c 8b 83 40 8b 00 00 48 8b c3 f0
0x00007ffc3a213a85:   4c 0f b1 05 ab 91 0e 00 48 8b d0 48 3b d8 74 1f
0x00007ffc3a213a95:   66 66 66 0f 1f 84 00 00 00 00 00 48 8b c3 f0 4c
0x00007ffc3a213aa5:   0f b1 82 40 8b 00 00 48 8b d0 48 3b d8 75 ec 48
0x00007ffc3a213ab5:   8d 0d 05 92 0e 00 ff 15 c7 c5 05 00 48 8b bb 08
0x00007ffc3a213ac5:   8b 00 00 48 85 ff 74 58 48 89 74 24 38 0f 1f 40
0x00007ffc3a213ad5:   00 66 66 0f 1f 84 00 00 00 00 00 48 8b b7 88 01
0x00007ffc3a213ae5:   00 00 83 3d 12 85 0e 00 02 7c 1d 4c 8b cf 4c 8d
0x00007ffc3a213af5:   05 de 93 06 00 48 8d 15 47 5c 06 00 48 8d 0d 08
0x00007ffc3a213b05:   ce 05 00 e8 83 02 02 00 48 8b d3 48 8b cf e8 18
0x00007ffc3a213b15:   3e 00 00 48 8b fe 48 85 f6 75 c0 48 8b 74 24 38 


Stack slot to memory mapping:
stack at sp + 0 slots: 0x00000006155fffe8 is an oop: java.util.HashMap$ValueIterator 
{0x00000006155fffe8} - klass: 'java/util/HashMap$ValueIterator'
stack at sp + 1 slots: {method} {0x00000008003d2488} '<init>' '(Ljava/util/HashMap;)V' in 'java/util/HashMap$HashIterator'
stack at sp + 2 slots: 0x00000000000007ff is an unknown value
stack at sp + 3 slots: 0x00007ffc3a213171 OpenAL.dll
stack at sp + 4 slots: {method} {0x000001eebf8be9f0} 'invokePZ' '(JJ)Z' in 'org/lwjgl/system/JNI'
stack at sp + 5 slots: 0x000001ee991bdd22 is at code_begin+1026 in an Interpreter codelet
method entry point (kind = native)  [0x000001ee991bd920, 0x000001ee991be300]  2528 bytes
stack at sp + 6 slots: {method} {0x000001eebf8bb3e8} 'invokePV' '(JJ)V' in 'org/lwjgl/system/JNI'
stack at sp + 7 slots: 0x0000000000000148 is an unknown value


---------------  P R O C E S S  ---------------

Threads class SMR info:
_java_thread_list=0x000001eec75d2520, length=15, elements={
0x000001ee90221c30, 0x000001eebf1bae20, 0x000001eebf1bb8f0, 0x000001eebfc09ba0,
0x000001eebfc0d3d0, 0x000001eebfc0f9f0, 0x000001eebfc10410, 0x000001eebfc1a090,
0x000001eebfc24d70, 0x000001eebfc376c0, 0x000001eebfd211c0, 0x000001eebfd20720,
0x000001eebfd231a0, 0x000001eec07a6800, 0x000001eec7280c70
}

Java Threads: ( => current thread )
=>0x000001ee90221c30 JavaThread "main" [_thread_in_native, id=7724, stack(0x000000e5cac00000,0x000000e5cad00000)]
  0x000001eebf1bae20 JavaThread "Reference Handler" daemon [_thread_blocked, id=8376, stack(0x000000e5cb300000,0x000000e5cb400000)]
  0x000001eebf1bb8f0 JavaThread "Finalizer" daemon [_thread_blocked, id=24444, stack(0x000000e5cb400000,0x000000e5cb500000)]
  0x000001eebfc09ba0 JavaThread "Signal Dispatcher" daemon [_thread_blocked, id=5492, stack(0x000000e5cb500000,0x000000e5cb600000)]
  0x000001eebfc0d3d0 JavaThread "Attach Listener" daemon [_thread_blocked, id=21716, stack(0x000000e5cb600000,0x000000e5cb700000)]
  0x000001eebfc0f9f0 JavaThread "Service Thread" daemon [_thread_blocked, id=23420, stack(0x000000e5cb700000,0x000000e5cb800000)]
  0x000001eebfc10410 JavaThread "Monitor Deflation Thread" daemon [_thread_blocked, id=14036, stack(0x000000e5cb800000,0x000000e5cb900000)]
  0x000001eebfc1a090 JavaThread "C2 CompilerThread0" daemon [_thread_blocked, id=24268, stack(0x000000e5cb900000,0x000000e5cba00000)]
  0x000001eebfc24d70 JavaThread "C1 CompilerThread0" daemon [_thread_blocked, id=6284, stack(0x000000e5cba00000,0x000000e5cbb00000)]
  0x000001eebfc376c0 JavaThread "Sweeper thread" daemon [_thread_blocked, id=18900, stack(0x000000e5cbb00000,0x000000e5cbc00000)]
  0x000001eebfd211c0 JavaThread "Common-Cleaner" daemon [_thread_blocked, id=9136, stack(0x000000e5cbc00000,0x000000e5cbd00000)]
  0x000001eebfd20720 JavaThread "Monitor Ctrl-Break" daemon [_thread_in_native, id=25488, stack(0x000000e5cbe00000,0x000000e5cbf00000)]
  0x000001eebfd231a0 JavaThread "Notification Thread" daemon [_thread_blocked, id=21112, stack(0x000000e5cbf00000,0x000000e5cc000000)]
  0x000001eec07a6800 JavaThread "C1 CompilerThread1" daemon [_thread_blocked, id=22776, stack(0x000000e5cbd00000,0x000000e5cbe00000)]
  0x000001eec7280c70 JavaThread "C1 CompilerThread2" daemon [_thread_blocked, id=23156, stack(0x000000e5cc800000,0x000000e5cc900000)]

Other Threads:
  0x000001eebf1b59b0 VMThread "VM Thread" [stack: 0x000000e5cb200000,0x000000e5cb300000] [id=2724]
  0x000001eebfeed9b0 WatcherThread [stack: 0x000000e5cc000000,0x000000e5cc100000] [id=10160]
  0x000001ee9002e850 GCTaskThread "GC Thread#0" [stack: 0x000000e5cad00000,0x000000e5cae00000] [id=2364]
  0x000001eebfff9ff0 GCTaskThread "GC Thread#1" [stack: 0x000000e5cca00000,0x000000e5ccb00000] [id=18032]
  0x000001eebfffa300 GCTaskThread "GC Thread#2" [stack: 0x000000e5ccb00000,0x000000e5ccc00000] [id=11480]
  0x000001eebfffb250 GCTaskThread "GC Thread#3" [stack: 0x000000e5ccc00000,0x000000e5ccd00000] [id=21596]
  0x000001eebfffb560 GCTaskThread "GC Thread#4" [stack: 0x000000e5ccd00000,0x000000e5cce00000] [id=19668]
  0x000001eebfffac30 GCTaskThread "GC Thread#5" [stack: 0x000000e5cce00000,0x000000e5ccf00000] [id=23668]
  0x000001eebfffaf40 GCTaskThread "GC Thread#6" [stack: 0x000000e5ccf00000,0x000000e5cd000000] [id=21732]
  0x000001eebfffb870 GCTaskThread "GC Thread#7" [stack: 0x000000e5cd000000,0x000000e5cd100000] [id=21612]
  0x000001eebfffa610 GCTaskThread "GC Thread#8" [stack: 0x000000e5cd100000,0x000000e5cd200000] [id=8096]
  0x000001eebfffbb80 GCTaskThread "GC Thread#9" [stack: 0x000000e5cd200000,0x000000e5cd300000] [id=22484]
  0x000001eebfffa920 GCTaskThread "GC Thread#10" [stack: 0x000000e5cd300000,0x000000e5cd400000] [id=14824]
  0x000001eec759e2f0 GCTaskThread "GC Thread#11" [stack: 0x000000e5cd400000,0x000000e5cd500000] [id=16080]
  0x000001ee902a4580 ConcurrentGCThread "G1 Main Marker" [stack: 0x000000e5cae00000,0x000000e5caf00000] [id=19428]
  0x000001ee902a4f00 ConcurrentGCThread "G1 Conc#0" [stack: 0x000000e5caf00000,0x000000e5cb000000] [id=13584]
  0x000001eebf067ab0 ConcurrentGCThread "G1 Refine#0" [stack: 0x000000e5cb000000,0x000000e5cb100000] [id=13640]
  0x000001eebf06a150 ConcurrentGCThread "G1 Service" [stack: 0x000000e5cb100000,0x000000e5cb200000] [id=14440]

Threads with active compile tasks:

VM state: not at safepoint (normal execution)

VM Mutex/Monitor currently owned by a thread: None

Heap address: 0x0000000600c00000, size: 8180 MB, Compressed Oops mode: Zero based, Oop shift amount: 3

CDS archive(s) mapped at: [0x0000000800000000-0x0000000800bb0000-0x0000000800bb0000), size 12255232, SharedBaseAddress: 0x0000000800000000, ArchiveRelocationMode: 0.
Compressed class space mapped at: 0x0000000800c00000-0x0000000840c00000, reserved size: 1073741824
Narrow klass base: 0x0000000800000000, Narrow klass shift: 3, Narrow klass range: 0x100000000

GC Precious Log:
 CPUs: 16 total, 16 available
 Memory: 32719M
 Large Page Support: Disabled
 NUMA Support: Disabled
 Compressed Oops: Enabled (Zero based)
 Heap Region Size: 4M
 Heap Min Capacity: 8M
 Heap Initial Capacity: 512M
 Heap Max Capacity: 8180M
 Pre-touch: Disabled
 Parallel Workers: 13
 Concurrent Workers: 3
 Concurrent Refinement Workers: 13
 Periodic GC: Disabled

Heap:
 garbage-first heap   total 524288K, used 191653K [0x0000000600c00000, 0x0000000800000000)
  region size 4096K, 46 young (188416K), 2 survivors (8192K)
 Metaspace       used 9269K, committed 9472K, reserved 1064960K
  class space    used 465K, committed 576K, reserved 1048576K

Heap Regions: E=young(eden), S=young(survivor), O=old, HS=humongous(starts), HC=humongous(continues), CS=collection set, F=free, OA=open archive, CA=closed archive, TAMS=top-at-mark-start (previous, next)
|   0|0x0000000600c00000, 0x0000000601000000, 0x0000000601000000|100%| O|  |TAMS 0x0000000600c00000, 0x0000000600c00000| Untracked 
|   1|0x0000000601000000, 0x0000000601400000, 0x0000000601400000|100%| O|  |TAMS 0x0000000601000000, 0x0000000601000000| Untracked 
|   2|0x0000000601400000, 0x00000006015f2200, 0x0000000601800000| 48%| O|  |TAMS 0x0000000601400000, 0x0000000601400000| Untracked 
|   3|0x0000000601800000, 0x0000000601800000, 0x0000000601c00000|  0%| F|  |TAMS 0x0000000601800000, 0x0000000601800000| Untracked 
|   4|0x0000000601c00000, 0x0000000601c00000, 0x0000000602000000|  0%| F|  |TAMS 0x0000000601c00000, 0x0000000601c00000| Untracked 
|   5|0x0000000602000000, 0x0000000602000000, 0x0000000602400000|  0%| F|  |TAMS 0x0000000602000000, 0x0000000602000000| Untracked 
|   6|0x0000000602400000, 0x0000000602400000, 0x0000000602800000|  0%| F|  |TAMS 0x0000000602400000, 0x0000000602400000| Untracked 
|   7|0x0000000602800000, 0x0000000602800000, 0x0000000602c00000|  0%| F|  |TAMS 0x0000000602800000, 0x0000000602800000| Untracked 
|   8|0x0000000602c00000, 0x0000000602c00000, 0x0000000603000000|  0%| F|  |TAMS 0x0000000602c00000, 0x0000000602c00000| Untracked 
|   9|0x0000000603000000, 0x0000000603000000, 0x0000000603400000|  0%| F|  |TAMS 0x0000000603000000, 0x0000000603000000| Untracked 
|  10|0x0000000603400000, 0x0000000603400000, 0x0000000603800000|  0%| F|  |TAMS 0x0000000603400000, 0x0000000603400000| Untracked 
|  11|0x0000000603800000, 0x0000000603800000, 0x0000000603c00000|  0%| F|  |TAMS 0x0000000603800000, 0x0000000603800000| Untracked 
|  12|0x0000000603c00000, 0x0000000603c00000, 0x0000000604000000|  0%| F|  |TAMS 0x0000000603c00000, 0x0000000603c00000| Untracked 
|  13|0x0000000604000000, 0x0000000604000000, 0x0000000604400000|  0%| F|  |TAMS 0x0000000604000000, 0x0000000604000000| Untracked 
|  14|0x0000000604400000, 0x0000000604400000, 0x0000000604800000|  0%| F|  |TAMS 0x0000000604400000, 0x0000000604400000| Untracked 
|  15|0x0000000604800000, 0x0000000604800000, 0x0000000604c00000|  0%| F|  |TAMS 0x0000000604800000, 0x0000000604800000| Untracked 
|  16|0x0000000604c00000, 0x0000000604c00000, 0x0000000605000000|  0%| F|  |TAMS 0x0000000604c00000, 0x0000000604c00000| Untracked 
|  17|0x0000000605000000, 0x0000000605000000, 0x0000000605400000|  0%| F|  |TAMS 0x0000000605000000, 0x0000000605000000| Untracked 
|  18|0x0000000605400000, 0x0000000605400000, 0x0000000605800000|  0%| F|  |TAMS 0x0000000605400000, 0x0000000605400000| Untracked 
|  19|0x0000000605800000, 0x0000000605800000, 0x0000000605c00000|  0%| F|  |TAMS 0x0000000605800000, 0x0000000605800000| Untracked 
|  20|0x0000000605c00000, 0x0000000605c00000, 0x0000000606000000|  0%| F|  |TAMS 0x0000000605c00000, 0x0000000605c00000| Untracked 
|  21|0x0000000606000000, 0x0000000606000000, 0x0000000606400000|  0%| F|  |TAMS 0x0000000606000000, 0x0000000606000000| Untracked 
|  22|0x0000000606400000, 0x0000000606400000, 0x0000000606800000|  0%| F|  |TAMS 0x0000000606400000, 0x0000000606400000| Untracked 
|  23|0x0000000606800000, 0x0000000606800000, 0x0000000606c00000|  0%| F|  |TAMS 0x0000000606800000, 0x0000000606800000| Untracked 
|  24|0x0000000606c00000, 0x0000000606c00000, 0x0000000607000000|  0%| F|  |TAMS 0x0000000606c00000, 0x0000000606c00000| Untracked 
|  25|0x0000000607000000, 0x0000000607000000, 0x0000000607400000|  0%| F|  |TAMS 0x0000000607000000, 0x0000000607000000| Untracked 
|  26|0x0000000607400000, 0x0000000607400000, 0x0000000607800000|  0%| F|  |TAMS 0x0000000607400000, 0x0000000607400000| Untracked 
|  27|0x0000000607800000, 0x0000000607800000, 0x0000000607c00000|  0%| F|  |TAMS 0x0000000607800000, 0x0000000607800000| Untracked 
|  28|0x0000000607c00000, 0x0000000607c00000, 0x0000000608000000|  0%| F|  |TAMS 0x0000000607c00000, 0x0000000607c00000| Untracked 
|  29|0x0000000608000000, 0x0000000608000000, 0x0000000608400000|  0%| F|  |TAMS 0x0000000608000000, 0x0000000608000000| Untracked 
|  30|0x0000000608400000, 0x0000000608400000, 0x0000000608800000|  0%| F|  |TAMS 0x0000000608400000, 0x0000000608400000| Untracked 
|  31|0x0000000608800000, 0x0000000608800000, 0x0000000608c00000|  0%| F|  |TAMS 0x0000000608800000, 0x0000000608800000| Untracked 
|  32|0x0000000608c00000, 0x0000000608c00000, 0x0000000609000000|  0%| F|  |TAMS 0x0000000608c00000, 0x0000000608c00000| Untracked 
|  33|0x0000000609000000, 0x0000000609000000, 0x0000000609400000|  0%| F|  |TAMS 0x0000000609000000, 0x0000000609000000| Untracked 
|  34|0x0000000609400000, 0x0000000609400000, 0x0000000609800000|  0%| F|  |TAMS 0x0000000609400000, 0x0000000609400000| Untracked 
|  35|0x0000000609800000, 0x0000000609800000, 0x0000000609c00000|  0%| F|  |TAMS 0x0000000609800000, 0x0000000609800000| Untracked 
|  36|0x0000000609c00000, 0x0000000609c00000, 0x000000060a000000|  0%| F|  |TAMS 0x0000000609c00000, 0x0000000609c00000| Untracked 
|  37|0x000000060a000000, 0x000000060a000000, 0x000000060a400000|  0%| F|  |TAMS 0x000000060a000000, 0x000000060a000000| Untracked 
|  38|0x000000060a400000, 0x000000060a400000, 0x000000060a800000|  0%| F|  |TAMS 0x000000060a400000, 0x000000060a400000| Untracked 
|  39|0x000000060a800000, 0x000000060a800000, 0x000000060ac00000|  0%| F|  |TAMS 0x000000060a800000, 0x000000060a800000| Untracked 
|  40|0x000000060ac00000, 0x000000060ac00000, 0x000000060b000000|  0%| F|  |TAMS 0x000000060ac00000, 0x000000060ac00000| Untracked 
|  41|0x000000060b000000, 0x000000060b000000, 0x000000060b400000|  0%| F|  |TAMS 0x000000060b000000, 0x000000060b000000| Untracked 
|  42|0x000000060b400000, 0x000000060b400000, 0x000000060b800000|  0%| F|  |TAMS 0x000000060b400000, 0x000000060b400000| Untracked 
|  43|0x000000060b800000, 0x000000060b800000, 0x000000060bc00000|  0%| F|  |TAMS 0x000000060b800000, 0x000000060b800000| Untracked 
|  44|0x000000060bc00000, 0x000000060bc00000, 0x000000060c000000|  0%| F|  |TAMS 0x000000060bc00000, 0x000000060bc00000| Untracked 
|  45|0x000000060c000000, 0x000000060c000000, 0x000000060c400000|  0%| F|  |TAMS 0x000000060c000000, 0x000000060c000000| Untracked 
|  46|0x000000060c400000, 0x000000060c400000, 0x000000060c800000|  0%| F|  |TAMS 0x000000060c400000, 0x000000060c400000| Untracked 
|  47|0x000000060c800000, 0x000000060c800000, 0x000000060cc00000|  0%| F|  |TAMS 0x000000060c800000, 0x000000060c800000| Untracked 
|  48|0x000000060cc00000, 0x000000060cc00000, 0x000000060d000000|  0%| F|  |TAMS 0x000000060cc00000, 0x000000060cc00000| Untracked 
|  49|0x000000060d000000, 0x000000060d000000, 0x000000060d400000|  0%| F|  |TAMS 0x000000060d000000, 0x000000060d000000| Untracked 
|  50|0x000000060d400000, 0x000000060d400000, 0x000000060d800000|  0%| F|  |TAMS 0x000000060d400000, 0x000000060d400000| Untracked 
|  51|0x000000060d800000, 0x000000060d800000, 0x000000060dc00000|  0%| F|  |TAMS 0x000000060d800000, 0x000000060d800000| Untracked 
|  52|0x000000060dc00000, 0x000000060dc00000, 0x000000060e000000|  0%| F|  |TAMS 0x000000060dc00000, 0x000000060dc00000| Untracked 
|  53|0x000000060e000000, 0x000000060e000000, 0x000000060e400000|  0%| F|  |TAMS 0x000000060e000000, 0x000000060e000000| Untracked 
|  54|0x000000060e400000, 0x000000060e400000, 0x000000060e800000|  0%| F|  |TAMS 0x000000060e400000, 0x000000060e400000| Untracked 
|  55|0x000000060e800000, 0x000000060e800000, 0x000000060ec00000|  0%| F|  |TAMS 0x000000060e800000, 0x000000060e800000| Untracked 
|  56|0x000000060ec00000, 0x000000060ec00000, 0x000000060f000000|  0%| F|  |TAMS 0x000000060ec00000, 0x000000060ec00000| Untracked 
|  57|0x000000060f000000, 0x000000060f000000, 0x000000060f400000|  0%| F|  |TAMS 0x000000060f000000, 0x000000060f000000| Untracked 
|  58|0x000000060f400000, 0x000000060f400000, 0x000000060f800000|  0%| F|  |TAMS 0x000000060f400000, 0x000000060f400000| Untracked 
|  59|0x000000060f800000, 0x000000060f800000, 0x000000060fc00000|  0%| F|  |TAMS 0x000000060f800000, 0x000000060f800000| Untracked 
|  60|0x000000060fc00000, 0x000000060fc00000, 0x0000000610000000|  0%| F|  |TAMS 0x000000060fc00000, 0x000000060fc00000| Untracked 
|  61|0x0000000610000000, 0x0000000610000000, 0x0000000610400000|  0%| F|  |TAMS 0x0000000610000000, 0x0000000610000000| Untracked 
|  62|0x0000000610400000, 0x0000000610400000, 0x0000000610800000|  0%| F|  |TAMS 0x0000000610400000, 0x0000000610400000| Untracked 
|  63|0x0000000610800000, 0x0000000610800000, 0x0000000610c00000|  0%| F|  |TAMS 0x0000000610800000, 0x0000000610800000| Untracked 
|  64|0x0000000610c00000, 0x0000000610c00000, 0x0000000611000000|  0%| F|  |TAMS 0x0000000610c00000, 0x0000000610c00000| Untracked 
|  65|0x0000000611000000, 0x0000000611000000, 0x0000000611400000|  0%| F|  |TAMS 0x0000000611000000, 0x0000000611000000| Untracked 
|  66|0x0000000611400000, 0x0000000611400000, 0x0000000611800000|  0%| F|  |TAMS 0x0000000611400000, 0x0000000611400000| Untracked 
|  67|0x0000000611800000, 0x0000000611800000, 0x0000000611c00000|  0%| F|  |TAMS 0x0000000611800000, 0x0000000611800000| Untracked 
|  68|0x0000000611c00000, 0x0000000611c00000, 0x0000000612000000|  0%| F|  |TAMS 0x0000000611c00000, 0x0000000611c00000| Untracked 
|  69|0x0000000612000000, 0x0000000612000000, 0x0000000612400000|  0%| F|  |TAMS 0x0000000612000000, 0x0000000612000000| Untracked 
|  70|0x0000000612400000, 0x0000000612400000, 0x0000000612800000|  0%| F|  |TAMS 0x0000000612400000, 0x0000000612400000| Untracked 
|  71|0x0000000612800000, 0x0000000612800000, 0x0000000612c00000|  0%| F|  |TAMS 0x0000000612800000, 0x0000000612800000| Untracked 
|  72|0x0000000612c00000, 0x0000000612c00000, 0x0000000613000000|  0%| F|  |TAMS 0x0000000612c00000, 0x0000000612c00000| Untracked 
|  73|0x0000000613000000, 0x0000000613000000, 0x0000000613400000|  0%| F|  |TAMS 0x0000000613000000, 0x0000000613000000| Untracked 
|  74|0x0000000613400000, 0x0000000613400000, 0x0000000613800000|  0%| F|  |TAMS 0x0000000613400000, 0x0000000613400000| Untracked 
|  75|0x0000000613800000, 0x0000000613800000, 0x0000000613c00000|  0%| F|  |TAMS 0x0000000613800000, 0x0000000613800000| Untracked 
|  76|0x0000000613c00000, 0x0000000613c00000, 0x0000000614000000|  0%| F|  |TAMS 0x0000000613c00000, 0x0000000613c00000| Untracked 
|  77|0x0000000614000000, 0x0000000614000000, 0x0000000614400000|  0%| F|  |TAMS 0x0000000614000000, 0x0000000614000000| Untracked 
|  78|0x0000000614400000, 0x0000000614400000, 0x0000000614800000|  0%| F|  |TAMS 0x0000000614400000, 0x0000000614400000| Untracked 
|  79|0x0000000614800000, 0x0000000614800000, 0x0000000614c00000|  0%| F|  |TAMS 0x0000000614800000, 0x0000000614800000| Untracked 
|  80|0x0000000614c00000, 0x0000000614c00000, 0x0000000615000000|  0%| F|  |TAMS 0x0000000614c00000, 0x0000000614c00000| Untracked 
|  81|0x0000000615000000, 0x0000000615000000, 0x0000000615400000|  0%| F|  |TAMS 0x0000000615000000, 0x0000000615000000| Untracked 
|  82|0x0000000615400000, 0x0000000615800000, 0x0000000615800000|100%| E|  |TAMS 0x0000000615400000, 0x0000000615400000| Complete 
|  83|0x0000000615800000, 0x0000000615c00000, 0x0000000615c00000|100%| E|CS|TAMS 0x0000000615800000, 0x0000000615800000| Complete 
|  84|0x0000000615c00000, 0x0000000616000000, 0x0000000616000000|100%| E|CS|TAMS 0x0000000615c00000, 0x0000000615c00000| Complete 
|  85|0x0000000616000000, 0x0000000616400000, 0x0000000616400000|100%| E|CS|TAMS 0x0000000616000000, 0x0000000616000000| Complete 
|  86|0x0000000616400000, 0x0000000616800000, 0x0000000616800000|100%| E|CS|TAMS 0x0000000616400000, 0x0000000616400000| Complete 
|  87|0x0000000616800000, 0x0000000616c00000, 0x0000000616c00000|100%| E|CS|TAMS 0x0000000616800000, 0x0000000616800000| Complete 
|  88|0x0000000616c00000, 0x0000000617000000, 0x0000000617000000|100%| E|CS|TAMS 0x0000000616c00000, 0x0000000616c00000| Complete 
|  89|0x0000000617000000, 0x0000000617400000, 0x0000000617400000|100%| E|CS|TAMS 0x0000000617000000, 0x0000000617000000| Complete 
|  90|0x0000000617400000, 0x0000000617800000, 0x0000000617800000|100%| E|CS|TAMS 0x0000000617400000, 0x0000000617400000| Complete 
|  91|0x0000000617800000, 0x0000000617c00000, 0x0000000617c00000|100%| E|CS|TAMS 0x0000000617800000, 0x0000000617800000| Complete 
|  92|0x0000000617c00000, 0x0000000618000000, 0x0000000618000000|100%| E|CS|TAMS 0x0000000617c00000, 0x0000000617c00000| Complete 
|  93|0x0000000618000000, 0x0000000618400000, 0x0000000618400000|100%| E|CS|TAMS 0x0000000618000000, 0x0000000618000000| Complete 
|  94|0x0000000618400000, 0x0000000618800000, 0x0000000618800000|100%| E|CS|TAMS 0x0000000618400000, 0x0000000618400000| Complete 
|  95|0x0000000618800000, 0x0000000618c00000, 0x0000000618c00000|100%| E|CS|TAMS 0x0000000618800000, 0x0000000618800000| Complete 
|  96|0x0000000618c00000, 0x0000000619000000, 0x0000000619000000|100%| E|CS|TAMS 0x0000000618c00000, 0x0000000618c00000| Complete 
|  97|0x0000000619000000, 0x0000000619400000, 0x0000000619400000|100%| E|CS|TAMS 0x0000000619000000, 0x0000000619000000| Complete 
|  98|0x0000000619400000, 0x0000000619800000, 0x0000000619800000|100%| E|CS|TAMS 0x0000000619400000, 0x0000000619400000| Complete 
|  99|0x0000000619800000, 0x0000000619c00000, 0x0000000619c00000|100%| E|CS|TAMS 0x0000000619800000, 0x0000000619800000| Complete 
| 100|0x0000000619c00000, 0x000000061a000000, 0x000000061a000000|100%| E|CS|TAMS 0x0000000619c00000, 0x0000000619c00000| Complete 
| 101|0x000000061a000000, 0x000000061a400000, 0x000000061a400000|100%| E|CS|TAMS 0x000000061a000000, 0x000000061a000000| Complete 
| 102|0x000000061a400000, 0x000000061a800000, 0x000000061a800000|100%| E|CS|TAMS 0x000000061a400000, 0x000000061a400000| Complete 
| 103|0x000000061a800000, 0x000000061ac00000, 0x000000061ac00000|100%| E|CS|TAMS 0x000000061a800000, 0x000000061a800000| Complete 
| 104|0x000000061ac00000, 0x000000061b000000, 0x000000061b000000|100%| E|CS|TAMS 0x000000061ac00000, 0x000000061ac00000| Complete 
| 105|0x000000061b000000, 0x000000061b400000, 0x000000061b400000|100%| E|CS|TAMS 0x000000061b000000, 0x000000061b000000| Complete 
| 106|0x000000061b400000, 0x000000061b800000, 0x000000061b800000|100%| E|CS|TAMS 0x000000061b400000, 0x000000061b400000| Complete 
| 107|0x000000061b800000, 0x000000061bc00000, 0x000000061bc00000|100%| E|CS|TAMS 0x000000061b800000, 0x000000061b800000| Complete 
| 108|0x000000061bc00000, 0x000000061c000000, 0x000000061c000000|100%| E|CS|TAMS 0x000000061bc00000, 0x000000061bc00000| Complete 
| 109|0x000000061c000000, 0x000000061c400000, 0x000000061c400000|100%| E|CS|TAMS 0x000000061c000000, 0x000000061c000000| Complete 
| 110|0x000000061c400000, 0x000000061c800000, 0x000000061c800000|100%| E|CS|TAMS 0x000000061c400000, 0x000000061c400000| Complete 
| 111|0x000000061c800000, 0x000000061cc00000, 0x000000061cc00000|100%| E|CS|TAMS 0x000000061c800000, 0x000000061c800000| Complete 
| 112|0x000000061cc00000, 0x000000061d000000, 0x000000061d000000|100%| E|CS|TAMS 0x000000061cc00000, 0x000000061cc00000| Complete 
| 113|0x000000061d000000, 0x000000061d400000, 0x000000061d400000|100%| E|CS|TAMS 0x000000061d000000, 0x000000061d000000| Complete 
| 114|0x000000061d400000, 0x000000061d800000, 0x000000061d800000|100%| E|CS|TAMS 0x000000061d400000, 0x000000061d400000| Complete 
| 115|0x000000061d800000, 0x000000061dc00000, 0x000000061dc00000|100%| E|CS|TAMS 0x000000061d800000, 0x000000061d800000| Complete 
| 116|0x000000061dc00000, 0x000000061dd37390, 0x000000061e000000| 30%| S|CS|TAMS 0x000000061dc00000, 0x000000061dc00000| Complete 
| 117|0x000000061e000000, 0x000000061e400000, 0x000000061e400000|100%| S|CS|TAMS 0x000000061e000000, 0x000000061e000000| Complete 
| 118|0x000000061e400000, 0x000000061e800000, 0x000000061e800000|100%| E|CS|TAMS 0x000000061e400000, 0x000000061e400000| Complete 
| 119|0x000000061e800000, 0x000000061ec00000, 0x000000061ec00000|100%| E|CS|TAMS 0x000000061e800000, 0x000000061e800000| Complete 
| 120|0x000000061ec00000, 0x000000061f000000, 0x000000061f000000|100%| E|CS|TAMS 0x000000061ec00000, 0x000000061ec00000| Complete 
| 121|0x000000061f000000, 0x000000061f400000, 0x000000061f400000|100%| E|CS|TAMS 0x000000061f000000, 0x000000061f000000| Complete 
| 122|0x000000061f400000, 0x000000061f800000, 0x000000061f800000|100%| E|CS|TAMS 0x000000061f400000, 0x000000061f400000| Complete 
| 123|0x000000061f800000, 0x000000061fc00000, 0x000000061fc00000|100%| E|CS|TAMS 0x000000061f800000, 0x000000061f800000| Complete 
| 124|0x000000061fc00000, 0x0000000620000000, 0x0000000620000000|100%| E|CS|TAMS 0x000000061fc00000, 0x000000061fc00000| Complete 
| 125|0x0000000620000000, 0x0000000620400000, 0x0000000620400000|100%| E|CS|TAMS 0x0000000620000000, 0x0000000620000000| Complete 
| 126|0x0000000620400000, 0x0000000620800000, 0x0000000620800000|100%| E|CS|TAMS 0x0000000620400000, 0x0000000620400000| Complete 
| 127|0x0000000620800000, 0x0000000620c00000, 0x0000000620c00000|100%| E|CS|TAMS 0x0000000620800000, 0x0000000620800000| Complete 

Card table byte_map: [0x000001eeaa170000,0x000001eeab170000] _byte_map_base: 0x000001eea716a000

Marking Bits (Prev, Next): (CMBitMap*) 0x000001ee90293c20, (CMBitMap*) 0x000001ee90293c60
 Prev Bits: [0x000001eeac170000, 0x000001eeb4140000)
 Next Bits: [0x000001eeb4140000, 0x000001eebc110000)

Polling page: 0x000001ee90300000

Metaspace:

Usage:
  Non-class:      8.60 MB used.
      Class:    465.19 KB used.
       Both:      9.05 MB used.

Virtual space:
  Non-class space:       16.00 MB reserved,       8.69 MB ( 54%) committed,  2 nodes.
      Class space:        1.00 GB reserved,     576.00 KB ( <1%) committed,  1 nodes.
              Both:        1.02 GB reserved,       9.25 MB ( <1%) committed. 

Chunk freelists:
   Non-Class:  1.72 MB
       Class:  3.42 MB
        Both:  5.14 MB

MaxMetaspaceSize: 17179869184.00 GB
CompressedClassSpaceSize: 1.00 GB
 - commit_granule_bytes: 65536.
 - commit_granule_words: 8192.
 - virtual_space_node_default_size: 1048576.
 - enlarge_chunks_in_place: 1.
 - new_chunks_are_fully_committed: 0.
 - uncommit_free_chunks: 1.
 - use_allocation_guard: 0.
 - handle_deallocations: 1.


Internal statistics:

num_allocs_failed_limit: 0.
num_arena_births: 68.
num_arena_deaths: 0.
num_vsnodes_births: 3.
num_vsnodes_deaths: 0.
num_space_committed: 146.
num_space_uncommitted: 0.
num_chunks_returned_to_freelist: 0.
num_chunks_taken_from_freelist: 310.
num_chunk_merges: 0.
num_chunk_splits: 252.
num_chunks_enlarged: 213.
num_purges: 0.

CodeHeap 'non-profiled nmethods': size=119168Kb used=767Kb max_used=767Kb free=118400Kb
 bounds [0x000001eea0d50000, 0x000001eea0fc0000, 0x000001eea81b0000]
CodeHeap 'profiled nmethods': size=119104Kb used=2960Kb max_used=2960Kb free=116143Kb
 bounds [0x000001ee99900000, 0x000001ee99bf0000, 0x000001eea0d50000]
CodeHeap 'non-nmethods': size=7488Kb used=2805Kb max_used=3382Kb free=4682Kb
 bounds [0x000001ee991b0000, 0x000001ee99510000, 0x000001ee99900000]
 total_blobs=2683 nmethods=1559 adapters=1035
 compilation: enabled
              stopped_count=0, restarted_count=0
 full_count=0

Compilation events (20 events):
Event: 3.530 Thread 0x000001eec7280c70 nmethod 1547 0x000001ee99bdcd90 code [0x000001ee99bdcf60, 0x000001ee99bdd258]
Event: 3.530 Thread 0x000001eec6f36570 nmethod 1550 0x000001ee99bdd390 code [0x000001ee99bdd540, 0x000001ee99bdd668]
Event: 3.530 Thread 0x000001eec07a6800 nmethod 1549 0x000001ee99bdd710 code [0x000001ee99bdd8c0, 0x000001ee99bdda68]
Event: 3.530 Thread 0x000001eec6f36570 1552       3       com.salami.dragon.sandbox.Sandbox::tick (44 bytes)
Event: 3.530 Thread 0x000001eec7280c70 1553       3       com.salami.dragon.engine.ecs.component.prefab.FirstPersonCamera::movePlayer (116 bytes)
Event: 3.530 Thread 0x000001eec07a6800 1554       3       com.salami.dragon.engine.ecs.component.prefab.FirstPersonCamera::rotateCamera (104 bytes)
Event: 3.530 Thread 0x000001eebfc24d70 nmethod 1546 0x000001ee99bddb10 code [0x000001ee99bddd60, 0x000001ee99bde428]
Event: 3.530 Thread 0x000001eebfc24d70 1555       3       com.salami.dragon.engine.camera.Camera::moveRotation (40 bytes)
Event: 3.530 Thread 0x000001eec07a6800 nmethod 1554 0x000001ee99bde710 code [0x000001ee99bde8e0, 0x000001ee99bdeac8]
Event: 3.530 Thread 0x000001eebfc24d70 nmethod 1555 0x000001ee99bdec10 code [0x000001ee99bdeda0, 0x000001ee99bdeed8]
Event: 3.530 Thread 0x000001eec07a6800 1556       3       com.salami.dragon.engine.audio.AudioListener_::setPosition (19 bytes)
Event: 3.530 Thread 0x000001eebfc24d70 1557       3       com.salami.dragon.engine.render.Window::tick (342 bytes)
Event: 3.530 Thread 0x000001eec6f36570 nmethod 1552 0x000001ee99bdef90 code [0x000001ee99bdf180, 0x000001ee99bdf528]
Event: 3.530 Thread 0x000001eec07a6800 nmethod 1556 0x000001ee99bdf710 code [0x000001ee99bdf8c0, 0x000001ee99bdfa08]
Event: 3.530 Thread 0x000001eec7280c70 nmethod 1553 0x000001ee99bdfb10 code [0x000001ee99bdfe60, 0x000001ee99be0c18]
Event: 3.531 Thread 0x000001eebfc24d70 nmethod 1557 0x000001ee99be1090 code [0x000001ee99be14c0, 0x000001ee99be2c08]
Event: 3.891 Thread 0x000001eebfc24d70 1558       3       org.joml.Matrix4f::translateGeneric (136 bytes)
Event: 3.892 Thread 0x000001eebfc24d70 nmethod 1558 0x000001ee99be3390 code [0x000001ee99be35c0, 0x000001ee99be3e78]
Event: 4.113 Thread 0x000001eebfc1a090 1559       4       java.lang.StringConcatHelper::newString (67 bytes)
Event: 4.114 Thread 0x000001eebfc1a090 nmethod 1559 0x000001eea0e0fb90 code [0x000001eea0e0fd20, 0x000001eea0e0fe18]

GC Heap History (6 events):
Event: 1.148 GC heap before
{Heap before GC invocations=0 (full 0):
 garbage-first heap   total 524288K, used 24576K [0x0000000600c00000, 0x0000000800000000)
  region size 4096K, 6 young (24576K), 0 survivors (0K)
 Metaspace       used 7262K, committed 7488K, reserved 1064960K
  class space    used 384K, committed 512K, reserved 1048576K
}
Event: 1.152 GC heap after
{Heap after GC invocations=1 (full 0):
 garbage-first heap   total 524288K, used 7161K [0x0000000600c00000, 0x0000000800000000)
  region size 4096K, 1 young (4096K), 1 survivors (4096K)
 Metaspace       used 7262K, committed 7488K, reserved 1064960K
  class space    used 384K, committed 512K, reserved 1048576K
}
Event: 1.205 GC heap before
{Heap before GC invocations=1 (full 0):
 garbage-first heap   total 524288K, used 31737K [0x0000000600c00000, 0x0000000800000000)
  region size 4096K, 7 young (28672K), 1 survivors (4096K)
 Metaspace       used 7491K, committed 7744K, reserved 1064960K
  class space    used 396K, committed 512K, reserved 1048576K
}
Event: 1.209 GC heap after
{Heap after GC invocations=2 (full 0):
 garbage-first heap   total 524288K, used 14280K [0x0000000600c00000, 0x0000000800000000)
  region size 4096K, 1 young (4096K), 1 survivors (4096K)
 Metaspace       used 7491K, committed 7744K, reserved 1064960K
  class space    used 396K, committed 512K, reserved 1048576K
}
Event: 1.265 GC heap before
{Heap before GC invocations=2 (full 0):
 garbage-first heap   total 524288K, used 51144K [0x0000000600c00000, 0x0000000800000000)
  region size 4096K, 10 young (40960K), 1 survivors (4096K)
 Metaspace       used 7585K, committed 7808K, reserved 1064960K
  class space    used 399K, committed 512K, reserved 1048576K
}
Event: 1.268 GC heap after
{Heap after GC invocations=3 (full 0):
 garbage-first heap   total 524288K, used 15525K [0x0000000600c00000, 0x0000000800000000)
  region size 4096K, 2 young (8192K), 2 survivors (8192K)
 Metaspace       used 7585K, committed 7808K, reserved 1064960K
  class space    used 399K, committed 512K, reserved 1048576K
}

Deoptimization events (20 events):
Event: 1.599 Thread 0x000001ee90221c30 DEOPT PACKING pc=0x000001ee99b9bfca sp=0x000000e5cacff180
Event: 1.599 Thread 0x000001ee90221c30 DEOPT UNPACKING pc=0x000001ee991fdece sp=0x000000e5cacfe610 mode 0
Event: 1.600 Thread 0x000001ee90221c30 DEOPT PACKING pc=0x000001ee99b9bfca sp=0x000000e5cacff180
Event: 1.600 Thread 0x000001ee90221c30 DEOPT UNPACKING pc=0x000001ee991fdece sp=0x000000e5cacfe610 mode 0
Event: 3.183 Thread 0x000001ee90221c30 Uncommon trap: trap_request=0xffffffde fr.pc=0x000001eea0e0d930 relative=0x0000000000000110
Event: 3.183 Thread 0x000001ee90221c30 Uncommon trap: reason=class_check action=maybe_recompile pc=0x000001eea0e0d930 method=jdk.internal.misc.Unsafe.allocateUninitializedArray(Ljava/lang/Class;I)Ljava/lang/Object; @ 51 c2
Event: 3.183 Thread 0x000001ee90221c30 DEOPT PACKING pc=0x000001eea0e0d930 sp=0x000000e5cacfefa0
Event: 3.183 Thread 0x000001ee90221c30 DEOPT UNPACKING pc=0x000001ee991fd72e sp=0x000000e5cacfef28 mode 2
Event: 3.183 Thread 0x000001ee90221c30 Uncommon trap: trap_request=0xffffffde fr.pc=0x000001eea0e0d930 relative=0x0000000000000110
Event: 3.183 Thread 0x000001ee90221c30 Uncommon trap: reason=class_check action=maybe_recompile pc=0x000001eea0e0d930 method=jdk.internal.misc.Unsafe.allocateUninitializedArray(Ljava/lang/Class;I)Ljava/lang/Object; @ 51 c2
Event: 3.183 Thread 0x000001ee90221c30 DEOPT PACKING pc=0x000001eea0e0d930 sp=0x000000e5cacfefa0
Event: 3.183 Thread 0x000001ee90221c30 DEOPT UNPACKING pc=0x000001ee991fd72e sp=0x000000e5cacfef28 mode 2
Event: 3.183 Thread 0x000001ee90221c30 Uncommon trap: trap_request=0xffffffde fr.pc=0x000001eea0e0d930 relative=0x0000000000000110
Event: 3.183 Thread 0x000001ee90221c30 Uncommon trap: reason=class_check action=maybe_recompile pc=0x000001eea0e0d930 method=jdk.internal.misc.Unsafe.allocateUninitializedArray(Ljava/lang/Class;I)Ljava/lang/Object; @ 51 c2
Event: 3.183 Thread 0x000001ee90221c30 DEOPT PACKING pc=0x000001eea0e0d930 sp=0x000000e5cacfefa0
Event: 3.183 Thread 0x000001ee90221c30 DEOPT UNPACKING pc=0x000001ee991fd72e sp=0x000000e5cacfef28 mode 2
Event: 3.183 Thread 0x000001ee90221c30 Uncommon trap: trap_request=0xffffffde fr.pc=0x000001eea0e0d930 relative=0x0000000000000110
Event: 3.183 Thread 0x000001ee90221c30 Uncommon trap: reason=class_check action=maybe_recompile pc=0x000001eea0e0d930 method=jdk.internal.misc.Unsafe.allocateUninitializedArray(Ljava/lang/Class;I)Ljava/lang/Object; @ 51 c2
Event: 3.183 Thread 0x000001ee90221c30 DEOPT PACKING pc=0x000001eea0e0d930 sp=0x000000e5cacff090
Event: 3.183 Thread 0x000001ee90221c30 DEOPT UNPACKING pc=0x000001ee991fd72e sp=0x000000e5cacff018 mode 2

Classes unloaded (0 events):
No events

Classes redefined (0 events):
No events

Internal exceptions (20 events):
Event: 0.145 Thread 0x000001ee90221c30 Exception <a 'java/lang/NoSuchMethodError'{0x0000000620509ce0}: 'void java.lang.invoke.DirectMethodHandle$Holder.invokeSpecial(java.lang.Object, java.lang.Object, java.lang.Object)'> (0x0000000620509ce0) 
thrown [t:\workspace\open\src\hotspot\share\interpreter\linkResolver.cpp, line 790]
Event: 0.148 Thread 0x000001ee90221c30 Exception <a 'java/lang/NoSuchMethodError'{0x000000062051e490}: 'java.lang.Object java.lang.invoke.DirectMethodHandle$Holder.invokeStatic(java.lang.Object, java.lang.Object, int)'> (0x000000062051e490) 
thrown [t:\workspace\open\src\hotspot\share\interpreter\linkResolver.cpp, line 790]
Event: 0.149 Thread 0x000001ee90221c30 Exception <a 'java/lang/NoSuchMethodError'{0x000000062052a638}: 'void java.lang.invoke.DelegatingMethodHandle$Holder.delegate(java.lang.Object, java.lang.Object, int, java.lang.Object)'> (0x000000062052a638) 
thrown [t:\workspace\open\src\hotspot\share\interpreter\linkResolver.cpp, line 790]
Event: 0.149 Thread 0x000001ee90221c30 Exception <a 'java/lang/NoSuchMethodError'{0x000000062052e788}: 'int java.lang.invoke.DirectMethodHandle$Holder.invokeSpecial(java.lang.Object, java.lang.Object, java.lang.Object)'> (0x000000062052e788) 
thrown [t:\workspace\open\src\hotspot\share\interpreter\linkResolver.cpp, line 790]
Event: 0.184 Thread 0x000001ee90221c30 Exception <a 'sun/nio/fs/WindowsException'{0x000000062059c678}> (0x000000062059c678) 
thrown [t:\workspace\open\src\hotspot\share\prims\jni.cpp, line 579]
Event: 0.184 Thread 0x000001ee90221c30 Exception <a 'sun/nio/fs/WindowsException'{0x000000062059cbd0}> (0x000000062059cbd0) 
thrown [t:\workspace\open\src\hotspot\share\prims\jni.cpp, line 579]
Event: 0.208 Thread 0x000001ee90221c30 Exception <a 'sun/nio/fs/WindowsException'{0x000000062063b850}> (0x000000062063b850) 
thrown [t:\workspace\open\src\hotspot\share\prims\jni.cpp, line 579]
Event: 0.208 Thread 0x000001ee90221c30 Exception <a 'sun/nio/fs/WindowsException'{0x000000062063bbc0}> (0x000000062063bbc0) 
thrown [t:\workspace\open\src\hotspot\share\prims\jni.cpp, line 579]
Event: 0.876 Thread 0x000001ee90221c30 Exception <a 'sun/nio/fs/WindowsException'{0x00000006206d7860}> (0x00000006206d7860) 
thrown [t:\workspace\open\src\hotspot\share\prims\jni.cpp, line 579]
Event: 0.876 Thread 0x000001ee90221c30 Exception <a 'sun/nio/fs/WindowsException'{0x00000006206d7c10}> (0x00000006206d7c10) 
thrown [t:\workspace\open\src\hotspot\share\prims\jni.cpp, line 579]
Event: 0.879 Thread 0x000001ee90221c30 Exception <a 'sun/nio/fs/WindowsException'{0x00000006206e4620}> (0x00000006206e4620) 
thrown [t:\workspace\open\src\hotspot\share\prims\jni.cpp, line 579]
Event: 0.879 Thread 0x000001ee90221c30 Exception <a 'sun/nio/fs/WindowsException'{0x00000006206e4908}> (0x00000006206e4908) 
thrown [t:\workspace\open\src\hotspot\share\prims\jni.cpp, line 579]
Event: 1.500 Thread 0x000001ee90221c30 Exception <a 'sun/nio/fs/WindowsException'{0x000000061589bc88}> (0x000000061589bc88) 
thrown [t:\workspace\open\src\hotspot\share\prims\jni.cpp, line 579]
Event: 1.500 Thread 0x000001ee90221c30 Exception <a 'sun/nio/fs/WindowsException'{0x000000061589c010}> (0x000000061589c010) 
thrown [t:\workspace\open\src\hotspot\share\prims\jni.cpp, line 579]
Event: 1.538 Thread 0x000001ee90221c30 Exception <a 'sun/nio/fs/WindowsException'{0x0000000615958b20}> (0x0000000615958b20) 
thrown [t:\workspace\open\src\hotspot\share\prims\jni.cpp, line 579]
Event: 1.538 Thread 0x000001ee90221c30 Exception <a 'sun/nio/fs/WindowsException'{0x0000000615958c98}> (0x0000000615958c98) 
thrown [t:\workspace\open\src\hotspot\share\prims\jni.cpp, line 579]
Event: 1.546 Thread 0x000001ee90221c30 Exception <a 'sun/nio/fs/WindowsException'{0x0000000615986b00}> (0x0000000615986b00) 
thrown [t:\workspace\open\src\hotspot\share\prims\jni.cpp, line 579]
Event: 1.546 Thread 0x000001ee90221c30 Exception <a 'sun/nio/fs/WindowsException'{0x0000000615986e88}> (0x0000000615986e88) 
thrown [t:\workspace\open\src\hotspot\share\prims\jni.cpp, line 579]
Event: 1.551 Thread 0x000001ee90221c30 Exception <a 'sun/nio/fs/WindowsException'{0x0000000615990770}> (0x0000000615990770) 
thrown [t:\workspace\open\src\hotspot\share\prims\jni.cpp, line 579]
Event: 1.551 Thread 0x000001ee90221c30 Exception <a 'sun/nio/fs/WindowsException'{0x00000006159908e8}> (0x00000006159908e8) 
thrown [t:\workspace\open\src\hotspot\share\prims\jni.cpp, line 579]

Events (20 events):
Event: 1.539 loading class java/nio/channels/spi/AbstractInterruptibleChannel$1 done
Event: 1.547 Loaded shared library C:\Users\conno\AppData\Local\Temp\lwjglconno\3.2.3-build-13\lwjgl_stb.dll
Event: 1.614 loading class java/lang/SecurityException
Event: 1.614 loading class java/lang/SecurityException done
Event: 1.616 loading class jdk/internal/access/foreign/MemorySegmentProxy
Event: 1.616 loading class jdk/internal/access/foreign/MemorySegmentProxy done
Event: 1.658 loading class java/lang/NumberFormatException
Event: 1.658 loading class java/lang/NumberFormatException done
Event: 1.731 Thread 0x000001eec751ef00 Thread exited: 0x000001eec751ef00
Event: 1.835 Thread 0x000001eec7521b40 Thread exited: 0x000001eec7521b40
Event: 1.835 Thread 0x000001eec73d31c0 Thread exited: 0x000001eec73d31c0
Event: 1.835 Thread 0x000001eec73d1880 Thread exited: 0x000001eec73d1880
Event: 1.835 Thread 0x000001eec07a75e0 Thread exited: 0x000001eec07a75e0
Event: 1.989 Thread 0x000001eec07a75e0 Thread added: 0x000001eec07a75e0
Event: 2.141 Thread 0x000001eec07a75e0 Thread exited: 0x000001eec07a75e0
Event: 2.282 Executing  VM operation: Cleanup
Event: 2.282 Executing  VM operation: Cleanup done
Event: 3.286 Executing  VM operation: Cleanup
Event: 3.286 Executing  VM operation: Cleanup done
Event: 4.113 Thread 0x000001eec6f36570 Thread exited: 0x000001eec6f36570


Dynamic libraries:
0x00007ff6c9ab0000 - 0x00007ff6c9ac0000 	C:\Program Files\Java\jdk-16.0.2\bin\java.exe
0x00007ffca89b0000 - 0x00007ffca8ba5000 	C:\WINDOWS\SYSTEM32\ntdll.dll
0x00007ffca79c0000 - 0x00007ffca7a7d000 	C:\WINDOWS\System32\KERNEL32.DLL
0x00007ffca64f0000 - 0x00007ffca67b9000 	C:\WINDOWS\System32\KERNELBASE.dll
0x00007ffca62e0000 - 0x00007ffca63e0000 	C:\WINDOWS\System32\ucrtbase.dll
0x00007ffc95580000 - 0x00007ffc95599000 	C:\Program Files\Java\jdk-16.0.2\bin\VCRUNTIME140.dll
0x00007ffc9f730000 - 0x00007ffc9f748000 	C:\Program Files\Java\jdk-16.0.2\bin\jli.dll
0x00007ffca7f40000 - 0x00007ffca7fec000 	C:\WINDOWS\System32\ADVAPI32.dll
0x00007ffca7770000 - 0x00007ffca780e000 	C:\WINDOWS\System32\msvcrt.dll
0x00007ffca7810000 - 0x00007ffca78ab000 	C:\WINDOWS\System32\sechost.dll
0x00007ffca7d70000 - 0x00007ffca7e9a000 	C:\WINDOWS\System32\RPCRT4.dll
0x00007ffca7bd0000 - 0x00007ffca7d70000 	C:\WINDOWS\System32\USER32.dll
0x00007ffca6170000 - 0x00007ffca6192000 	C:\WINDOWS\System32\win32u.dll
0x00007ffc87540000 - 0x00007ffc877da000 	C:\WINDOWS\WinSxS\amd64_microsoft.windows.common-controls_6595b64144ccf1df_6.0.19041.1110_none_60b5254171f9507e\COMCTL32.dll
0x00007ffca7740000 - 0x00007ffca776a000 	C:\WINDOWS\System32\GDI32.dll
0x00007ffca63e0000 - 0x00007ffca64eb000 	C:\WINDOWS\System32\gdi32full.dll
0x00007ffca6810000 - 0x00007ffca68ad000 	C:\WINDOWS\System32\msvcp_win.dll
0x00007ffca1b20000 - 0x00007ffca1b2a000 	C:\WINDOWS\SYSTEM32\VERSION.dll
0x00007ffca88e0000 - 0x00007ffca8910000 	C:\WINDOWS\System32\IMM32.DLL
0x00007ffca3c40000 - 0x00007ffca3c4c000 	C:\Program Files\Java\jdk-16.0.2\bin\vcruntime140_1.dll
0x00007ffc78640000 - 0x00007ffc786d1000 	C:\Program Files\Java\jdk-16.0.2\bin\msvcp140.dll
0x00007ffc1eff0000 - 0x00007ffc1fb9b000 	C:\Program Files\Java\jdk-16.0.2\bin\server\jvm.dll
0x00007ffca7f30000 - 0x00007ffca7f38000 	C:\WINDOWS\System32\PSAPI.DLL
0x00007ffc937b0000 - 0x00007ffc937b9000 	C:\WINDOWS\SYSTEM32\WSOCK32.dll
0x00007ffc9a880000 - 0x00007ffc9a8a7000 	C:\WINDOWS\SYSTEM32\WINMM.dll
0x00007ffca6b80000 - 0x00007ffca6beb000 	C:\WINDOWS\System32\WS2_32.dll
0x00007ffca40a0000 - 0x00007ffca40b2000 	C:\WINDOWS\SYSTEM32\kernel.appcore.dll
0x00007ffc9e780000 - 0x00007ffc9e78a000 	C:\Program Files\Java\jdk-16.0.2\bin\jimage.dll
0x00007ffca0b60000 - 0x00007ffca0d44000 	C:\WINDOWS\SYSTEM32\DBGHELP.DLL
0x00007ffca0910000 - 0x00007ffca093c000 	C:\WINDOWS\SYSTEM32\dbgcore.DLL
0x00007ffca6250000 - 0x00007ffca62d3000 	C:\WINDOWS\System32\bcryptPrimitives.dll
0x00007ffc9e330000 - 0x00007ffc9e33e000 	C:\Program Files\Java\jdk-16.0.2\bin\instrument.dll
0x00007ffc95550000 - 0x00007ffc95575000 	C:\Program Files\Java\jdk-16.0.2\bin\java.dll
0x00007ffca81a0000 - 0x00007ffca88df000 	C:\WINDOWS\System32\SHELL32.dll
0x00007ffca42a0000 - 0x00007ffca4a30000 	C:\WINDOWS\SYSTEM32\windows.storage.dll
0x00007ffca6c50000 - 0x00007ffca6fa5000 	C:\WINDOWS\System32\combase.dll
0x00007ffca5bd0000 - 0x00007ffca5bfc000 	C:\WINDOWS\SYSTEM32\Wldp.dll
0x00007ffca7910000 - 0x00007ffca79be000 	C:\WINDOWS\System32\SHCORE.dll
0x00007ffca76e0000 - 0x00007ffca7735000 	C:\WINDOWS\System32\shlwapi.dll
0x00007ffca60b0000 - 0x00007ffca60cf000 	C:\WINDOWS\SYSTEM32\profapi.dll
0x00007ffc93fc0000 - 0x00007ffc93fd8000 	C:\Program Files\Java\jdk-16.0.2\bin\zip.dll
0x00007ffc94c90000 - 0x00007ffc94ca9000 	C:\Program Files\Java\jdk-16.0.2\bin\net.dll
0x00007ffc9d390000 - 0x00007ffc9d498000 	C:\WINDOWS\SYSTEM32\WINHTTP.dll
0x00007ffca5930000 - 0x00007ffca599a000 	C:\WINDOWS\system32\mswsock.dll
0x00007ffc93fe0000 - 0x00007ffc93ff3000 	C:\Program Files\Java\jdk-16.0.2\bin\nio.dll
0x00007ffc93c50000 - 0x00007ffc93c6a000 	C:\Program Files\JetBrains\IntelliJ IDEA Community Edition 2021.2\bin\breakgen64.dll
0x00007ffc96530000 - 0x00007ffc96540000 	C:\Program Files\Java\jdk-16.0.2\bin\verify.dll
0x00007ffc785d0000 - 0x00007ffc78634000 	C:\Users\conno\AppData\Local\Temp\lwjglconno\3.2.3-build-13\lwjgl.dll
0x00007ffc78560000 - 0x00007ffc785c2000 	C:\Users\conno\AppData\Local\Temp\lwjglconno\3.2.3-build-13\glfw.dll
0x00007ffca3b40000 - 0x00007ffca3bde000 	C:\WINDOWS\system32\uxtheme.dll
0x00007ffc5edc0000 - 0x00007ffc5ee05000 	C:\WINDOWS\SYSTEM32\dinput8.dll
0x00007ffc9fff0000 - 0x00007ffca0001000 	C:\WINDOWS\SYSTEM32\xinput1_4.dll
0x00007ffca67c0000 - 0x00007ffca680e000 	C:\WINDOWS\System32\cfgmgr32.dll
0x00007ffca5f10000 - 0x00007ffca5f44000 	C:\WINDOWS\SYSTEM32\DEVOBJ.dll
0x00007ffca3ec0000 - 0x00007ffca3eef000 	C:\WINDOWS\SYSTEM32\dwmapi.dll
0x00007ffc9e9f0000 - 0x00007ffc9eb42000 	C:\WINDOWS\SYSTEM32\inputhost.dll
0x00007ffca6fc0000 - 0x00007ffca708d000 	C:\WINDOWS\System32\OLEAUT32.dll
0x00007ffca38c0000 - 0x00007ffca39b2000 	C:\WINDOWS\SYSTEM32\CoreMessaging.dll
0x00007ffca2d90000 - 0x00007ffca2ee4000 	C:\WINDOWS\SYSTEM32\wintypes.dll
0x00007ffca0d90000 - 0x00007ffca0e86000 	C:\WINDOWS\SYSTEM32\PROPSYS.dll
0x00007ffca3460000 - 0x00007ffca37be000 	C:\WINDOWS\SYSTEM32\CoreUIComponents.dll
0x00007ffca4e70000 - 0x00007ffca4ea3000 	C:\WINDOWS\SYSTEM32\ntmarta.dll
0x00007ffca7140000 - 0x00007ffca7255000 	C:\WINDOWS\System32\MSCTF.dll
0x00007ffca4a30000 - 0x00007ffca4a3d000 	C:\WINDOWS\SYSTEM32\HID.DLL
0x00007ffca7260000 - 0x00007ffca76d2000 	C:\WINDOWS\System32\SETUPAPI.DLL
0x00007ffca6a10000 - 0x00007ffca6a37000 	C:\WINDOWS\System32\bcrypt.dll
0x00007ffca6a40000 - 0x00007ffca6aa0000 	C:\WINDOWS\System32\WINTRUST.dll
0x00007ffca68b0000 - 0x00007ffca6a0f000 	C:\WINDOWS\System32\CRYPT32.dll
0x00007ffca5d50000 - 0x00007ffca5d62000 	C:\WINDOWS\SYSTEM32\MSASN1.dll
0x00007ffc780e0000 - 0x00007ffc78205000 	C:\WINDOWS\SYSTEM32\opengl32.dll
0x00007ffc9f7e0000 - 0x00007ffc9f80c000 	C:\WINDOWS\SYSTEM32\GLU32.dll
0x00007ffca7090000 - 0x00007ffca7139000 	C:\WINDOWS\System32\clbcatq.dll
0x00007ffc1c4d0000 - 0x00007ffc1efe7000 	C:\WINDOWS\System32\DriverStore\FileRepository\nv_dispi.inf_amd64_b8346c359fcd6093\nvoglv64.dll
0x00007ffca7a80000 - 0x00007ffca7baa000 	C:\WINDOWS\System32\ole32.dll
0x00007ffca1c70000 - 0x00007ffca1c84000 	C:\WINDOWS\SYSTEM32\WTSAPI32.dll
0x00007ffca1900000 - 0x00007ffca1931000 	C:\WINDOWS\SYSTEM32\cryptnet.dll
0x00007ffc9f000000 - 0x00007ffc9f14a000 	C:\WINDOWS\SYSTEM32\drvstore.dll
0x00007ffca5b40000 - 0x00007ffca5b4c000 	C:\WINDOWS\SYSTEM32\cryptbase.dll
0x00007ffca2120000 - 0x00007ffca215b000 	C:\WINDOWS\SYSTEM32\dxcore.dll
0x00007ffc7b1b0000 - 0x00007ffc7b473000 	C:\WINDOWS\system32\nvspcap64.dll
0x00007ffca5740000 - 0x00007ffca578b000 	C:\WINDOWS\SYSTEM32\powrprof.dll
0x00007ffca55b0000 - 0x00007ffca55c2000 	C:\WINDOWS\SYSTEM32\UMPDC.dll
0x00007ffca4ee0000 - 0x00007ffca4f3a000 	C:\WINDOWS\SYSTEM32\WINSTA.dll
0x00007ffc98080000 - 0x00007ffc98179000 	C:\WINDOWS\SYSTEM32\textinputframework.dll
0x00007ffc78500000 - 0x00007ffc78559000 	C:\Users\conno\AppData\Local\Temp\lwjglconno\3.2.3-build-13\lwjgl_opengl.dll
0x00007ffc3a200000 - 0x00007ffc3a30b000 	C:\Users\conno\AppData\Local\Temp\lwjglconno\3.2.3-build-13\OpenAL.dll
0x00007ffca04f0000 - 0x00007ffca0575000 	C:\WINDOWS\System32\MMDevApi.dll
0x00007ffc872f0000 - 0x00007ffc87471000 	C:\WINDOWS\SYSTEM32\AUDIOSES.DLL
0x00007ffca3cc0000 - 0x00007ffca3cd4000 	C:\WINDOWS\SYSTEM32\resourcepolicyclient.dll
0x00007ffc78480000 - 0x00007ffc784f7000 	C:\Users\conno\AppData\Local\Temp\lwjglconno\3.2.3-build-13\lwjgl_stb.dll

dbghelp: loaded successfully - version: 4.0.5 - missing functions: none
symbol engine: initialized successfully - sym options: 0x614 - pdb path: .;C:\Program Files\Java\jdk-16.0.2\bin;C:\WINDOWS\SYSTEM32;C:\WINDOWS\WinSxS\amd64_microsoft.windows.common-controls_6595b64144ccf1df_6.0.19041.1110_none_60b5254171f9507e;C:\Program Files\Java\jdk-16.0.2\bin\server;C:\Program Files\JetBrains\IntelliJ IDEA Community Edition 2021.2\bin;C:\Users\conno\AppData\Local\Temp\lwjglconno\3.2.3-build-13;C:\WINDOWS\System32\DriverStore\FileRepository\nv_dispi.inf_amd64_b8346c359fcd6093

VM Arguments:
jvm_args: -javaagent:C:\Program Files\JetBrains\IntelliJ IDEA Community Edition 2021.2\lib\idea_rt.jar=60281:C:\Program Files\JetBrains\IntelliJ IDEA Community Edition 2021.2\bin -Dfile.encoding=UTF-8 
java_command: com.salami.dragon.sandbox.Sandbox
java_class_path (initial): C:\Users\conno\OneDrive\Desktop\dragon-engine\target\classes;C:\Users\conno\.m2\repository\org\lwjgl\lwjgl\3.2.3\lwjgl-3.2.3.jar;C:\Users\conno\.m2\repository\org\lwjgl\lwjgl-assimp\3.2.3\lwjgl-assimp-3.2.3.jar;C:\Users\conno\.m2\repository\org\lwjgl\lwjgl-glfw\3.2.3\lwjgl-glfw-3.2.3.jar;C:\Users\conno\.m2\repository\org\lwjgl\lwjgl-openal\3.2.3\lwjgl-openal-3.2.3.jar;C:\Users\conno\.m2\repository\org\lwjgl\lwjgl-opengl\3.2.3\lwjgl-opengl-3.2.3.jar;C:\Users\conno\.m2\repository\org\lwjgl\lwjgl-stb\3.2.3\lwjgl-stb-3.2.3.jar;C:\Users\conno\.m2\repository\org\lwjgl\lwjgl\3.2.3\lwjgl-3.2.3-natives-windows.jar;C:\Users\conno\.m2\repository\org\lwjgl\lwjgl-assimp\3.2.3\lwjgl-assimp-3.2.3-natives-windows.jar;C:\Users\conno\.m2\repository\org\lwjgl\lwjgl-glfw\3.2.3\lwjgl-glfw-3.2.3-natives-windows.jar;C:\Users\conno\.m2\repository\org\lwjgl\lwjgl-openal\3.2.3\lwjgl-openal-3.2.3-natives-windows.jar;C:\Users\conno\.m2\repository\org\lwjgl\lwjgl-opengl\3.2.3\lwjgl-opengl-3.2.3-natives-windows.jar;C:\Users\conno\.m2\repository\org\lwjgl\lwjgl-stb\3.2.3\lwjgl-stb-3.2.3-natives-windows.jar;C:\Users\conno\.m2\repository\org\joml\joml\1.10.1\joml-1.10.1.jar;C:\Users\conno\.m2\repository\org\l33tlabs\twl\pngdecoder\1.0\pngdecoder-1.0.jar
Launcher Type: SUN_STANDARD

[Global flags]
     intx CICompilerCount                          = 12                                        {product} {ergonomic}
     uint ConcGCThreads                            = 3                                         {product} {ergonomic}
     uint G1ConcRefinementThreads                  = 13                                        {product} {ergonomic}
   size_t G1HeapRegionSize                         = 4194304                                   {product} {ergonomic}
    uintx GCDrainStackTargetSize                   = 64                                        {product} {ergonomic}
   size_t InitialHeapSize                          = 536870912                                 {product} {ergonomic}
   size_t MarkStackSize                            = 4194304                                   {product} {ergonomic}
   size_t MaxHeapSize                              = 8577351680                                {product} {ergonomic}
   size_t MaxNewSize                               = 5146411008                                {product} {ergonomic}
   size_t MinHeapDeltaBytes                        = 4194304                                   {product} {ergonomic}
   size_t MinHeapSize                              = 8388608                                   {product} {ergonomic}
    uintx NonNMethodCodeHeapSize                   = 7602480                                {pd product} {ergonomic}
    uintx NonProfiledCodeHeapSize                  = 122027880                              {pd product} {ergonomic}
    uintx ProfiledCodeHeapSize                     = 122027880                              {pd product} {ergonomic}
    uintx ReservedCodeCacheSize                    = 251658240                              {pd product} {ergonomic}
     bool SegmentedCodeCache                       = true                                      {product} {ergonomic}
   size_t SoftMaxHeapSize                          = 8577351680                             {manageable} {ergonomic}
     bool UseCompressedClassPointers               = true                           {product lp64_product} {ergonomic}
     bool UseCompressedOops                        = true                           {product lp64_product} {ergonomic}
     bool UseG1GC                                  = true                                      {product} {ergonomic}
     bool UseLargePagesIndividualAllocation        = false                                  {pd product} {ergonomic}

Logging:
Log output configuration:
 #0: stdout all=warning uptime,level,tags
 #1: stderr all=off uptime,level,tags

Environment Variables:
PATH=C:\Program Files\Common Files\Oracle\Java\javapath;C:\Program Files (x86)\Common Files\Oracle\Java\javapath;C:\Python39\Scripts\;C:\Python39\;C:\Windows\system32;C:\Windows;C:\Windows\System32\Wbem;C:\Windows\System32\WindowsPowerShell\v1.0\;C:\Program Files\NVIDIA Corporation\NVIDIA NvDLISR;C:\WINDOWS\system32;C:\WINDOWS;C:\WINDOWS\System32\Wbem;C:\WINDOWS\System32\WindowsPowerShell\v1.0\;C:\WINDOWS\System32\OpenSSH\;C:\Program Files (x86)\NVIDIA Corporation\PhysX\Common;C:\Program Files\Git\cmd;C:\Program Files\nodejs\;C:\ProgramData\chocolatey\bin;C:\Program Files\qemu;C:\Program Files\CMake\bin;C:\Users\conno\AppData\Local\Microsoft\WindowsApps;;C:\Users\conno\AppData\Local\Programs\Microsoft VS Code\bin;C:\Users\conno\AppData\Roaming\npm;C:\Program Files\JetBrains\IntelliJ IDEA Community Edition 2021.2\bin;
USERNAME=conno
OS=Windows_NT
PROCESSOR_IDENTIFIER=AMD64 Family 23 Model 113 Stepping 0, AuthenticAMD



---------------  S Y S T E M  ---------------

OS:
 Windows 10 , 64 bit Build 19041 (10.0.19041.1151)
OS uptime: 17 days 18:22 hours

CPU: total 16 (initial active 16) (16 cores per cpu, 2 threads per core) family 23 model 113 stepping 0 microcode 0x0, cx8, cmov, fxsr, ht, mmx, 3dnowpref, sse, sse2, sse3, ssse3, sse4a, sse4.1, sse4.2, popcnt, lzcnt, tsc, tscinvbit, avx, avx2, aes, clmul, bmi1, bmi2, adx, sha, fma, vzeroupper, clflush, clflushopt

Memory: 4k page, system-wide physical 32719M (17303M free)
TotalPageFile size 37583M (AvailPageFile size 16157M)
current process WorkingSet (physical memory assigned to process): 315M, peak: 327M
current process commit charge ("private bytes"): 758M, peak: 775M

vm_info: Java HotSpot(TM) 64-Bit Server VM (16.0.2+7-67) for windows-amd64 JRE (16.0.2+7-67), built on Jun  8 2021 23:24:19 by "mach5one" with MS VC++ 16.7 (VS2019)

END.
