#
# A fatal error has been detected by the Java Runtime Environment:
#
#  EXCEPTION_ACCESS_VIOLATION (0xc0000005) at pc=0x00007ffc68583a25, pid=16940, tid=10184
#
# JRE version: Java(TM) SE Runtime Environment (16.0.2+7) (build 16.0.2+7-67)
# Java VM: Java HotSpot(TM) 64-Bit Server VM (16.0.2+7-67, mixed mode, sharing, tiered, compressed oops, compressed class ptrs, g1 gc, windows-amd64)
# Problematic frame:
# C  [OpenAL.dll+0x13a25]
#
# No core dump will be written. Minidumps are not enabled by default on client versions of Windows
#
# If you would like to submit a bug report, please visit:
#   https://bugreport.java.com/bugreport/crash.jsp
# The crash happened outside the Java Virtual Machine in native code.
# See problematic frame for where to report the bug.
#

---------------  S U M M A R Y ------------

Command Line: -javaagent:C:\Program Files\JetBrains\IntelliJ IDEA Community Edition 2021.2\lib\idea_rt.jar=52858:C:\Program Files\JetBrains\IntelliJ IDEA Community Edition 2021.2\bin -Dfile.encoding=UTF-8 com.salami.dragon.sandbox.Sandbox

Host: AMD Ryzen 7 3700X 8-Core Processor             , 16 cores, 31G,  Windows 10 , 64 bit Build 19041 (10.0.19041.1151)
Time: Tue Sep  7 18:32:20 2021 Cen. Australia Standard Time elapsed time: 3.976545 seconds (0d 0h 0m 3s)

---------------  T H R E A D  ---------------

Current thread (0x00000238e3e31d50):  JavaThread "main" [_thread_in_native, id=10184, stack(0x000000d50b900000,0x000000d50ba00000)]

Stack: [0x000000d50b900000,0x000000d50ba00000],  sp=0x000000d50b9feff0,  free space=1019k
Native frames: (J=compiled Java code, j=interpreted, Vv=VM code, C=native code)
C  [OpenAL.dll+0x13a25]

Java frames: (J=compiled Java code, j=interpreted, Vv=VM code)
j  org.lwjgl.system.JNI.invokePZ(JJ)Z+0
j  org.lwjgl.openal.ALC10.alcCloseDevice(J)Z+20
j  com.salami.dragon.engine.audio.Audio.cleanup()V+137
j  com.salami.dragon.engine.Application.stop()V+12
j  com.salami.dragon.engine.Application.tick()V+207
j  com.salami.dragon.engine.Application.start()V+20
j  com.salami.dragon.engine.Application.<init>(Lcom/salami/dragon/engine/IApplication;)V+83
j  com.salami.dragon.engine.Application.registerApp(Lcom/salami/dragon/engine/IApplication;)V+13
j  com.salami.dragon.sandbox.Sandbox.main([Ljava/lang/String;)V+24
v  ~StubRoutines::call_stub

siginfo: EXCEPTION_ACCESS_VIOLATION (0xc0000005), reading address 0x0000000000008b40


Register to memory mapping:

RIP=0x00007ffc68583a25 OpenAL.dll
RAX=0x0 is NULL
RBX=0x0000023899cb04f0 points into unknown readable memory: 0x0000000100000000 | 00 00 00 00 01 00 00 00
RCX=0x0 is NULL
RDX=0x000000d50b9ff0b8 is pointing into the stack for thread: 0x00000238e3e31d50
RSP=0x000000d50b9feff0 is pointing into the stack for thread: 0x00000238e3e31d50
RBP=0x000000d50b9ff0a8 is pointing into the stack for thread: 0x00000238e3e31d50
RSI=0x0000000000000148 is an unknown value
RDI=0x0000000000000a6f is an unknown value
R8 =0x0000023899cb04f0 points into unknown readable memory: 0x0000000100000000 | 00 00 00 00 01 00 00 00
R9 =0x00007ffc68583a00 OpenAL.dll
R10=0x00000238eb5bdcf3 is at code_begin+979 in an Interpreter codelet
method entry point (kind = native)  [0x00000238eb5bd920, 0x00000238eb5be300]  2528 bytes
R11=0x0000000600f62ab8 is an oop: java.lang.Class 
{0x0000000600f62ab8} - klass: 'java/lang/Class'
R12=0x0 is NULL
R13={method} {0x00000238914fe9f0} 'invokePZ' '(JJ)Z' in 'org/lwjgl/system/JNI'
R14=0x000000d50b9ff0e0 is pointing into the stack for thread: 0x00000238e3e31d50
R15=0x00000238e3e31d50 is a thread


Registers:
RAX=0x0000000000000000, RBX=0x0000023899cb04f0, RCX=0x0000000000000000, RDX=0x000000d50b9ff0b8
RSP=0x000000d50b9feff0, RBP=0x000000d50b9ff0a8, RSI=0x0000000000000148, RDI=0x0000000000000a6f
R8 =0x0000023899cb04f0, R9 =0x00007ffc68583a00, R10=0x00000238eb5bdcf3, R11=0x0000000600f62ab8
R12=0x0000000000000000, R13=0x00000238914fe9e8, R14=0x000000d50b9ff0e0, R15=0x00000238e3e31d50
RIP=0x00007ffc68583a25, EFLAGS=0x0000000000010283

Top of Stack: (sp=0x000000d50b9feff0)
0x000000d50b9feff0:   0000000614c59198 00000008003d2480
0x000000d50b9ff000:   0000000000000a6e 00007ffc68583171
0x000000d50b9ff010:   00000238914fe9e8 00000238eb5bdd22
0x000000d50b9ff020:   00000238914fb3e0 0000000000000148
0x000000d50b9ff030:   0000000000000002 00000000000000b8
0x000000d50b9ff040:   000000d50b9ff150 00000238f3211214
0x000000d50b9ff050:   0000000000000000 0000000000000000
0x000000d50b9ff060:   000000d50b9ff060 0000000000000000
0x000000d50b9ff070:   000000d50b9ff0e0 0000023891524ba8
0x000000d50b9ff080:   0000000000000000 0000000600f62ab8
0x000000d50b9ff090:   00000238914fe9e8 0000000000000000
0x000000d50b9ff0a0:   000000d50b9ff0c8 000000d50b9ff130
0x000000d50b9ff0b0:   00000238eb5b9626 0000000600f62ab8
0x000000d50b9ff0c0:   00000238eb5bb2c0 00007ffc68583a00
0x000000d50b9ff0d0:   0000000000000000 0000023899cb04f0
0x000000d50b9ff0e0:   0000000000000000 000000d50b9ff0e8 

Instructions: (pc=0x00007ffc68583a25)
0x00007ffc68583925:   eb b7 03 00 85 c0 75 10 c7 43 28 f4 ff 00 00 c7
0x00007ffc68583935:   43 2c f6 ff 00 00 eb 4d 48 8b 4c 24 68 48 8d 15
0x00007ffc68583945:   47 95 06 00 e8 c6 b7 03 00 85 c0 75 10 c7 43 28
0x00007ffc68583955:   f4 ff 00 00 c7 43 2c f7 ff 00 00 eb 28 83 3d 97
0x00007ffc68583965:   86 0e 00 01 7c 1f 4c 8b 4c 24 68 4c 8d 05 21 95
0x00007ffc68583975:   06 00 48 8d 15 ba 5d 06 00 48 8d 0d 67 ce 05 00
0x00007ffc68583985:   e8 06 04 02 00 48 8b 05 a7 92 0e 00 48 89 83 40
0x00007ffc68583995:   8b 00 00 48 8b c8 f0 48 0f b1 1d 94 92 0e 00 48
0x00007ffc685839a5:   3b c8 75 e8 83 3d 50 86 0e 00 03 7c 2f 48 8b 43
0x00007ffc685839b5:   38 48 85 c0 74 04 48 8d 78 10 4c 8b cb 48 89 7c
0x00007ffc685839c5:   24 20 4c 8d 05 ea 94 06 00 48 8d 15 63 5d 06 00
0x00007ffc685839d5:   48 8d 0d d8 ce 05 00 e8 af 03 02 00 48 8b c3 48
0x00007ffc685839e5:   8b 6c 24 70 48 8b 5c 24 60 4c 8b 7c 24 30 48 83
0x00007ffc685839f5:   c4 50 5f c3 cc cc cc cc cc cc cc 40 53 48 83 ec
0x00007ffc68583a05:   20 48 8b d9 48 8d 0d b0 92 0e 00 ff 15 6a c6 05
0x00007ffc68583a15:   00 48 8b 0d 1b 92 0e 00 0f 1f 00 48 3b cb 74 2b
0x00007ffc68583a25:   48 8b 89 40 8b 00 00 48 85 c9 75 ef ba 01 a0 00
0x00007ffc68583a35:   00 e8 35 60 00 00 48 8d 0d 7e 92 0e 00 ff 15 40
0x00007ffc68583a45:   c6 05 00 32 c0 48 83 c4 20 5b c3 48 85 c9 74 dc
0x00007ffc68583a55:   83 79 08 01 74 d6 48 89 6c 24 30 48 8d ab 10 8b
0x00007ffc68583a65:   00 00 48 89 7c 24 40 48 85 ed 74 09 48 8b cd ff
0x00007ffc68583a75:   15 06 c6 05 00 4c 8b 83 40 8b 00 00 48 8b c3 f0
0x00007ffc68583a85:   4c 0f b1 05 ab 91 0e 00 48 8b d0 48 3b d8 74 1f
0x00007ffc68583a95:   66 66 66 0f 1f 84 00 00 00 00 00 48 8b c3 f0 4c
0x00007ffc68583aa5:   0f b1 82 40 8b 00 00 48 8b d0 48 3b d8 75 ec 48
0x00007ffc68583ab5:   8d 0d 05 92 0e 00 ff 15 c7 c5 05 00 48 8b bb 08
0x00007ffc68583ac5:   8b 00 00 48 85 ff 74 58 48 89 74 24 38 0f 1f 40
0x00007ffc68583ad5:   00 66 66 0f 1f 84 00 00 00 00 00 48 8b b7 88 01
0x00007ffc68583ae5:   00 00 83 3d 12 85 0e 00 02 7c 1d 4c 8b cf 4c 8d
0x00007ffc68583af5:   05 de 93 06 00 48 8d 15 47 5c 06 00 48 8d 0d 08
0x00007ffc68583b05:   ce 05 00 e8 83 02 02 00 48 8b d3 48 8b cf e8 18
0x00007ffc68583b15:   3e 00 00 48 8b fe 48 85 f6 75 c0 48 8b 74 24 38 


Stack slot to memory mapping:
stack at sp + 0 slots: 0x0000000614c59198 is an oop: java.util.HashMap$ValueIterator 
{0x0000000614c59198} - klass: 'java/util/HashMap$ValueIterator'
stack at sp + 1 slots: {method} {0x00000008003d2488} '<init>' '(Ljava/util/HashMap;)V' in 'java/util/HashMap$HashIterator'
stack at sp + 2 slots: 0x0000000000000a6e is an unknown value
stack at sp + 3 slots: 0x00007ffc68583171 OpenAL.dll
stack at sp + 4 slots: {method} {0x00000238914fe9f0} 'invokePZ' '(JJ)Z' in 'org/lwjgl/system/JNI'
stack at sp + 5 slots: 0x00000238eb5bdd22 is at code_begin+1026 in an Interpreter codelet
method entry point (kind = native)  [0x00000238eb5bd920, 0x00000238eb5be300]  2528 bytes
stack at sp + 6 slots: {method} {0x00000238914fb3e8} 'invokePV' '(JJ)V' in 'org/lwjgl/system/JNI'
stack at sp + 7 slots: 0x0000000000000148 is an unknown value


---------------  P R O C E S S  ---------------

Threads class SMR info:
_java_thread_list=0x000002389b7f1ad0, length=13, elements={
0x00000238e3e31d50, 0x0000023890f68200, 0x0000023890f690c0, 0x0000023890f73da0,
0x0000023890f769b0, 0x0000023890f793c0, 0x0000023890f79dc0, 0x0000023890f7aba0,
0x0000023891900080, 0x00000238919019e0, 0x0000023890f46090, 0x0000023891b93470,
0x000002389197def0
}

Java Threads: ( => current thread )
=>0x00000238e3e31d50 JavaThread "main" [_thread_in_native, id=10184, stack(0x000000d50b900000,0x000000d50ba00000)]
  0x0000023890f68200 JavaThread "Reference Handler" daemon [_thread_blocked, id=17924, stack(0x000000d50c000000,0x000000d50c100000)]
  0x0000023890f690c0 JavaThread "Finalizer" daemon [_thread_blocked, id=10416, stack(0x000000d50c100000,0x000000d50c200000)]
  0x0000023890f73da0 JavaThread "Signal Dispatcher" daemon [_thread_blocked, id=18960, stack(0x000000d50c200000,0x000000d50c300000)]
  0x0000023890f769b0 JavaThread "Attach Listener" daemon [_thread_blocked, id=18108, stack(0x000000d50c300000,0x000000d50c400000)]
  0x0000023890f793c0 JavaThread "Service Thread" daemon [_thread_blocked, id=8856, stack(0x000000d50c400000,0x000000d50c500000)]
  0x0000023890f79dc0 JavaThread "Monitor Deflation Thread" daemon [_thread_blocked, id=24112, stack(0x000000d50c500000,0x000000d50c600000)]
  0x0000023890f7aba0 JavaThread "C2 CompilerThread0" daemon [_thread_blocked, id=22448, stack(0x000000d50c600000,0x000000d50c700000)]
  0x0000023891900080 JavaThread "C1 CompilerThread0" daemon [_thread_blocked, id=10844, stack(0x000000d50c700000,0x000000d50c800000)]
  0x00000238919019e0 JavaThread "Sweeper thread" daemon [_thread_blocked, id=21688, stack(0x000000d50c800000,0x000000d50c900000)]
  0x0000023890f46090 JavaThread "Common-Cleaner" daemon [_thread_blocked, id=9708, stack(0x000000d50c900000,0x000000d50ca00000)]
  0x0000023891b93470 JavaThread "Monitor Ctrl-Break" daemon [_thread_in_native, id=22196, stack(0x000000d50cd00000,0x000000d50ce00000)]
  0x000002389197def0 JavaThread "Notification Thread" daemon [_thread_blocked, id=17528, stack(0x000000d50ce00000,0x000000d50cf00000)]

Other Threads:
  0x0000023890f60590 VMThread "VM Thread" [stack: 0x000000d50bf00000,0x000000d50c000000] [id=18652]
  0x0000023891b97e10 WatcherThread [stack: 0x000000d50cf00000,0x000000d50d000000] [id=21676]
  0x00000238e1cee850 GCTaskThread "GC Thread#0" [stack: 0x000000d50ba00000,0x000000d50bb00000] [id=19296]
  0x0000023898fd7690 GCTaskThread "GC Thread#1" [stack: 0x000000d50d700000,0x000000d50d800000] [id=12788]
  0x0000023898fd8c00 GCTaskThread "GC Thread#2" [stack: 0x000000d50d800000,0x000000d50d900000] [id=23716]
  0x0000023898fd85e0 GCTaskThread "GC Thread#3" [stack: 0x000000d50d900000,0x000000d50da00000] [id=21568]
  0x0000023898fd7070 GCTaskThread "GC Thread#4" [stack: 0x000000d50da00000,0x000000d50db00000] [id=7772]
  0x0000023898fd82d0 GCTaskThread "GC Thread#5" [stack: 0x000000d50db00000,0x000000d50dc00000] [id=15976]
  0x0000023898fd79a0 GCTaskThread "GC Thread#6" [stack: 0x000000d50dc00000,0x000000d50dd00000] [id=6976]
  0x0000023898fd7cb0 GCTaskThread "GC Thread#7" [stack: 0x000000d50dd00000,0x000000d50de00000] [id=17288]
  0x0000023898fd7fc0 GCTaskThread "GC Thread#8" [stack: 0x000000d50de00000,0x000000d50df00000] [id=22768]
  0x0000023898fd7380 GCTaskThread "GC Thread#9" [stack: 0x000000d50df00000,0x000000d50e000000] [id=25440]
  0x0000023898fd88f0 GCTaskThread "GC Thread#10" [stack: 0x000000d50e000000,0x000000d50e100000] [id=15312]
  0x00000238991771f0 GCTaskThread "GC Thread#11" [stack: 0x000000d50e100000,0x000000d50e200000] [id=616]
  0x00000238e3eb4380 ConcurrentGCThread "G1 Main Marker" [stack: 0x000000d50bb00000,0x000000d50bc00000] [id=10288]
  0x00000238e3eb5cb0 ConcurrentGCThread "G1 Conc#0" [stack: 0x000000d50bc00000,0x000000d50bd00000] [id=21828]
  0x0000023890e144f0 ConcurrentGCThread "G1 Refine#0" [stack: 0x000000d50bd00000,0x000000d50be00000] [id=9496]
  0x0000023890e14f70 ConcurrentGCThread "G1 Service" [stack: 0x000000d50be00000,0x000000d50bf00000] [id=23764]

Threads with active compile tasks:

VM state: not at safepoint (normal execution)

VM Mutex/Monitor currently owned by a thread: None

Heap address: 0x0000000600c00000, size: 8180 MB, Compressed Oops mode: Zero based, Oop shift amount: 3

CDS archive(s) mapped at: [0x0000000800000000-0x0000000800bb0000-0x0000000800bb0000), size 12255232, SharedBaseAddress: 0x0000000800000000, ArchiveRelocationMode: 0.
Compressed class space mapped at: 0x0000000800c00000-0x0000000840c00000, reserved size: 1073741824
Narrow klass base: 0x0000000800000000, Narrow klass shift: 3, Narrow klass range: 0x100000000

GC Precious Log:
 CPUs: 16 total, 16 available
 Memory: 32719M
 Large Page Support: Disabled
 NUMA Support: Disabled
 Compressed Oops: Enabled (Zero based)
 Heap Region Size: 4M
 Heap Min Capacity: 8M
 Heap Initial Capacity: 512M
 Heap Max Capacity: 8180M
 Pre-touch: Disabled
 Parallel Workers: 13
 Concurrent Workers: 3
 Concurrent Refinement Workers: 13
 Periodic GC: Disabled

Heap:
 garbage-first heap   total 524288K, used 199839K [0x0000000600c00000, 0x0000000800000000)
  region size 4096K, 48 young (196608K), 2 survivors (8192K)
 Metaspace       used 9501K, committed 9728K, reserved 1064960K
  class space    used 482K, committed 576K, reserved 1048576K

Heap Regions: E=young(eden), S=young(survivor), O=old, HS=humongous(starts), HC=humongous(continues), CS=collection set, F=free, OA=open archive, CA=closed archive, TAMS=top-at-mark-start (previous, next)
|   0|0x0000000600c00000, 0x0000000601000000, 0x0000000601000000|100%| O|  |TAMS 0x0000000600c00000, 0x0000000600c00000| Untracked 
|   1|0x0000000601000000, 0x0000000601400000, 0x0000000601400000|100%| O|  |TAMS 0x0000000601000000, 0x0000000601000000| Untracked 
|   2|0x0000000601400000, 0x00000006015b9800, 0x0000000601800000| 43%| O|  |TAMS 0x0000000601400000, 0x0000000601400000| Untracked 
|   3|0x0000000601800000, 0x0000000601800000, 0x0000000601c00000|  0%| F|  |TAMS 0x0000000601800000, 0x0000000601800000| Untracked 
|   4|0x0000000601c00000, 0x0000000601c00000, 0x0000000602000000|  0%| F|  |TAMS 0x0000000601c00000, 0x0000000601c00000| Untracked 
|   5|0x0000000602000000, 0x0000000602000000, 0x0000000602400000|  0%| F|  |TAMS 0x0000000602000000, 0x0000000602000000| Untracked 
|   6|0x0000000602400000, 0x0000000602400000, 0x0000000602800000|  0%| F|  |TAMS 0x0000000602400000, 0x0000000602400000| Untracked 
|   7|0x0000000602800000, 0x0000000602800000, 0x0000000602c00000|  0%| F|  |TAMS 0x0000000602800000, 0x0000000602800000| Untracked 
|   8|0x0000000602c00000, 0x0000000602c00000, 0x0000000603000000|  0%| F|  |TAMS 0x0000000602c00000, 0x0000000602c00000| Untracked 
|   9|0x0000000603000000, 0x0000000603000000, 0x0000000603400000|  0%| F|  |TAMS 0x0000000603000000, 0x0000000603000000| Untracked 
|  10|0x0000000603400000, 0x0000000603400000, 0x0000000603800000|  0%| F|  |TAMS 0x0000000603400000, 0x0000000603400000| Untracked 
|  11|0x0000000603800000, 0x0000000603800000, 0x0000000603c00000|  0%| F|  |TAMS 0x0000000603800000, 0x0000000603800000| Untracked 
|  12|0x0000000603c00000, 0x0000000603c00000, 0x0000000604000000|  0%| F|  |TAMS 0x0000000603c00000, 0x0000000603c00000| Untracked 
|  13|0x0000000604000000, 0x0000000604000000, 0x0000000604400000|  0%| F|  |TAMS 0x0000000604000000, 0x0000000604000000| Untracked 
|  14|0x0000000604400000, 0x0000000604400000, 0x0000000604800000|  0%| F|  |TAMS 0x0000000604400000, 0x0000000604400000| Untracked 
|  15|0x0000000604800000, 0x0000000604800000, 0x0000000604c00000|  0%| F|  |TAMS 0x0000000604800000, 0x0000000604800000| Untracked 
|  16|0x0000000604c00000, 0x0000000604c00000, 0x0000000605000000|  0%| F|  |TAMS 0x0000000604c00000, 0x0000000604c00000| Untracked 
|  17|0x0000000605000000, 0x0000000605000000, 0x0000000605400000|  0%| F|  |TAMS 0x0000000605000000, 0x0000000605000000| Untracked 
|  18|0x0000000605400000, 0x0000000605400000, 0x0000000605800000|  0%| F|  |TAMS 0x0000000605400000, 0x0000000605400000| Untracked 
|  19|0x0000000605800000, 0x0000000605800000, 0x0000000605c00000|  0%| F|  |TAMS 0x0000000605800000, 0x0000000605800000| Untracked 
|  20|0x0000000605c00000, 0x0000000605c00000, 0x0000000606000000|  0%| F|  |TAMS 0x0000000605c00000, 0x0000000605c00000| Untracked 
|  21|0x0000000606000000, 0x0000000606000000, 0x0000000606400000|  0%| F|  |TAMS 0x0000000606000000, 0x0000000606000000| Untracked 
|  22|0x0000000606400000, 0x0000000606400000, 0x0000000606800000|  0%| F|  |TAMS 0x0000000606400000, 0x0000000606400000| Untracked 
|  23|0x0000000606800000, 0x0000000606800000, 0x0000000606c00000|  0%| F|  |TAMS 0x0000000606800000, 0x0000000606800000| Untracked 
|  24|0x0000000606c00000, 0x0000000606c00000, 0x0000000607000000|  0%| F|  |TAMS 0x0000000606c00000, 0x0000000606c00000| Untracked 
|  25|0x0000000607000000, 0x0000000607000000, 0x0000000607400000|  0%| F|  |TAMS 0x0000000607000000, 0x0000000607000000| Untracked 
|  26|0x0000000607400000, 0x0000000607400000, 0x0000000607800000|  0%| F|  |TAMS 0x0000000607400000, 0x0000000607400000| Untracked 
|  27|0x0000000607800000, 0x0000000607800000, 0x0000000607c00000|  0%| F|  |TAMS 0x0000000607800000, 0x0000000607800000| Untracked 
|  28|0x0000000607c00000, 0x0000000607c00000, 0x0000000608000000|  0%| F|  |TAMS 0x0000000607c00000, 0x0000000607c00000| Untracked 
|  29|0x0000000608000000, 0x0000000608000000, 0x0000000608400000|  0%| F|  |TAMS 0x0000000608000000, 0x0000000608000000| Untracked 
|  30|0x0000000608400000, 0x0000000608400000, 0x0000000608800000|  0%| F|  |TAMS 0x0000000608400000, 0x0000000608400000| Untracked 
|  31|0x0000000608800000, 0x0000000608800000, 0x0000000608c00000|  0%| F|  |TAMS 0x0000000608800000, 0x0000000608800000| Untracked 
|  32|0x0000000608c00000, 0x0000000608c00000, 0x0000000609000000|  0%| F|  |TAMS 0x0000000608c00000, 0x0000000608c00000| Untracked 
|  33|0x0000000609000000, 0x0000000609000000, 0x0000000609400000|  0%| F|  |TAMS 0x0000000609000000, 0x0000000609000000| Untracked 
|  34|0x0000000609400000, 0x0000000609400000, 0x0000000609800000|  0%| F|  |TAMS 0x0000000609400000, 0x0000000609400000| Untracked 
|  35|0x0000000609800000, 0x0000000609800000, 0x0000000609c00000|  0%| F|  |TAMS 0x0000000609800000, 0x0000000609800000| Untracked 
|  36|0x0000000609c00000, 0x0000000609c00000, 0x000000060a000000|  0%| F|  |TAMS 0x0000000609c00000, 0x0000000609c00000| Untracked 
|  37|0x000000060a000000, 0x000000060a000000, 0x000000060a400000|  0%| F|  |TAMS 0x000000060a000000, 0x000000060a000000| Untracked 
|  38|0x000000060a400000, 0x000000060a400000, 0x000000060a800000|  0%| F|  |TAMS 0x000000060a400000, 0x000000060a400000| Untracked 
|  39|0x000000060a800000, 0x000000060a800000, 0x000000060ac00000|  0%| F|  |TAMS 0x000000060a800000, 0x000000060a800000| Untracked 
|  40|0x000000060ac00000, 0x000000060ac00000, 0x000000060b000000|  0%| F|  |TAMS 0x000000060ac00000, 0x000000060ac00000| Untracked 
|  41|0x000000060b000000, 0x000000060b000000, 0x000000060b400000|  0%| F|  |TAMS 0x000000060b000000, 0x000000060b000000| Untracked 
|  42|0x000000060b400000, 0x000000060b400000, 0x000000060b800000|  0%| F|  |TAMS 0x000000060b400000, 0x000000060b400000| Untracked 
|  43|0x000000060b800000, 0x000000060b800000, 0x000000060bc00000|  0%| F|  |TAMS 0x000000060b800000, 0x000000060b800000| Untracked 
|  44|0x000000060bc00000, 0x000000060bc00000, 0x000000060c000000|  0%| F|  |TAMS 0x000000060bc00000, 0x000000060bc00000| Untracked 
|  45|0x000000060c000000, 0x000000060c000000, 0x000000060c400000|  0%| F|  |TAMS 0x000000060c000000, 0x000000060c000000| Untracked 
|  46|0x000000060c400000, 0x000000060c400000, 0x000000060c800000|  0%| F|  |TAMS 0x000000060c400000, 0x000000060c400000| Untracked 
|  47|0x000000060c800000, 0x000000060c800000, 0x000000060cc00000|  0%| F|  |TAMS 0x000000060c800000, 0x000000060c800000| Untracked 
|  48|0x000000060cc00000, 0x000000060cc00000, 0x000000060d000000|  0%| F|  |TAMS 0x000000060cc00000, 0x000000060cc00000| Untracked 
|  49|0x000000060d000000, 0x000000060d000000, 0x000000060d400000|  0%| F|  |TAMS 0x000000060d000000, 0x000000060d000000| Untracked 
|  50|0x000000060d400000, 0x000000060d400000, 0x000000060d800000|  0%| F|  |TAMS 0x000000060d400000, 0x000000060d400000| Untracked 
|  51|0x000000060d800000, 0x000000060d800000, 0x000000060dc00000|  0%| F|  |TAMS 0x000000060d800000, 0x000000060d800000| Untracked 
|  52|0x000000060dc00000, 0x000000060dc00000, 0x000000060e000000|  0%| F|  |TAMS 0x000000060dc00000, 0x000000060dc00000| Untracked 
|  53|0x000000060e000000, 0x000000060e000000, 0x000000060e400000|  0%| F|  |TAMS 0x000000060e000000, 0x000000060e000000| Untracked 
|  54|0x000000060e400000, 0x000000060e400000, 0x000000060e800000|  0%| F|  |TAMS 0x000000060e400000, 0x000000060e400000| Untracked 
|  55|0x000000060e800000, 0x000000060e800000, 0x000000060ec00000|  0%| F|  |TAMS 0x000000060e800000, 0x000000060e800000| Untracked 
|  56|0x000000060ec00000, 0x000000060ec00000, 0x000000060f000000|  0%| F|  |TAMS 0x000000060ec00000, 0x000000060ec00000| Untracked 
|  57|0x000000060f000000, 0x000000060f000000, 0x000000060f400000|  0%| F|  |TAMS 0x000000060f000000, 0x000000060f000000| Untracked 
|  58|0x000000060f400000, 0x000000060f400000, 0x000000060f800000|  0%| F|  |TAMS 0x000000060f400000, 0x000000060f400000| Untracked 
|  59|0x000000060f800000, 0x000000060f800000, 0x000000060fc00000|  0%| F|  |TAMS 0x000000060f800000, 0x000000060f800000| Untracked 
|  60|0x000000060fc00000, 0x000000060fc00000, 0x0000000610000000|  0%| F|  |TAMS 0x000000060fc00000, 0x000000060fc00000| Untracked 
|  61|0x0000000610000000, 0x0000000610000000, 0x0000000610400000|  0%| F|  |TAMS 0x0000000610000000, 0x0000000610000000| Untracked 
|  62|0x0000000610400000, 0x0000000610400000, 0x0000000610800000|  0%| F|  |TAMS 0x0000000610400000, 0x0000000610400000| Untracked 
|  63|0x0000000610800000, 0x0000000610800000, 0x0000000610c00000|  0%| F|  |TAMS 0x0000000610800000, 0x0000000610800000| Untracked 
|  64|0x0000000610c00000, 0x0000000610c00000, 0x0000000611000000|  0%| F|  |TAMS 0x0000000610c00000, 0x0000000610c00000| Untracked 
|  65|0x0000000611000000, 0x0000000611000000, 0x0000000611400000|  0%| F|  |TAMS 0x0000000611000000, 0x0000000611000000| Untracked 
|  66|0x0000000611400000, 0x0000000611400000, 0x0000000611800000|  0%| F|  |TAMS 0x0000000611400000, 0x0000000611400000| Untracked 
|  67|0x0000000611800000, 0x0000000611800000, 0x0000000611c00000|  0%| F|  |TAMS 0x0000000611800000, 0x0000000611800000| Untracked 
|  68|0x0000000611c00000, 0x0000000611c00000, 0x0000000612000000|  0%| F|  |TAMS 0x0000000611c00000, 0x0000000611c00000| Untracked 
|  69|0x0000000612000000, 0x0000000612000000, 0x0000000612400000|  0%| F|  |TAMS 0x0000000612000000, 0x0000000612000000| Untracked 
|  70|0x0000000612400000, 0x0000000612400000, 0x0000000612800000|  0%| F|  |TAMS 0x0000000612400000, 0x0000000612400000| Untracked 
|  71|0x0000000612800000, 0x0000000612800000, 0x0000000612c00000|  0%| F|  |TAMS 0x0000000612800000, 0x0000000612800000| Untracked 
|  72|0x0000000612c00000, 0x0000000612c00000, 0x0000000613000000|  0%| F|  |TAMS 0x0000000612c00000, 0x0000000612c00000| Untracked 
|  73|0x0000000613000000, 0x0000000613000000, 0x0000000613400000|  0%| F|  |TAMS 0x0000000613000000, 0x0000000613000000| Untracked 
|  74|0x0000000613400000, 0x0000000613400000, 0x0000000613800000|  0%| F|  |TAMS 0x0000000613400000, 0x0000000613400000| Untracked 
|  75|0x0000000613800000, 0x0000000613800000, 0x0000000613c00000|  0%| F|  |TAMS 0x0000000613800000, 0x0000000613800000| Untracked 
|  76|0x0000000613c00000, 0x0000000613c00000, 0x0000000614000000|  0%| F|  |TAMS 0x0000000613c00000, 0x0000000613c00000| Untracked 
|  77|0x0000000614000000, 0x0000000614000000, 0x0000000614400000|  0%| F|  |TAMS 0x0000000614000000, 0x0000000614000000| Untracked 
|  78|0x0000000614400000, 0x0000000614400000, 0x0000000614800000|  0%| F|  |TAMS 0x0000000614400000, 0x0000000614400000| Untracked 
|  79|0x0000000614800000, 0x0000000614800000, 0x0000000614c00000|  0%| F|  |TAMS 0x0000000614800000, 0x0000000614800000| Untracked 
|  80|0x0000000614c00000, 0x0000000614e00800, 0x0000000615000000| 50%| E|  |TAMS 0x0000000614c00000, 0x0000000614c00000| Complete 
|  81|0x0000000615000000, 0x0000000615400000, 0x0000000615400000|100%| E|CS|TAMS 0x0000000615000000, 0x0000000615000000| Complete 
|  82|0x0000000615400000, 0x0000000615800000, 0x0000000615800000|100%| E|CS|TAMS 0x0000000615400000, 0x0000000615400000| Complete 
|  83|0x0000000615800000, 0x0000000615c00000, 0x0000000615c00000|100%| E|CS|TAMS 0x0000000615800000, 0x0000000615800000| Complete 
|  84|0x0000000615c00000, 0x0000000616000000, 0x0000000616000000|100%| E|CS|TAMS 0x0000000615c00000, 0x0000000615c00000| Complete 
|  85|0x0000000616000000, 0x0000000616400000, 0x0000000616400000|100%| E|CS|TAMS 0x0000000616000000, 0x0000000616000000| Complete 
|  86|0x0000000616400000, 0x0000000616800000, 0x0000000616800000|100%| E|CS|TAMS 0x0000000616400000, 0x0000000616400000| Complete 
|  87|0x0000000616800000, 0x0000000616c00000, 0x0000000616c00000|100%| E|CS|TAMS 0x0000000616800000, 0x0000000616800000| Complete 
|  88|0x0000000616c00000, 0x0000000617000000, 0x0000000617000000|100%| E|CS|TAMS 0x0000000616c00000, 0x0000000616c00000| Complete 
|  89|0x0000000617000000, 0x0000000617400000, 0x0000000617400000|100%| E|CS|TAMS 0x0000000617000000, 0x0000000617000000| Complete 
|  90|0x0000000617400000, 0x0000000617800000, 0x0000000617800000|100%| E|CS|TAMS 0x0000000617400000, 0x0000000617400000| Complete 
|  91|0x0000000617800000, 0x0000000617c00000, 0x0000000617c00000|100%| E|CS|TAMS 0x0000000617800000, 0x0000000617800000| Complete 
|  92|0x0000000617c00000, 0x0000000618000000, 0x0000000618000000|100%| E|CS|TAMS 0x0000000617c00000, 0x0000000617c00000| Complete 
|  93|0x0000000618000000, 0x0000000618400000, 0x0000000618400000|100%| E|CS|TAMS 0x0000000618000000, 0x0000000618000000| Complete 
|  94|0x0000000618400000, 0x0000000618800000, 0x0000000618800000|100%| E|CS|TAMS 0x0000000618400000, 0x0000000618400000| Complete 
|  95|0x0000000618800000, 0x0000000618c00000, 0x0000000618c00000|100%| E|CS|TAMS 0x0000000618800000, 0x0000000618800000| Complete 
|  96|0x0000000618c00000, 0x0000000619000000, 0x0000000619000000|100%| E|CS|TAMS 0x0000000618c00000, 0x0000000618c00000| Complete 
|  97|0x0000000619000000, 0x0000000619400000, 0x0000000619400000|100%| E|CS|TAMS 0x0000000619000000, 0x0000000619000000| Complete 
|  98|0x0000000619400000, 0x0000000619800000, 0x0000000619800000|100%| E|CS|TAMS 0x0000000619400000, 0x0000000619400000| Complete 
|  99|0x0000000619800000, 0x0000000619c00000, 0x0000000619c00000|100%| E|CS|TAMS 0x0000000619800000, 0x0000000619800000| Complete 
| 100|0x0000000619c00000, 0x000000061a000000, 0x000000061a000000|100%| E|CS|TAMS 0x0000000619c00000, 0x0000000619c00000| Complete 
| 101|0x000000061a000000, 0x000000061a400000, 0x000000061a400000|100%| E|CS|TAMS 0x000000061a000000, 0x000000061a000000| Complete 
| 102|0x000000061a400000, 0x000000061a800000, 0x000000061a800000|100%| E|CS|TAMS 0x000000061a400000, 0x000000061a400000| Complete 
| 103|0x000000061a800000, 0x000000061ac00000, 0x000000061ac00000|100%| E|CS|TAMS 0x000000061a800000, 0x000000061a800000| Complete 
| 104|0x000000061ac00000, 0x000000061b000000, 0x000000061b000000|100%| E|CS|TAMS 0x000000061ac00000, 0x000000061ac00000| Complete 
| 105|0x000000061b000000, 0x000000061b400000, 0x000000061b400000|100%| E|CS|TAMS 0x000000061b000000, 0x000000061b000000| Complete 
| 106|0x000000061b400000, 0x000000061b800000, 0x000000061b800000|100%| E|CS|TAMS 0x000000061b400000, 0x000000061b400000| Complete 
| 107|0x000000061b800000, 0x000000061bc00000, 0x000000061bc00000|100%| E|CS|TAMS 0x000000061b800000, 0x000000061b800000| Complete 
| 108|0x000000061bc00000, 0x000000061c000000, 0x000000061c000000|100%| E|CS|TAMS 0x000000061bc00000, 0x000000061bc00000| Complete 
| 109|0x000000061c000000, 0x000000061c400000, 0x000000061c400000|100%| E|CS|TAMS 0x000000061c000000, 0x000000061c000000| Complete 
| 110|0x000000061c400000, 0x000000061c800000, 0x000000061c800000|100%| E|CS|TAMS 0x000000061c400000, 0x000000061c400000| Complete 
| 111|0x000000061c800000, 0x000000061cc00000, 0x000000061cc00000|100%| E|CS|TAMS 0x000000061c800000, 0x000000061c800000| Complete 
| 112|0x000000061cc00000, 0x000000061d000000, 0x000000061d000000|100%| E|CS|TAMS 0x000000061cc00000, 0x000000061cc00000| Complete 
| 113|0x000000061d000000, 0x000000061d400000, 0x000000061d400000|100%| E|CS|TAMS 0x000000061d000000, 0x000000061d000000| Complete 
| 114|0x000000061d400000, 0x000000061d800000, 0x000000061d800000|100%| E|CS|TAMS 0x000000061d400000, 0x000000061d400000| Complete 
| 115|0x000000061d800000, 0x000000061dc00000, 0x000000061dc00000|100%| E|CS|TAMS 0x000000061d800000, 0x000000061d800000| Complete 
| 116|0x000000061dc00000, 0x000000061e000000, 0x000000061e000000|100%| E|CS|TAMS 0x000000061dc00000, 0x000000061dc00000| Complete 
| 117|0x000000061e000000, 0x000000061e16e700, 0x000000061e400000| 35%| S|CS|TAMS 0x000000061e000000, 0x000000061e000000| Complete 
| 118|0x000000061e400000, 0x000000061e800000, 0x000000061e800000|100%| S|CS|TAMS 0x000000061e400000, 0x000000061e400000| Complete 
| 119|0x000000061e800000, 0x000000061ec00000, 0x000000061ec00000|100%| E|CS|TAMS 0x000000061e800000, 0x000000061e800000| Complete 
| 120|0x000000061ec00000, 0x000000061f000000, 0x000000061f000000|100%| E|CS|TAMS 0x000000061ec00000, 0x000000061ec00000| Complete 
| 121|0x000000061f000000, 0x000000061f400000, 0x000000061f400000|100%| E|CS|TAMS 0x000000061f000000, 0x000000061f000000| Complete 
| 122|0x000000061f400000, 0x000000061f800000, 0x000000061f800000|100%| E|CS|TAMS 0x000000061f400000, 0x000000061f400000| Complete 
| 123|0x000000061f800000, 0x000000061fc00000, 0x000000061fc00000|100%| E|CS|TAMS 0x000000061f800000, 0x000000061f800000| Complete 
| 124|0x000000061fc00000, 0x0000000620000000, 0x0000000620000000|100%| E|CS|TAMS 0x000000061fc00000, 0x000000061fc00000| Complete 
| 125|0x0000000620000000, 0x0000000620400000, 0x0000000620400000|100%| E|CS|TAMS 0x0000000620000000, 0x0000000620000000| Complete 
| 126|0x0000000620400000, 0x0000000620800000, 0x0000000620800000|100%| E|CS|TAMS 0x0000000620400000, 0x0000000620400000| Complete 
| 127|0x0000000620800000, 0x0000000620c00000, 0x0000000620c00000|100%| E|CS|TAMS 0x0000000620800000, 0x0000000620800000| Complete 

Card table byte_map: [0x00000238fbe40000,0x00000238fce40000] _byte_map_base: 0x00000238f8e3a000

Marking Bits (Prev, Next): (CMBitMap*) 0x00000238e3ea3a20, (CMBitMap*) 0x00000238e3ea3a60
 Prev Bits: [0x0000023880000000, 0x0000023887fd0000)
 Next Bits: [0x0000023887fd0000, 0x000002388ffa0000)

Polling page: 0x00000238e1dc0000

Metaspace:

Usage:
  Non-class:      8.81 MB used.
      Class:    482.64 KB used.
       Both:      9.28 MB used.

Virtual space:
  Non-class space:       16.00 MB reserved,       8.94 MB ( 56%) committed,  2 nodes.
      Class space:        1.00 GB reserved,     576.00 KB ( <1%) committed,  1 nodes.
              Both:        1.02 GB reserved,       9.50 MB ( <1%) committed. 

Chunk freelists:
   Non-Class:  1.61 MB
       Class:  3.41 MB
        Both:  5.02 MB

MaxMetaspaceSize: 17179869184.00 GB
CompressedClassSpaceSize: 1.00 GB
 - commit_granule_bytes: 65536.
 - commit_granule_words: 8192.
 - virtual_space_node_default_size: 1048576.
 - enlarge_chunks_in_place: 1.
 - new_chunks_are_fully_committed: 0.
 - uncommit_free_chunks: 1.
 - use_allocation_guard: 0.
 - handle_deallocations: 1.


Internal statistics:

num_allocs_failed_limit: 0.
num_arena_births: 86.
num_arena_deaths: 0.
num_vsnodes_births: 3.
num_vsnodes_deaths: 0.
num_space_committed: 150.
num_space_uncommitted: 0.
num_chunks_returned_to_freelist: 0.
num_chunks_taken_from_freelist: 343.
num_chunk_merges: 0.
num_chunk_splits: 271.
num_chunks_enlarged: 220.
num_purges: 0.

CodeHeap 'non-profiled nmethods': size=119168Kb used=795Kb max_used=795Kb free=118372Kb
 bounds [0x00000238f3150000, 0x00000238f33c0000, 0x00000238fa5b0000]
CodeHeap 'profiled nmethods': size=119104Kb used=3171Kb max_used=3171Kb free=115932Kb
 bounds [0x00000238ebd00000, 0x00000238ec020000, 0x00000238f3150000]
CodeHeap 'non-nmethods': size=7488Kb used=1678Kb max_used=3402Kb free=5809Kb
 bounds [0x00000238eb5b0000, 0x00000238eb910000, 0x00000238ebd00000]
 total_blobs=2849 nmethods=1726 adapters=1036
 compilation: enabled
              stopped_count=0, restarted_count=0
 full_count=0

Compilation events (20 events):
Event: 3.707 Thread 0x0000023890f7aba0 1717       4       java.lang.invoke.Invokers$Holder::linkToTargetMethod (9 bytes)
Event: 3.707 Thread 0x0000023890f7aba0 nmethod 1717 0x00000238f3214310 code [0x00000238f32144a0, 0x00000238f3214558]
Event: 3.714 Thread 0x0000023890f7aba0 1718       4       java.lang.invoke.LambdaForm$MH/0x0000000800c80800::invoke (25 bytes)
Event: 3.714 Thread 0x0000023890f7aba0 nmethod 1718 0x00000238f3214690 code [0x00000238f3214820, 0x00000238f3214918]
Event: 3.714 Thread 0x0000023890f7aba0 1719       4       java.lang.invoke.DirectMethodHandle$Holder::invokeStatic (15 bytes)
Event: 3.715 Thread 0x0000023890f7aba0 nmethod 1719 0x00000238f3214a90 code [0x00000238f3214c20, 0x00000238f3214ce8]
Event: 3.721 Thread 0x0000023890f7aba0 1720       4       org.joml.Matrix4f::translation (35 bytes)
Event: 3.721 Thread 0x0000023890f7aba0 nmethod 1720 0x00000238f3214e10 code [0x00000238f3214fa0, 0x00000238f3215078]
Event: 3.735 Thread 0x0000023890f7aba0 1721       4       org.joml.Matrix4f::rotateX (63 bytes)
Event: 3.736 Thread 0x0000023890f7aba0 nmethod 1721 0x00000238f3215110 code [0x00000238f32152e0, 0x00000238f3215578]
Event: 3.741 Thread 0x0000023890f7aba0 1722       4       java.util.ImmutableCollections$ListN::size (6 bytes)
Event: 3.742 Thread 0x0000023890f7aba0 nmethod 1722 0x00000238f3215790 code [0x00000238f3215920, 0x00000238f32159b8]
Event: 3.762 Thread 0x0000023890f7aba0 1723       4       java.lang.StringConcatHelper::simpleConcat (94 bytes)
Event: 3.766 Thread 0x0000023890f7aba0 nmethod 1723 0x00000238f3215a90 code [0x00000238f3215c60, 0x00000238f3216218]
Event: 3.776 Thread 0x0000023891900080 1724       3       com.salami.dragon.engine.render.context.DepthContext::render (262 bytes)
Event: 3.777 Thread 0x0000023891900080 nmethod 1724 0x00000238ec013290 code [0x00000238ec0136c0, 0x00000238ec0151f8]
Event: 3.777 Thread 0x0000023891900080 1725       3       com.salami.dragon.engine.render.context.WorldContext::render (228 bytes)
Event: 3.778 Thread 0x0000023891900080 nmethod 1725 0x00000238ec015e10 code [0x00000238ec016260, 0x00000238ec0181f8]
Event: 3.790 Thread 0x0000023890f7aba0 1726       4       org.joml.Matrix4f::scale (9 bytes)
Event: 3.791 Thread 0x0000023890f7aba0 nmethod 1726 0x00000238f3216790 code [0x00000238f3216920, 0x00000238f3216ab8]

GC Heap History (6 events):
Event: 0.948 GC heap before
{Heap before GC invocations=0 (full 0):
 garbage-first heap   total 524288K, used 24576K [0x0000000600c00000, 0x0000000800000000)
  region size 4096K, 6 young (24576K), 0 survivors (0K)
 Metaspace       used 7348K, committed 7552K, reserved 1064960K
  class space    used 391K, committed 512K, reserved 1048576K
}
Event: 0.951 GC heap after
{Heap after GC invocations=1 (full 0):
 garbage-first heap   total 524288K, used 6691K [0x0000000600c00000, 0x0000000800000000)
  region size 4096K, 1 young (4096K), 1 survivors (4096K)
 Metaspace       used 7348K, committed 7552K, reserved 1064960K
  class space    used 391K, committed 512K, reserved 1048576K
}
Event: 1.000 GC heap before
{Heap before GC invocations=1 (full 0):
 garbage-first heap   total 524288K, used 35363K [0x0000000600c00000, 0x0000000800000000)
  region size 4096K, 8 young (32768K), 1 survivors (4096K)
 Metaspace       used 7491K, committed 7680K, reserved 1064960K
  class space    used 392K, committed 512K, reserved 1048576K
}
Event: 1.003 GC heap after
{Heap after GC invocations=2 (full 0):
 garbage-first heap   total 524288K, used 14054K [0x0000000600c00000, 0x0000000800000000)
  region size 4096K, 1 young (4096K), 1 survivors (4096K)
 Metaspace       used 7491K, committed 7680K, reserved 1064960K
  class space    used 392K, committed 512K, reserved 1048576K
}
Event: 1.042 GC heap before
{Heap before GC invocations=2 (full 0):
 garbage-first heap   total 524288K, used 46822K [0x0000000600c00000, 0x0000000800000000)
  region size 4096K, 9 young (36864K), 1 survivors (4096K)
 Metaspace       used 7672K, committed 7872K, reserved 1064960K
  class space    used 406K, committed 512K, reserved 1048576K
}
Event: 1.044 GC heap after
{Heap after GC invocations=3 (full 0):
 garbage-first heap   total 524288K, used 15519K [0x0000000600c00000, 0x0000000800000000)
  region size 4096K, 2 young (8192K), 2 survivors (8192K)
 Metaspace       used 7672K, committed 7872K, reserved 1064960K
  class space    used 406K, committed 512K, reserved 1048576K
}

Deoptimization events (20 events):
Event: 1.310 Thread 0x00000238e3e31d50 Uncommon trap: trap_request=0xffffffde fr.pc=0x00000238f3192070 relative=0x00000000000000d0
Event: 1.310 Thread 0x00000238e3e31d50 Uncommon trap: reason=class_check action=maybe_recompile pc=0x00000238f3192070 method=java.lang.Character.codePointAt(Ljava/lang/CharSequence;I)I @ 2 c2
Event: 1.310 Thread 0x00000238e3e31d50 DEOPT PACKING pc=0x00000238f3192070 sp=0x000000d50b9fe700
Event: 1.310 Thread 0x00000238e3e31d50 DEOPT UNPACKING pc=0x00000238eb5fd72e sp=0x000000d50b9fe698 mode 2
Event: 2.339 Thread 0x00000238e3e31d50 Uncommon trap: trap_request=0xffffffde fr.pc=0x00000238f320e2b0 relative=0x0000000000000110
Event: 2.339 Thread 0x00000238e3e31d50 Uncommon trap: reason=class_check action=maybe_recompile pc=0x00000238f320e2b0 method=jdk.internal.misc.Unsafe.allocateUninitializedArray(Ljava/lang/Class;I)Ljava/lang/Object; @ 51 c2
Event: 2.339 Thread 0x00000238e3e31d50 DEOPT PACKING pc=0x00000238f320e2b0 sp=0x000000d50b9fed00
Event: 2.339 Thread 0x00000238e3e31d50 DEOPT UNPACKING pc=0x00000238eb5fd72e sp=0x000000d50b9fec88 mode 2
Event: 2.339 Thread 0x00000238e3e31d50 Uncommon trap: trap_request=0xffffffde fr.pc=0x00000238f320e2b0 relative=0x0000000000000110
Event: 2.339 Thread 0x00000238e3e31d50 Uncommon trap: reason=class_check action=maybe_recompile pc=0x00000238f320e2b0 method=jdk.internal.misc.Unsafe.allocateUninitializedArray(Ljava/lang/Class;I)Ljava/lang/Object; @ 51 c2
Event: 2.339 Thread 0x00000238e3e31d50 DEOPT PACKING pc=0x00000238f320e2b0 sp=0x000000d50b9fed00
Event: 2.339 Thread 0x00000238e3e31d50 DEOPT UNPACKING pc=0x00000238eb5fd72e sp=0x000000d50b9fec88 mode 2
Event: 2.339 Thread 0x00000238e3e31d50 Uncommon trap: trap_request=0xffffffde fr.pc=0x00000238f320e2b0 relative=0x0000000000000110
Event: 2.339 Thread 0x00000238e3e31d50 Uncommon trap: reason=class_check action=maybe_recompile pc=0x00000238f320e2b0 method=jdk.internal.misc.Unsafe.allocateUninitializedArray(Ljava/lang/Class;I)Ljava/lang/Object; @ 51 c2
Event: 2.339 Thread 0x00000238e3e31d50 DEOPT PACKING pc=0x00000238f320e2b0 sp=0x000000d50b9fed00
Event: 2.339 Thread 0x00000238e3e31d50 DEOPT UNPACKING pc=0x00000238eb5fd72e sp=0x000000d50b9fec88 mode 2
Event: 2.339 Thread 0x00000238e3e31d50 Uncommon trap: trap_request=0xffffffde fr.pc=0x00000238f320e2b0 relative=0x0000000000000110
Event: 2.339 Thread 0x00000238e3e31d50 Uncommon trap: reason=class_check action=maybe_recompile pc=0x00000238f320e2b0 method=jdk.internal.misc.Unsafe.allocateUninitializedArray(Ljava/lang/Class;I)Ljava/lang/Object; @ 51 c2
Event: 2.339 Thread 0x00000238e3e31d50 DEOPT PACKING pc=0x00000238f320e2b0 sp=0x000000d50b9fedb0
Event: 2.339 Thread 0x00000238e3e31d50 DEOPT UNPACKING pc=0x00000238eb5fd72e sp=0x000000d50b9fed38 mode 2

Classes unloaded (0 events):
No events

Classes redefined (0 events):
No events

Internal exceptions (20 events):
Event: 0.122 Thread 0x00000238e3e31d50 Exception <a 'java/lang/NoSuchMethodError'{0x00000006206dd990}: 'void java.lang.invoke.DelegatingMethodHandle$Holder.delegate(java.lang.Object, java.lang.Object, int, java.lang.Object)'> (0x00000006206dd990) 
thrown [t:\workspace\open\src\hotspot\share\interpreter\linkResolver.cpp, line 790]
Event: 0.123 Thread 0x00000238e3e31d50 Exception <a 'java/lang/NoSuchMethodError'{0x00000006206e1ae0}: 'int java.lang.invoke.DirectMethodHandle$Holder.invokeSpecial(java.lang.Object, java.lang.Object, java.lang.Object)'> (0x00000006206e1ae0) 
thrown [t:\workspace\open\src\hotspot\share\interpreter\linkResolver.cpp, line 790]
Event: 0.146 Thread 0x00000238e3e31d50 Exception <a 'sun/nio/fs/WindowsException'{0x000000062074e040}> (0x000000062074e040) 
thrown [t:\workspace\open\src\hotspot\share\prims\jni.cpp, line 579]
Event: 0.146 Thread 0x00000238e3e31d50 Exception <a 'sun/nio/fs/WindowsException'{0x000000062074e598}> (0x000000062074e598) 
thrown [t:\workspace\open\src\hotspot\share\prims\jni.cpp, line 579]
Event: 0.163 Thread 0x00000238e3e31d50 Exception <a 'sun/nio/fs/WindowsException'{0x00000006207ecec8}> (0x00000006207ecec8) 
thrown [t:\workspace\open\src\hotspot\share\prims\jni.cpp, line 579]
Event: 0.163 Thread 0x00000238e3e31d50 Exception <a 'sun/nio/fs/WindowsException'{0x00000006207ed238}> (0x00000006207ed238) 
thrown [t:\workspace\open\src\hotspot\share\prims\jni.cpp, line 579]
Event: 0.726 Thread 0x00000238e3e31d50 Exception <a 'sun/nio/fs/WindowsException'{0x000000062007b708}> (0x000000062007b708) 
thrown [t:\workspace\open\src\hotspot\share\prims\jni.cpp, line 579]
Event: 0.726 Thread 0x00000238e3e31d50 Exception <a 'sun/nio/fs/WindowsException'{0x000000062007bab8}> (0x000000062007bab8) 
thrown [t:\workspace\open\src\hotspot\share\prims\jni.cpp, line 579]
Event: 0.729 Thread 0x00000238e3e31d50 Exception <a 'sun/nio/fs/WindowsException'{0x00000006200884c8}> (0x00000006200884c8) 
thrown [t:\workspace\open\src\hotspot\share\prims\jni.cpp, line 579]
Event: 0.729 Thread 0x00000238e3e31d50 Exception <a 'sun/nio/fs/WindowsException'{0x00000006200887b0}> (0x00000006200887b0) 
thrown [t:\workspace\open\src\hotspot\share\prims\jni.cpp, line 579]
Event: 1.287 Thread 0x00000238e3e31d50 Exception <a 'sun/nio/fs/WindowsException'{0x0000000615bf5150}> (0x0000000615bf5150) 
thrown [t:\workspace\open\src\hotspot\share\prims\jni.cpp, line 579]
Event: 1.287 Thread 0x00000238e3e31d50 Exception <a 'sun/nio/fs/WindowsException'{0x0000000615bf54d8}> (0x0000000615bf54d8) 
thrown [t:\workspace\open\src\hotspot\share\prims\jni.cpp, line 579]
Event: 1.317 Thread 0x00000238e3e31d50 Exception <a 'sun/nio/fs/WindowsException'{0x00000006154b4c90}> (0x00000006154b4c90) 
thrown [t:\workspace\open\src\hotspot\share\prims\jni.cpp, line 579]
Event: 1.317 Thread 0x00000238e3e31d50 Exception <a 'sun/nio/fs/WindowsException'{0x00000006154b4e08}> (0x00000006154b4e08) 
thrown [t:\workspace\open\src\hotspot\share\prims\jni.cpp, line 579]
Event: 1.322 Thread 0x00000238e3e31d50 Exception <a 'sun/nio/fs/WindowsException'{0x00000006154e2bf0}> (0x00000006154e2bf0) 
thrown [t:\workspace\open\src\hotspot\share\prims\jni.cpp, line 579]
Event: 1.322 Thread 0x00000238e3e31d50 Exception <a 'sun/nio/fs/WindowsException'{0x00000006154e2f78}> (0x00000006154e2f78) 
thrown [t:\workspace\open\src\hotspot\share\prims\jni.cpp, line 579]
Event: 1.325 Thread 0x00000238e3e31d50 Exception <a 'sun/nio/fs/WindowsException'{0x00000006154ebe40}> (0x00000006154ebe40) 
thrown [t:\workspace\open\src\hotspot\share\prims\jni.cpp, line 579]
Event: 1.325 Thread 0x00000238e3e31d50 Exception <a 'sun/nio/fs/WindowsException'{0x00000006154ebfb8}> (0x00000006154ebfb8) 
thrown [t:\workspace\open\src\hotspot\share\prims\jni.cpp, line 579]
Event: 1.382 Thread 0x00000238e3e31d50 Exception <a 'java/lang/NoSuchMethodError'{0x000000061510f948}: 'void java.lang.invoke.DirectMethodHandle$Holder.invokeSpecial(java.lang.Object, java.lang.Object, java.lang.Object, java.lang.Object, java.lang.Object)'> (0x000000061510f948) 
thrown [t:\workspace\open\src\hotspot\share\interpreter\linkResolver.cpp, line 790]
Event: 1.384 Thread 0x00000238e3e31d50 Exception <a 'java/lang/NoSuchMethodError'{0x0000000615124458}: 'java.lang.Object java.lang.invoke.DirectMethodHandle$Holder.newInvokeSpecial(java.lang.Object, java.lang.Object, java.lang.Object, java.lang.Object, java.lang.Object)'> (0x0000000615124458) 
thrown [t:\workspace\open\src\hotspot\share\interpreter\linkResolver.cpp, line 790]

Events (20 events):
Event: 1.335 loading class java/lang/StrictMath done
Event: 1.336 loading class java/lang/NumberFormatException
Event: 1.337 loading class java/lang/NumberFormatException done
Event: 1.345 loading class java/lang/SecurityException
Event: 1.345 loading class java/lang/SecurityException done
Event: 1.346 loading class jdk/internal/access/foreign/MemorySegmentProxy
Event: 1.346 loading class jdk/internal/access/foreign/MemorySegmentProxy done
Event: 1.382 Thread 0x00000238993d3950 Thread exited: 0x00000238993d3950
Event: 1.602 Thread 0x00000238993d33f0 Thread exited: 0x00000238993d33f0
Event: 1.686 Thread 0x00000238993d2920 Thread exited: 0x00000238993d2920
Event: 1.686 Thread 0x000002389944efb0 Thread exited: 0x000002389944efb0
Event: 1.686 Thread 0x00000238992797b0 Thread exited: 0x00000238992797b0
Event: 1.686 Thread 0x0000023898e08370 Thread exited: 0x0000023898e08370
Event: 2.052 Executing  VM operation: Cleanup
Event: 2.052 Executing  VM operation: Cleanup done
Event: 3.066 Executing  VM operation: Cleanup
Event: 3.066 Executing  VM operation: Cleanup done
Event: 3.707 Thread 0x0000023891a19310 Thread exited: 0x0000023891a19310
Event: 3.714 Thread 0x0000023891a10540 Thread exited: 0x0000023891a10540
Event: 3.721 Thread 0x0000023891a0ee60 Thread exited: 0x0000023891a0ee60


Dynamic libraries:
0x00007ff63df50000 - 0x00007ff63df60000 	C:\Program Files\Java\jdk-16.0.2\bin\java.exe
0x00007ffca89b0000 - 0x00007ffca8ba5000 	C:\WINDOWS\SYSTEM32\ntdll.dll
0x00007ffca79c0000 - 0x00007ffca7a7d000 	C:\WINDOWS\System32\KERNEL32.DLL
0x00007ffca64f0000 - 0x00007ffca67b9000 	C:\WINDOWS\System32\KERNELBASE.dll
0x00007ffca62e0000 - 0x00007ffca63e0000 	C:\WINDOWS\System32\ucrtbase.dll
0x00007ffca3010000 - 0x00007ffca3028000 	C:\Program Files\Java\jdk-16.0.2\bin\jli.dll
0x00007ffca3420000 - 0x00007ffca3439000 	C:\Program Files\Java\jdk-16.0.2\bin\VCRUNTIME140.dll
0x00007ffca7f40000 - 0x00007ffca7fec000 	C:\WINDOWS\System32\ADVAPI32.dll
0x00007ffca7770000 - 0x00007ffca780e000 	C:\WINDOWS\System32\msvcrt.dll
0x00007ffca7810000 - 0x00007ffca78ab000 	C:\WINDOWS\System32\sechost.dll
0x00007ffca7d70000 - 0x00007ffca7e9a000 	C:\WINDOWS\System32\RPCRT4.dll
0x00007ffca7bd0000 - 0x00007ffca7d70000 	C:\WINDOWS\System32\USER32.dll
0x00007ffc87540000 - 0x00007ffc877da000 	C:\WINDOWS\WinSxS\amd64_microsoft.windows.common-controls_6595b64144ccf1df_6.0.19041.1110_none_60b5254171f9507e\COMCTL32.dll
0x00007ffca6170000 - 0x00007ffca6192000 	C:\WINDOWS\System32\win32u.dll
0x00007ffca7740000 - 0x00007ffca776a000 	C:\WINDOWS\System32\GDI32.dll
0x00007ffca63e0000 - 0x00007ffca64eb000 	C:\WINDOWS\System32\gdi32full.dll
0x00007ffca6810000 - 0x00007ffca68ad000 	C:\WINDOWS\System32\msvcp_win.dll
0x00007ffca1b20000 - 0x00007ffca1b2a000 	C:\WINDOWS\SYSTEM32\VERSION.dll
0x00007ffca88e0000 - 0x00007ffca8910000 	C:\WINDOWS\System32\IMM32.DLL
0x00007ffca3c40000 - 0x00007ffca3c4c000 	C:\Program Files\Java\jdk-16.0.2\bin\vcruntime140_1.dll
0x00007ffc9ec80000 - 0x00007ffc9ed11000 	C:\Program Files\Java\jdk-16.0.2\bin\msvcp140.dll
0x00007ffc51e80000 - 0x00007ffc52a2b000 	C:\Program Files\Java\jdk-16.0.2\bin\server\jvm.dll
0x00007ffca7f30000 - 0x00007ffca7f38000 	C:\WINDOWS\System32\PSAPI.DLL
0x00007ffc9a880000 - 0x00007ffc9a8a7000 	C:\WINDOWS\SYSTEM32\WINMM.dll
0x00007ffc9e9f0000 - 0x00007ffc9e9f9000 	C:\WINDOWS\SYSTEM32\WSOCK32.dll
0x00007ffca6b80000 - 0x00007ffca6beb000 	C:\WINDOWS\System32\WS2_32.dll
0x00007ffca40a0000 - 0x00007ffca40b2000 	C:\WINDOWS\SYSTEM32\kernel.appcore.dll
0x00007ffca37f0000 - 0x00007ffca37fa000 	C:\Program Files\Java\jdk-16.0.2\bin\jimage.dll
0x00007ffca0b60000 - 0x00007ffca0d44000 	C:\WINDOWS\SYSTEM32\DBGHELP.DLL
0x00007ffca0910000 - 0x00007ffca093c000 	C:\WINDOWS\SYSTEM32\dbgcore.DLL
0x00007ffca6250000 - 0x00007ffca62d3000 	C:\WINDOWS\System32\bcryptPrimitives.dll
0x00007ffca3070000 - 0x00007ffca307e000 	C:\Program Files\Java\jdk-16.0.2\bin\instrument.dll
0x00007ffca1a60000 - 0x00007ffca1a85000 	C:\Program Files\Java\jdk-16.0.2\bin\java.dll
0x00007ffca81a0000 - 0x00007ffca88df000 	C:\WINDOWS\System32\SHELL32.dll
0x00007ffca42a0000 - 0x00007ffca4a30000 	C:\WINDOWS\SYSTEM32\windows.storage.dll
0x00007ffca6c50000 - 0x00007ffca6fa5000 	C:\WINDOWS\System32\combase.dll
0x00007ffca5bd0000 - 0x00007ffca5bfc000 	C:\WINDOWS\SYSTEM32\Wldp.dll
0x00007ffca7910000 - 0x00007ffca79be000 	C:\WINDOWS\System32\SHCORE.dll
0x00007ffca76e0000 - 0x00007ffca7735000 	C:\WINDOWS\System32\shlwapi.dll
0x00007ffca60b0000 - 0x00007ffca60cf000 	C:\WINDOWS\SYSTEM32\profapi.dll
0x00007ffca0010000 - 0x00007ffca0028000 	C:\Program Files\Java\jdk-16.0.2\bin\zip.dll
0x00007ffca1a40000 - 0x00007ffca1a59000 	C:\Program Files\Java\jdk-16.0.2\bin\net.dll
0x00007ffc9d390000 - 0x00007ffc9d498000 	C:\WINDOWS\SYSTEM32\WINHTTP.dll
0x00007ffca5930000 - 0x00007ffca599a000 	C:\WINDOWS\system32\mswsock.dll
0x00007ffca04d0000 - 0x00007ffca04e3000 	C:\Program Files\Java\jdk-16.0.2\bin\nio.dll
0x00007ffc9ff60000 - 0x00007ffc9ff7a000 	C:\Program Files\JetBrains\IntelliJ IDEA Community Edition 2021.2\bin\breakgen64.dll
0x00007ffca2fd0000 - 0x00007ffca2fe0000 	C:\Program Files\Java\jdk-16.0.2\bin\verify.dll
0x00007ffc9ec10000 - 0x00007ffc9ec74000 	C:\Users\conno\AppData\Local\Temp\lwjglconno\3.2.3-build-13\lwjgl.dll
0x00007ffc945e0000 - 0x00007ffc94642000 	C:\Users\conno\AppData\Local\Temp\lwjglconno\3.2.3-build-13\glfw.dll
0x00007ffca3b40000 - 0x00007ffca3bde000 	C:\WINDOWS\system32\uxtheme.dll
0x00007ffc57760000 - 0x00007ffc577a5000 	C:\WINDOWS\SYSTEM32\dinput8.dll
0x00007ffc87b50000 - 0x00007ffc87b61000 	C:\WINDOWS\SYSTEM32\xinput1_4.dll
0x00007ffca67c0000 - 0x00007ffca680e000 	C:\WINDOWS\System32\cfgmgr32.dll
0x00007ffca5f10000 - 0x00007ffca5f44000 	C:\WINDOWS\SYSTEM32\DEVOBJ.dll
0x00007ffca3ec0000 - 0x00007ffca3eef000 	C:\WINDOWS\SYSTEM32\dwmapi.dll
0x00007ffc9d1b0000 - 0x00007ffc9d302000 	C:\WINDOWS\SYSTEM32\inputhost.dll
0x00007ffca6fc0000 - 0x00007ffca708d000 	C:\WINDOWS\System32\OLEAUT32.dll
0x00007ffca38c0000 - 0x00007ffca39b2000 	C:\WINDOWS\SYSTEM32\CoreMessaging.dll
0x00007ffca0d90000 - 0x00007ffca0e86000 	C:\WINDOWS\SYSTEM32\PROPSYS.dll
0x00007ffca2d90000 - 0x00007ffca2ee4000 	C:\WINDOWS\SYSTEM32\wintypes.dll
0x00007ffca3460000 - 0x00007ffca37be000 	C:\WINDOWS\SYSTEM32\CoreUIComponents.dll
0x00007ffca4e70000 - 0x00007ffca4ea3000 	C:\WINDOWS\SYSTEM32\ntmarta.dll
0x00007ffca7140000 - 0x00007ffca7255000 	C:\WINDOWS\System32\MSCTF.dll
0x00007ffca4a30000 - 0x00007ffca4a3d000 	C:\WINDOWS\SYSTEM32\HID.DLL
0x00007ffca7260000 - 0x00007ffca76d2000 	C:\WINDOWS\System32\SETUPAPI.DLL
0x00007ffca6a10000 - 0x00007ffca6a37000 	C:\WINDOWS\System32\bcrypt.dll
0x00007ffca6a40000 - 0x00007ffca6aa0000 	C:\WINDOWS\System32\WINTRUST.dll
0x00007ffca68b0000 - 0x00007ffca6a0f000 	C:\WINDOWS\System32\CRYPT32.dll
0x00007ffca5d50000 - 0x00007ffca5d62000 	C:\WINDOWS\SYSTEM32\MSASN1.dll
0x00007ffc78300000 - 0x00007ffc78425000 	C:\WINDOWS\SYSTEM32\opengl32.dll
0x00007ffca04a0000 - 0x00007ffca04cc000 	C:\WINDOWS\SYSTEM32\GLU32.dll
0x00007ffca7090000 - 0x00007ffca7139000 	C:\WINDOWS\System32\clbcatq.dll
0x00007ffc15bb0000 - 0x00007ffc186c7000 	C:\WINDOWS\System32\DriverStore\FileRepository\nv_dispi.inf_amd64_b8346c359fcd6093\nvoglv64.dll
0x00007ffca7a80000 - 0x00007ffca7baa000 	C:\WINDOWS\System32\ole32.dll
0x00007ffca1c70000 - 0x00007ffca1c84000 	C:\WINDOWS\SYSTEM32\WTSAPI32.dll
0x00007ffca1900000 - 0x00007ffca1931000 	C:\WINDOWS\SYSTEM32\cryptnet.dll
0x00007ffc9f000000 - 0x00007ffc9f14a000 	C:\WINDOWS\SYSTEM32\drvstore.dll
0x00007ffca5b40000 - 0x00007ffca5b4c000 	C:\WINDOWS\SYSTEM32\cryptbase.dll
0x00007ffca2120000 - 0x00007ffca215b000 	C:\WINDOWS\SYSTEM32\dxcore.dll
0x00007ffc7aab0000 - 0x00007ffc7ad73000 	C:\WINDOWS\system32\nvspcap64.dll
0x00007ffca5740000 - 0x00007ffca578b000 	C:\WINDOWS\SYSTEM32\powrprof.dll
0x00007ffca55b0000 - 0x00007ffca55c2000 	C:\WINDOWS\SYSTEM32\UMPDC.dll
0x00007ffca4ee0000 - 0x00007ffca4f3a000 	C:\WINDOWS\SYSTEM32\WINSTA.dll
0x00007ffc98080000 - 0x00007ffc98179000 	C:\WINDOWS\SYSTEM32\textinputframework.dll
0x00007ffc7f2d0000 - 0x00007ffc7f329000 	C:\Users\conno\AppData\Local\Temp\lwjglconno\3.2.3-build-13\lwjgl_opengl.dll
0x00007ffc68570000 - 0x00007ffc6867b000 	C:\Users\conno\AppData\Local\Temp\lwjglconno\3.2.3-build-13\OpenAL.dll
0x00007ffca04f0000 - 0x00007ffca0575000 	C:\WINDOWS\System32\MMDevApi.dll
0x00007ffc872f0000 - 0x00007ffc87471000 	C:\WINDOWS\SYSTEM32\AUDIOSES.DLL
0x00007ffca3cc0000 - 0x00007ffca3cd4000 	C:\WINDOWS\SYSTEM32\resourcepolicyclient.dll
0x00007ffc5b8f0000 - 0x00007ffc5b967000 	C:\Users\conno\AppData\Local\Temp\lwjglconno\3.2.3-build-13\lwjgl_stb.dll

dbghelp: loaded successfully - version: 4.0.5 - missing functions: none
symbol engine: initialized successfully - sym options: 0x614 - pdb path: .;C:\Program Files\Java\jdk-16.0.2\bin;C:\WINDOWS\SYSTEM32;C:\WINDOWS\WinSxS\amd64_microsoft.windows.common-controls_6595b64144ccf1df_6.0.19041.1110_none_60b5254171f9507e;C:\Program Files\Java\jdk-16.0.2\bin\server;C:\Program Files\JetBrains\IntelliJ IDEA Community Edition 2021.2\bin;C:\Users\conno\AppData\Local\Temp\lwjglconno\3.2.3-build-13;C:\WINDOWS\System32\DriverStore\FileRepository\nv_dispi.inf_amd64_b8346c359fcd6093

VM Arguments:
jvm_args: -javaagent:C:\Program Files\JetBrains\IntelliJ IDEA Community Edition 2021.2\lib\idea_rt.jar=52858:C:\Program Files\JetBrains\IntelliJ IDEA Community Edition 2021.2\bin -Dfile.encoding=UTF-8 
java_command: com.salami.dragon.sandbox.Sandbox
java_class_path (initial): C:\Users\conno\OneDrive\Desktop\dragon-engine\target\classes;C:\Users\conno\.m2\repository\org\lwjgl\lwjgl\3.2.3\lwjgl-3.2.3.jar;C:\Users\conno\.m2\repository\org\lwjgl\lwjgl-assimp\3.2.3\lwjgl-assimp-3.2.3.jar;C:\Users\conno\.m2\repository\org\lwjgl\lwjgl-glfw\3.2.3\lwjgl-glfw-3.2.3.jar;C:\Users\conno\.m2\repository\org\lwjgl\lwjgl-openal\3.2.3\lwjgl-openal-3.2.3.jar;C:\Users\conno\.m2\repository\org\lwjgl\lwjgl-opengl\3.2.3\lwjgl-opengl-3.2.3.jar;C:\Users\conno\.m2\repository\org\lwjgl\lwjgl-stb\3.2.3\lwjgl-stb-3.2.3.jar;C:\Users\conno\.m2\repository\org\lwjgl\lwjgl\3.2.3\lwjgl-3.2.3-natives-windows.jar;C:\Users\conno\.m2\repository\org\lwjgl\lwjgl-assimp\3.2.3\lwjgl-assimp-3.2.3-natives-windows.jar;C:\Users\conno\.m2\repository\org\lwjgl\lwjgl-glfw\3.2.3\lwjgl-glfw-3.2.3-natives-windows.jar;C:\Users\conno\.m2\repository\org\lwjgl\lwjgl-openal\3.2.3\lwjgl-openal-3.2.3-natives-windows.jar;C:\Users\conno\.m2\repository\org\lwjgl\lwjgl-opengl\3.2.3\lwjgl-opengl-3.2.3-natives-windows.jar;C:\Users\conno\.m2\repository\org\lwjgl\lwjgl-stb\3.2.3\lwjgl-stb-3.2.3-natives-windows.jar;C:\Users\conno\.m2\repository\org\joml\joml\1.10.1\joml-1.10.1.jar;C:\Users\conno\.m2\repository\org\l33tlabs\twl\pngdecoder\1.0\pngdecoder-1.0.jar
Launcher Type: SUN_STANDARD

[Global flags]
     intx CICompilerCount                          = 12                                        {product} {ergonomic}
     uint ConcGCThreads                            = 3                                         {product} {ergonomic}
     uint G1ConcRefinementThreads                  = 13                                        {product} {ergonomic}
   size_t G1HeapRegionSize                         = 4194304                                   {product} {ergonomic}
    uintx GCDrainStackTargetSize                   = 64                                        {product} {ergonomic}
   size_t InitialHeapSize                          = 536870912                                 {product} {ergonomic}
   size_t MarkStackSize                            = 4194304                                   {product} {ergonomic}
   size_t MaxHeapSize                              = 8577351680                                {product} {ergonomic}
   size_t MaxNewSize                               = 5146411008                                {product} {ergonomic}
   size_t MinHeapDeltaBytes                        = 4194304                                   {product} {ergonomic}
   size_t MinHeapSize                              = 8388608                                   {product} {ergonomic}
    uintx NonNMethodCodeHeapSize                   = 7602480                                {pd product} {ergonomic}
    uintx NonProfiledCodeHeapSize                  = 122027880                              {pd product} {ergonomic}
    uintx ProfiledCodeHeapSize                     = 122027880                              {pd product} {ergonomic}
    uintx ReservedCodeCacheSize                    = 251658240                              {pd product} {ergonomic}
     bool SegmentedCodeCache                       = true                                      {product} {ergonomic}
   size_t SoftMaxHeapSize                          = 8577351680                             {manageable} {ergonomic}
     bool UseCompressedClassPointers               = true                           {product lp64_product} {ergonomic}
     bool UseCompressedOops                        = true                           {product lp64_product} {ergonomic}
     bool UseG1GC                                  = true                                      {product} {ergonomic}
     bool UseLargePagesIndividualAllocation        = false                                  {pd product} {ergonomic}

Logging:
Log output configuration:
 #0: stdout all=warning uptime,level,tags
 #1: stderr all=off uptime,level,tags

Environment Variables:
PATH=C:\Program Files\Common Files\Oracle\Java\javapath;C:\Program Files (x86)\Common Files\Oracle\Java\javapath;C:\Python39\Scripts\;C:\Python39\;C:\Windows\system32;C:\Windows;C:\Windows\System32\Wbem;C:\Windows\System32\WindowsPowerShell\v1.0\;C:\Program Files\NVIDIA Corporation\NVIDIA NvDLISR;C:\WINDOWS\system32;C:\WINDOWS;C:\WINDOWS\System32\Wbem;C:\WINDOWS\System32\WindowsPowerShell\v1.0\;C:\WINDOWS\System32\OpenSSH\;C:\Program Files (x86)\NVIDIA Corporation\PhysX\Common;C:\Program Files\Git\cmd;C:\Program Files\nodejs\;C:\ProgramData\chocolatey\bin;C:\Program Files\qemu;C:\Program Files\CMake\bin;C:\Users\conno\AppData\Local\Microsoft\WindowsApps;;C:\Users\conno\AppData\Local\Programs\Microsoft VS Code\bin;C:\Users\conno\AppData\Roaming\npm;C:\Program Files\JetBrains\IntelliJ IDEA Community Edition 2021.2\bin;
USERNAME=conno
OS=Windows_NT
PROCESSOR_IDENTIFIER=AMD64 Family 23 Model 113 Stepping 0, AuthenticAMD



---------------  S Y S T E M  ---------------

OS:
 Windows 10 , 64 bit Build 19041 (10.0.19041.1151)
OS uptime: 19 days 21:42 hours

CPU: total 16 (initial active 16) (16 cores per cpu, 2 threads per core) family 23 model 113 stepping 0 microcode 0x0, cx8, cmov, fxsr, ht, mmx, 3dnowpref, sse, sse2, sse3, ssse3, sse4a, sse4.1, sse4.2, popcnt, lzcnt, tsc, tscinvbit, avx, avx2, aes, clmul, bmi1, bmi2, adx, sha, fma, vzeroupper, clflush, clflushopt

Memory: 4k page, system-wide physical 32719M (22362M free)
TotalPageFile size 37583M (AvailPageFile size 22754M)
current process WorkingSet (physical memory assigned to process): 315M, peak: 330M
current process commit charge ("private bytes"): 759M, peak: 779M

vm_info: Java HotSpot(TM) 64-Bit Server VM (16.0.2+7-67) for windows-amd64 JRE (16.0.2+7-67), built on Jun  8 2021 23:24:19 by "mach5one" with MS VC++ 16.7 (VS2019)

END.
